[ 2016-11-04T09:33:53+08:00 ] 127.0.0.1 /admin
INFO: [ app_init ] --START--
INFO: Run Behavior\BuildLiteBehavior [ RunTime:0.000000s ]
INFO: [ app_init ] --END-- [ RunTime:0.001000s ]
INFO: [ app_begin ] --START--
INFO: Run Behavior\ReadHtmlCacheBehavior [ RunTime:0.001001s ]
INFO: [ app_begin ] --END-- [ RunTime:0.001001s ]

[ 2016-11-04T09:33:53+08:00 ] 127.0.0.1 /Admin/Public/login.html
INFO: [ app_init ] --START--
INFO: Run Behavior\BuildLiteBehavior [ RunTime:0.000000s ]
INFO: [ app_init ] --END-- [ RunTime:0.000000s ]
INFO: [ app_begin ] --START--
INFO: Run Behavior\ReadHtmlCacheBehavior [ RunTime:0.000000s ]
INFO: [ app_begin ] --END-- [ RunTime:0.000000s ]
INFO: [ view_parse ] --START--
INFO: [ template_filter ] --START--
INFO: Run Behavior\ContentReplaceBehavior [ RunTime:0.001000s ]
INFO: [ template_filter ] --END-- [ RunTime:0.001000s ]
NOTIC: [8] Use of undefined constant site_title - assumed 'site_title' E:\phpStudy\WWW\qcdk\Runtime\Cache\Admin\cd6ac5eddeb5b4cf3cbec5e98bef4d40.php 第 14 行.
NOTIC: [8] Use of undefined constant site_title - assumed 'site_title' E:\phpStudy\WWW\qcdk\Runtime\Cache\Admin\cd6ac5eddeb5b4cf3cbec5e98bef4d40.php 第 50 行.
INFO: Run Behavior\ParseTemplateBehavior [ RunTime:0.012001s ]
INFO: [ view_parse ] --END-- [ RunTime:0.012001s ]
INFO: [ view_filter ] --START--
INFO: Run Behavior\WriteHtmlCacheBehavior [ RunTime:0.001000s ]
INFO: [ view_filter ] --END-- [ RunTime:0.001000s ]
INFO: [ app_end ] --START--
INFO: Run Behavior\ShowPageTraceBehavior [ RunTime:0.000000s ]
INFO: [ app_end ] --END-- [ RunTime:0.000000s ]

[ 2016-11-04T09:33:53+08:00 ] 127.0.0.1 /Admin/Public/verify.html
INFO: [ app_init ] --START--
INFO: Run Behavior\BuildLiteBehavior [ RunTime:0.000000s ]
INFO: [ app_init ] --END-- [ RunTime:0.000000s ]
INFO: [ app_begin ] --START--
INFO: Run Behavior\ReadHtmlCacheBehavior [ RunTime:0.000000s ]
INFO: [ app_begin ] --END-- [ RunTime:0.000000s ]
INFO: [ app_end ] --START--
INFO: Run Behavior\ShowPageTraceBehavior [ RunTime:0.001000s ]
INFO: [ app_end ] --END-- [ RunTime:0.001000s ]

[ 2016-11-04T09:33:58+08:00 ] 127.0.0.1 /Admin/Public/checkLogin.html
INFO: [ app_init ] --START--
INFO: Run Behavior\BuildLiteBehavior [ RunTime:0.000000s ]
INFO: [ app_init ] --END-- [ RunTime:0.001001s ]
INFO: [ app_begin ] --START--
INFO: Run Behavior\ReadHtmlCacheBehavior [ RunTime:0.001000s ]
INFO: [ app_begin ] --END-- [ RunTime:0.001000s ]
SQL: SHOW COLUMNS FROM `qcdk_admin_user` [ RunTime:0.0050s ]
SQL: SELECT * FROM `qcdk_admin_user` WHERE `username` = 'admin' LIMIT 1   [ RunTime:0.0010s ]
SQL: UPDATE `qcdk_admin_user` SET `login_key`='a66b19dc0dc394a40bb0695e5ba23ccb' WHERE `id` = 1 [ RunTime:0.0090s ]
SQL: UPDATE `qcdk_admin_user` SET `last_login_time`='1478223238',`last_login_ip`='127.0.0.1',`login_count`=(login_count+1) WHERE `id` = 1 [ RunTime:0.0050s ]
SQL: SHOW COLUMNS FROM `qcdk_admin_log` [ RunTime:0.0120s ]
NOTIC: [8] Undefined index: validate E:\phpStudy\WWW\qcdk\Core\Library\Think\Model.class.php 第 1185 行.
NOTIC: [8] Undefined index: auto E:\phpStudy\WWW\qcdk\Core\Library\Think\Model.class.php 第 1128 行.
SQL: SHOW COLUMNS FROM `qcdk_admin_auth_group_access` [ RunTime:0.0050s ]
SQL: SELECT g.title FROM qcdk_admin_auth_group_access a INNER JOIN qcdk_admin_auth_group g ON a.group_id=g.id  WHERE a.uid = '1' LIMIT 1   [ RunTime:0.0020s ]
SQL: INSERT INTO `qcdk_admin_log` (`remark`,`action_status`,`action_id`,`action_group`,`action_user`,`action_ip`,`time`) VALUES ('登录后台','1','1','超级管理员','admin','127.0.0.1','1478223238') [ RunTime:0.0030s ]

[ 2016-11-04T09:34:00+08:00 ] 127.0.0.1 /Admin/Index/index.html
INFO: [ app_init ] --START--
INFO: Run Behavior\BuildLiteBehavior [ RunTime:0.000000s ]
INFO: [ app_init ] --END-- [ RunTime:0.001000s ]
INFO: [ app_begin ] --START--
INFO: Run Behavior\ReadHtmlCacheBehavior [ RunTime:0.000000s ]
INFO: [ app_begin ] --END-- [ RunTime:0.000000s ]
SQL: SHOW COLUMNS FROM `qcdk_admin_user` [ RunTime:0.0020s ]
SQL: SELECT * FROM `qcdk_admin_user` WHERE ( id=1 ) LIMIT 1   [ RunTime:0.0000s ]
SQL: SHOW COLUMNS FROM `qcdk_admin_auth_group_access` [ RunTime:0.0010s ]
SQL: SELECT g.title FROM qcdk_admin_auth_group_access a INNER JOIN qcdk_admin_auth_group g ON a.group_id=g.id  WHERE a.uid = 1 LIMIT 1   [ RunTime:0.0010s ]
SQL: SHOW COLUMNS FROM `qcdk_admin_auth_group_access` [ RunTime:0.0010s ]
SQL: SELECT `group_id` FROM `qcdk_admin_auth_group_access` WHERE ( uid=1 ) LIMIT 1   [ RunTime:0.0010s ]
SQL: SHOW COLUMNS FROM `qcdk_admin_auth_group` [ RunTime:0.0010s ]
SQL: SELECT `rules` FROM `qcdk_admin_auth_group` WHERE ( id =1 ) LIMIT 1   [ RunTime:0.0000s ]
SQL: SHOW COLUMNS FROM `qcdk_admin_auth_rule` [ RunTime:0.0030s ]
SQL: SELECT * FROM `qcdk_admin_auth_rule` WHERE `status` = 1 ORDER BY sort asc  [ RunTime:0.0000s ]
NOTIC: [8] Undefined index: leve E:\phpStudy\WWW\qcdk\Application\Common\Controller\ABaseController.class.php 第 100 行.
INFO: [ view_parse ] --START--
INFO: [ template_filter ] --START--
INFO: Run Behavior\ContentReplaceBehavior [ RunTime:0.000000s ]
INFO: [ template_filter ] --END-- [ RunTime:0.000000s ]
NOTIC: [8] Use of undefined constant site_title - assumed 'site_title' E:\phpStudy\WWW\qcdk\Runtime\Cache\Admin\f2ec704c1aec4335c2b01d3121784421.php 第 9 行.
NOTIC: [8] Undefined index: css E:\phpStudy\WWW\qcdk\Runtime\Cache\Admin\f2ec704c1aec4335c2b01d3121784421.php 第 45 行.
NOTIC: [8] Undefined index: css E:\phpStudy\WWW\qcdk\Runtime\Cache\Admin\f2ec704c1aec4335c2b01d3121784421.php 第 45 行.
NOTIC: [8] Undefined index: css E:\phpStudy\WWW\qcdk\Runtime\Cache\Admin\f2ec704c1aec4335c2b01d3121784421.php 第 45 行.
NOTIC: [8] Undefined variable: smsNum E:\phpStudy\WWW\qcdk\Runtime\Cache\Admin\f2ec704c1aec4335c2b01d3121784421.php 第 91 行.
NOTIC: [8] Undefined variable: smsNum E:\phpStudy\WWW\qcdk\Runtime\Cache\Admin\f2ec704c1aec4335c2b01d3121784421.php 第 91 行.
INFO: Run Behavior\ParseTemplateBehavior [ RunTime:0.009001s ]
INFO: [ view_parse ] --END-- [ RunTime:0.009001s ]
INFO: [ view_filter ] --START--
INFO: Run Behavior\WriteHtmlCacheBehavior [ RunTime:0.001000s ]
INFO: [ view_filter ] --END-- [ RunTime:0.001000s ]
INFO: [ app_end ] --START--
INFO: Run Behavior\ShowPageTraceBehavior [ RunTime:0.000000s ]
INFO: [ app_end ] --END-- [ RunTime:0.000000s ]

[ 2016-11-04T09:37:44+08:00 ] 127.0.0.1 /Admin/Depart/index/pid/31.html
INFO: [ app_init ] --START--
INFO: Run Behavior\BuildLiteBehavior [ RunTime:0.000000s ]
INFO: [ app_init ] --END-- [ RunTime:0.001000s ]
INFO: [ app_begin ] --START--
INFO: Run Behavior\ReadHtmlCacheBehavior [ RunTime:0.001000s ]
INFO: [ app_begin ] --END-- [ RunTime:0.002000s ]
SQL: SHOW COLUMNS FROM `qcdk_admin_user` [ RunTime:0.0020s ]
SQL: SELECT * FROM `qcdk_admin_user` WHERE ( id=1 ) LIMIT 1   [ RunTime:0.0000s ]
SQL: SHOW COLUMNS FROM `qcdk_admin_auth_group_access` [ RunTime:0.0020s ]
SQL: SELECT g.title FROM qcdk_admin_auth_group_access a INNER JOIN qcdk_admin_auth_group g ON a.group_id=g.id  WHERE a.uid = 1 LIMIT 1   [ RunTime:0.0010s ]
SQL: SHOW COLUMNS FROM `qcdk_admin_auth_group_access` [ RunTime:0.0020s ]
SQL: SELECT `group_id` FROM `qcdk_admin_auth_group_access` WHERE ( uid=1 ) LIMIT 1   [ RunTime:0.0000s ]
SQL: SHOW COLUMNS FROM `qcdk_admin_auth_group` [ RunTime:0.0020s ]
SQL: SELECT `rules` FROM `qcdk_admin_auth_group` WHERE ( id =1 ) LIMIT 1   [ RunTime:0.0000s ]
SQL: SHOW COLUMNS FROM `qcdk_admin_auth_rule` [ RunTime:0.0020s ]
SQL: SELECT * FROM `qcdk_admin_auth_rule` WHERE `status` = 1 ORDER BY sort asc  [ RunTime:0.0000s ]
NOTIC: [8] Undefined index: leve E:\phpStudy\WWW\qcdk\Application\Common\Controller\ABaseController.class.php 第 100 行.
NOTIC: [8] Undefined index: leve E:\phpStudy\WWW\qcdk\Application\Common\Controller\ABaseController.class.php 第 100 行.
NOTIC: [8] Undefined index: leve E:\phpStudy\WWW\qcdk\Application\Common\Controller\ABaseController.class.php 第 100 行.
NOTIC: [8] Undefined index: leve E:\phpStudy\WWW\qcdk\Application\Common\Controller\ABaseController.class.php 第 100 行.
SQL: SHOW COLUMNS FROM `qcdk_depart` [ RunTime:0.0020s ]
NOTIC: [2] Invalid argument supplied for foreach() E:\phpStudy\WWW\qcdk\Core\Library\Think\Db\Driver.class.php 第 504 行.
SQL: SELECT COUNT(*) AS tp_count FROM `qcdk_depart` LIMIT 1   [ RunTime:0.0000s ]
NOTIC: [2] Invalid argument supplied for foreach() E:\phpStudy\WWW\qcdk\Core\Library\Think\Db\Driver.class.php 第 504 行.
SQL: SELECT * FROM `qcdk_depart` ORDER BY orders asc LIMIT 0,15   [ RunTime:0.0000s ]
INFO: [ view_parse ] --START--
INFO: [ template_filter ] --START--
INFO: Run Behavior\ContentReplaceBehavior [ RunTime:0.000000s ]
INFO: [ template_filter ] --END-- [ RunTime:0.000000s ]
NOTIC: [8] Use of undefined constant site_title - assumed 'site_title' E:\phpStudy\WWW\qcdk\Runtime\Cache\Admin\b0bf62b9e1b96b4d293aaf8c99a4d105.php 第 9 行.
NOTIC: [8] Undefined index: css E:\phpStudy\WWW\qcdk\Runtime\Cache\Admin\b0bf62b9e1b96b4d293aaf8c99a4d105.php 第 45 行.
NOTIC: [8] Undefined index: css E:\phpStudy\WWW\qcdk\Runtime\Cache\Admin\b0bf62b9e1b96b4d293aaf8c99a4d105.php 第 48 行.
NOTIC: [8] Undefined index: css E:\phpStudy\WWW\qcdk\Runtime\Cache\Admin\b0bf62b9e1b96b4d293aaf8c99a4d105.php 第 48 行.
NOTIC: [8] Undefined index: css E:\phpStudy\WWW\qcdk\Runtime\Cache\Admin\b0bf62b9e1b96b4d293aaf8c99a4d105.php 第 48 行.
NOTIC: [8] Undefined index: css E:\phpStudy\WWW\qcdk\Runtime\Cache\Admin\b0bf62b9e1b96b4d293aaf8c99a4d105.php 第 48 行.
NOTIC: [8] Undefined index: css E:\phpStudy\WWW\qcdk\Runtime\Cache\Admin\b0bf62b9e1b96b4d293aaf8c99a4d105.php 第 48 行.
NOTIC: [8] Undefined index: css E:\phpStudy\WWW\qcdk\Runtime\Cache\Admin\b0bf62b9e1b96b4d293aaf8c99a4d105.php 第 48 行.
NOTIC: [8] Undefined index: css E:\phpStudy\WWW\qcdk\Runtime\Cache\Admin\b0bf62b9e1b96b4d293aaf8c99a4d105.php 第 45 行.
NOTIC: [8] Undefined index: css E:\phpStudy\WWW\qcdk\Runtime\Cache\Admin\b0bf62b9e1b96b4d293aaf8c99a4d105.php 第 48 行.
NOTIC: [8] Undefined index: css E:\phpStudy\WWW\qcdk\Runtime\Cache\Admin\b0bf62b9e1b96b4d293aaf8c99a4d105.php 第 48 行.
NOTIC: [8] Undefined index: css E:\phpStudy\WWW\qcdk\Runtime\Cache\Admin\b0bf62b9e1b96b4d293aaf8c99a4d105.php 第 48 行.
NOTIC: [8] Undefined index: css E:\phpStudy\WWW\qcdk\Runtime\Cache\Admin\b0bf62b9e1b96b4d293aaf8c99a4d105.php 第 45 行.
NOTIC: [8] Undefined index: css E:\phpStudy\WWW\qcdk\Runtime\Cache\Admin\b0bf62b9e1b96b4d293aaf8c99a4d105.php 第 48 行.
NOTIC: [8] Undefined index: css E:\phpStudy\WWW\qcdk\Runtime\Cache\Admin\b0bf62b9e1b96b4d293aaf8c99a4d105.php 第 48 行.
NOTIC: [8] Undefined index: css E:\phpStudy\WWW\qcdk\Runtime\Cache\Admin\b0bf62b9e1b96b4d293aaf8c99a4d105.php 第 48 行.
INFO: Run Behavior\ParseTemplateBehavior [ RunTime:0.011001s ]
INFO: [ view_parse ] --END-- [ RunTime:0.011001s ]
INFO: [ view_filter ] --START--
INFO: Run Behavior\WriteHtmlCacheBehavior [ RunTime:0.000000s ]
INFO: [ view_filter ] --END-- [ RunTime:0.000000s ]
INFO: [ app_end ] --START--
INFO: Run Behavior\ShowPageTraceBehavior [ RunTime:0.001000s ]
INFO: [ app_end ] --END-- [ RunTime:0.001000s ]

[ 2016-11-04T09:49:27+08:00 ] 127.0.0.1 /admin/Depart/order.html
INFO: [ app_init ] --START--
INFO: Run Behavior\BuildLiteBehavior [ RunTime:0.000000s ]
INFO: [ app_init ] --END-- [ RunTime:0.001000s ]
INFO: [ app_begin ] --START--
INFO: Run Behavior\ReadHtmlCacheBehavior [ RunTime:0.001000s ]
INFO: [ app_begin ] --END-- [ RunTime:0.002000s ]
SQL: SHOW COLUMNS FROM `qcdk_admin_user` [ RunTime:0.0030s ]
SQL: SELECT * FROM `qcdk_admin_user` WHERE ( id=1 ) LIMIT 1   [ RunTime:0.0010s ]
SQL: SHOW COLUMNS FROM `qcdk_admin_auth_group_access` [ RunTime:0.0010s ]
SQL: SELECT g.title FROM qcdk_admin_auth_group_access a INNER JOIN qcdk_admin_auth_group g ON a.group_id=g.id  WHERE a.uid = 1 LIMIT 1   [ RunTime:0.0000s ]
SQL: SHOW COLUMNS FROM `qcdk_admin_auth_group_access` [ RunTime:0.0020s ]
SQL: SELECT `group_id` FROM `qcdk_admin_auth_group_access` WHERE ( uid=1 ) LIMIT 1   [ RunTime:0.0000s ]
SQL: SHOW COLUMNS FROM `qcdk_admin_auth_group` [ RunTime:0.0020s ]
SQL: SELECT `rules` FROM `qcdk_admin_auth_group` WHERE ( id =1 ) LIMIT 1   [ RunTime:0.0000s ]
SQL: SHOW COLUMNS FROM `qcdk_admin_auth_rule` [ RunTime:0.0020s ]
SQL: SELECT * FROM `qcdk_admin_auth_rule` WHERE `status` = 1 ORDER BY sort asc  [ RunTime:0.0000s ]
NOTIC: [8] Undefined index: leve E:\phpStudy\WWW\qcdk\Application\Common\Controller\ABaseController.class.php 第 100 行.
SQL: SHOW COLUMNS FROM `qcdk_depart` [ RunTime:0.0020s ]
SQL: UPDATE `qcdk_depart` SET `orders`='6' WHERE ( `id` = 1  ) [ RunTime:0.0010s ]
SQL: UPDATE `qcdk_depart` SET `orders`='7' WHERE ( `id` = 1 AND `id` = 2  ) [ RunTime:0.0000s ]
SQL: UPDATE `qcdk_depart` SET `orders`='8' WHERE ( `id` = 1 AND `id` = 2 AND `id` = 3  ) [ RunTime:0.0010s ]
SQL: UPDATE `qcdk_depart` SET `orders`='5' WHERE ( `id` = 1 AND `id` = 2 AND `id` = 3 AND `id` = 4  ) [ RunTime:0.0000s ]
SQL: UPDATE `qcdk_depart` SET `orders`='54' WHERE ( `id` = 1 AND `id` = 2 AND `id` = 3 AND `id` = 4 AND `id` = 12  ) [ RunTime:0.0000s ]
SQL: UPDATE `qcdk_depart` SET `orders`='11' WHERE ( `id` = 1 AND `id` = 2 AND `id` = 3 AND `id` = 4 AND `id` = 12 AND `id` = 13  ) [ RunTime:0.0000s ]
SQL: UPDATE `qcdk_depart` SET `orders`='10' WHERE ( `id` = 1 AND `id` = 2 AND `id` = 3 AND `id` = 4 AND `id` = 12 AND `id` = 13 AND `id` = 14  ) [ RunTime:0.0000s ]
SQL: UPDATE `qcdk_depart` SET `orders`='9' WHERE ( `id` = 1 AND `id` = 2 AND `id` = 3 AND `id` = 4 AND `id` = 12 AND `id` = 13 AND `id` = 14 AND `id` = 15  ) [ RunTime:0.0000s ]
SQL: UPDATE `qcdk_depart` SET `orders`='1' WHERE ( `id` = 1 AND `id` = 2 AND `id` = 3 AND `id` = 4 AND `id` = 12 AND `id` = 13 AND `id` = 14 AND `id` = 15 AND `id` = 18  ) [ RunTime:0.0000s ]
SQL: UPDATE `qcdk_depart` SET `orders`='2' WHERE ( `id` = 1 AND `id` = 2 AND `id` = 3 AND `id` = 4 AND `id` = 12 AND `id` = 13 AND `id` = 14 AND `id` = 15 AND `id` = 18 AND `id` = 19  ) [ RunTime:0.0000s ]
SQL: UPDATE `qcdk_depart` SET `orders`='4' WHERE ( `id` = 1 AND `id` = 2 AND `id` = 3 AND `id` = 4 AND `id` = 12 AND `id` = 13 AND `id` = 14 AND `id` = 15 AND `id` = 18 AND `id` = 19 AND `id` = 20  ) [ RunTime:0.0000s ]

[ 2016-11-04T09:49:29+08:00 ] 127.0.0.1 /Admin/Depart/index/pid/31.html
INFO: [ app_init ] --START--
INFO: Run Behavior\BuildLiteBehavior [ RunTime:0.000000s ]
INFO: [ app_init ] --END-- [ RunTime:0.001000s ]
INFO: [ app_begin ] --START--
INFO: Run Behavior\ReadHtmlCacheBehavior [ RunTime:0.001000s ]
INFO: [ app_begin ] --END-- [ RunTime:0.001000s ]
SQL: SHOW COLUMNS FROM `qcdk_admin_user` [ RunTime:0.0020s ]
SQL: SELECT * FROM `qcdk_admin_user` WHERE ( id=1 ) LIMIT 1   [ RunTime:0.0000s ]
SQL: SHOW COLUMNS FROM `qcdk_admin_auth_group_access` [ RunTime:0.0020s ]
SQL: SELECT g.title FROM qcdk_admin_auth_group_access a INNER JOIN qcdk_admin_auth_group g ON a.group_id=g.id  WHERE a.uid = 1 LIMIT 1   [ RunTime:0.0000s ]
SQL: SHOW COLUMNS FROM `qcdk_admin_auth_group_access` [ RunTime:0.0020s ]
SQL: SELECT `group_id` FROM `qcdk_admin_auth_group_access` WHERE ( uid=1 ) LIMIT 1   [ RunTime:0.0000s ]
SQL: SHOW COLUMNS FROM `qcdk_admin_auth_group` [ RunTime:0.0020s ]
SQL: SELECT `rules` FROM `qcdk_admin_auth_group` WHERE ( id =1 ) LIMIT 1   [ RunTime:0.0000s ]
SQL: SHOW COLUMNS FROM `qcdk_admin_auth_rule` [ RunTime:0.0020s ]
SQL: SELECT * FROM `qcdk_admin_auth_rule` WHERE `status` = 1 ORDER BY sort asc  [ RunTime:0.0000s ]
NOTIC: [8] Undefined index: leve E:\phpStudy\WWW\qcdk\Application\Common\Controller\ABaseController.class.php 第 100 行.
NOTIC: [8] Undefined index: leve E:\phpStudy\WWW\qcdk\Application\Common\Controller\ABaseController.class.php 第 100 行.
NOTIC: [8] Undefined index: leve E:\phpStudy\WWW\qcdk\Application\Common\Controller\ABaseController.class.php 第 100 行.
NOTIC: [8] Undefined index: leve E:\phpStudy\WWW\qcdk\Application\Common\Controller\ABaseController.class.php 第 100 行.
SQL: SHOW COLUMNS FROM `qcdk_depart` [ RunTime:0.0010s ]
NOTIC: [2] Invalid argument supplied for foreach() E:\phpStudy\WWW\qcdk\Core\Library\Think\Db\Driver.class.php 第 504 行.
SQL: SELECT COUNT(*) AS tp_count FROM `qcdk_depart` LIMIT 1   [ RunTime:0.0010s ]
NOTIC: [2] Invalid argument supplied for foreach() E:\phpStudy\WWW\qcdk\Core\Library\Think\Db\Driver.class.php 第 504 行.
SQL: SELECT * FROM `qcdk_depart` ORDER BY orders asc LIMIT 0,15   [ RunTime:0.0000s ]
INFO: [ view_parse ] --START--
INFO: [ template_filter ] --START--
INFO: Run Behavior\ContentReplaceBehavior [ RunTime:0.000000s ]
INFO: [ template_filter ] --END-- [ RunTime:0.000000s ]
NOTIC: [8] Use of undefined constant site_title - assumed 'site_title' E:\phpStudy\WWW\qcdk\Runtime\Cache\Admin\b0bf62b9e1b96b4d293aaf8c99a4d105.php 第 9 行.
NOTIC: [8] Undefined index: css E:\phpStudy\WWW\qcdk\Runtime\Cache\Admin\b0bf62b9e1b96b4d293aaf8c99a4d105.php 第 45 行.
NOTIC: [8] Undefined index: css E:\phpStudy\WWW\qcdk\Runtime\Cache\Admin\b0bf62b9e1b96b4d293aaf8c99a4d105.php 第 48 行.
NOTIC: [8] Undefined index: css E:\phpStudy\WWW\qcdk\Runtime\Cache\Admin\b0bf62b9e1b96b4d293aaf8c99a4d105.php 第 48 行.
NOTIC: [8] Undefined index: css E:\phpStudy\WWW\qcdk\Runtime\Cache\Admin\b0bf62b9e1b96b4d293aaf8c99a4d105.php 第 48 行.
NOTIC: [8] Undefined index: css E:\phpStudy\WWW\qcdk\Runtime\Cache\Admin\b0bf62b9e1b96b4d293aaf8c99a4d105.php 第 48 行.
NOTIC: [8] Undefined index: css E:\phpStudy\WWW\qcdk\Runtime\Cache\Admin\b0bf62b9e1b96b4d293aaf8c99a4d105.php 第 48 行.
NOTIC: [8] Undefined index: css E:\phpStudy\WWW\qcdk\Runtime\Cache\Admin\b0bf62b9e1b96b4d293aaf8c99a4d105.php 第 48 行.
NOTIC: [8] Undefined index: css E:\phpStudy\WWW\qcdk\Runtime\Cache\Admin\b0bf62b9e1b96b4d293aaf8c99a4d105.php 第 45 行.
NOTIC: [8] Undefined index: css E:\phpStudy\WWW\qcdk\Runtime\Cache\Admin\b0bf62b9e1b96b4d293aaf8c99a4d105.php 第 48 行.
NOTIC: [8] Undefined index: css E:\phpStudy\WWW\qcdk\Runtime\Cache\Admin\b0bf62b9e1b96b4d293aaf8c99a4d105.php 第 48 行.
NOTIC: [8] Undefined index: css E:\phpStudy\WWW\qcdk\Runtime\Cache\Admin\b0bf62b9e1b96b4d293aaf8c99a4d105.php 第 48 行.
NOTIC: [8] Undefined index: css E:\phpStudy\WWW\qcdk\Runtime\Cache\Admin\b0bf62b9e1b96b4d293aaf8c99a4d105.php 第 45 行.
NOTIC: [8] Undefined index: css E:\phpStudy\WWW\qcdk\Runtime\Cache\Admin\b0bf62b9e1b96b4d293aaf8c99a4d105.php 第 48 行.
NOTIC: [8] Undefined index: css E:\phpStudy\WWW\qcdk\Runtime\Cache\Admin\b0bf62b9e1b96b4d293aaf8c99a4d105.php 第 48 行.
NOTIC: [8] Undefined index: css E:\phpStudy\WWW\qcdk\Runtime\Cache\Admin\b0bf62b9e1b96b4d293aaf8c99a4d105.php 第 48 行.
INFO: Run Behavior\ParseTemplateBehavior [ RunTime:0.017001s ]
INFO: [ view_parse ] --END-- [ RunTime:0.017001s ]
INFO: [ view_filter ] --START--
INFO: Run Behavior\WriteHtmlCacheBehavior [ RunTime:0.000000s ]
INFO: [ view_filter ] --END-- [ RunTime:0.000000s ]
INFO: [ app_end ] --START--
INFO: Run Behavior\ShowPageTraceBehavior [ RunTime:0.001000s ]
INFO: [ app_end ] --END-- [ RunTime:0.001000s ]

