[ 2016-11-01T09:42:57+08:00 ] 127.0.0.1 /admin
INFO: [ app_init ] --START--
INFO: Run Behavior\BuildLiteBehavior [ RunTime:0.000000s ]
INFO: [ app_init ] --END-- [ RunTime:0.001000s ]
INFO: [ app_begin ] --START--
INFO: Run Behavior\ReadHtmlCacheBehavior [ RunTime:0.001000s ]
INFO: [ app_begin ] --END-- [ RunTime:0.001000s ]

[ 2016-11-01T09:42:57+08:00 ] 127.0.0.1 /Admin/Public/login.html
INFO: [ app_init ] --START--
INFO: Run Behavior\BuildLiteBehavior [ RunTime:0.000000s ]
INFO: [ app_init ] --END-- [ RunTime:0.001000s ]
INFO: [ app_begin ] --START--
INFO: Run Behavior\ReadHtmlCacheBehavior [ RunTime:0.000000s ]
INFO: [ app_begin ] --END-- [ RunTime:0.000000s ]
INFO: [ view_parse ] --START--
INFO: [ template_filter ] --START--
INFO: Run Behavior\ContentReplaceBehavior [ RunTime:0.001000s ]
INFO: [ template_filter ] --END-- [ RunTime:0.001000s ]
NOTIC: [8] Use of undefined constant site_title - assumed 'site_title' E:\phpStudy\WWW\qcdk\Runtime\Cache\Admin\cd6ac5eddeb5b4cf3cbec5e98bef4d40.php 第 14 行.
NOTIC: [8] Use of undefined constant site_title - assumed 'site_title' E:\phpStudy\WWW\qcdk\Runtime\Cache\Admin\cd6ac5eddeb5b4cf3cbec5e98bef4d40.php 第 50 行.
INFO: Run Behavior\ParseTemplateBehavior [ RunTime:0.011001s ]
INFO: [ view_parse ] --END-- [ RunTime:0.011001s ]
INFO: [ view_filter ] --START--
INFO: Run Behavior\WriteHtmlCacheBehavior [ RunTime:0.000000s ]
INFO: [ view_filter ] --END-- [ RunTime:0.000000s ]
INFO: [ app_end ] --START--
INFO: Run Behavior\ShowPageTraceBehavior [ RunTime:0.001000s ]
INFO: [ app_end ] --END-- [ RunTime:0.001000s ]

[ 2016-11-01T09:42:57+08:00 ] 127.0.0.1 /Admin/Public/verify.html
INFO: [ app_init ] --START--
INFO: Run Behavior\BuildLiteBehavior [ RunTime:0.000000s ]
INFO: [ app_init ] --END-- [ RunTime:0.000000s ]
INFO: [ app_begin ] --START--
INFO: Run Behavior\ReadHtmlCacheBehavior [ RunTime:0.000000s ]
INFO: [ app_begin ] --END-- [ RunTime:0.000000s ]
INFO: [ app_end ] --START--
INFO: Run Behavior\ShowPageTraceBehavior [ RunTime:0.000000s ]
INFO: [ app_end ] --END-- [ RunTime:0.000000s ]

[ 2016-11-01T09:43:03+08:00 ] 127.0.0.1 /Admin/Public/checkLogin.html
INFO: [ app_init ] --START--
INFO: Run Behavior\BuildLiteBehavior [ RunTime:0.000000s ]
INFO: [ app_init ] --END-- [ RunTime:0.001000s ]
INFO: [ app_begin ] --START--
INFO: Run Behavior\ReadHtmlCacheBehavior [ RunTime:0.001000s ]
INFO: [ app_begin ] --END-- [ RunTime:0.001000s ]
SQL: SHOW COLUMNS FROM `qcdk_admin_user` [ RunTime:0.0290s ]
SQL: SELECT * FROM `qcdk_admin_user` WHERE `username` = 'admin' LIMIT 1   [ RunTime:0.0030s ]
SQL: UPDATE `qcdk_admin_user` SET `login_key`='a66b19dc0dc394a40bb0695e5ba23ccb' WHERE `id` = 1 [ RunTime:0.0050s ]
SQL: UPDATE `qcdk_admin_user` SET `last_login_time`='1477964583',`last_login_ip`='127.0.0.1',`login_count`=(login_count+1) WHERE `id` = 1 [ RunTime:0.0030s ]
SQL: SHOW COLUMNS FROM `qcdk_admin_log` [ RunTime:0.0110s ]
NOTIC: [8] Undefined index: validate E:\phpStudy\WWW\qcdk\Core\Library\Think\Model.class.php 第 1185 行.
NOTIC: [8] Undefined index: auto E:\phpStudy\WWW\qcdk\Core\Library\Think\Model.class.php 第 1128 行.
SQL: SHOW COLUMNS FROM `qcdk_admin_auth_group_access` [ RunTime:0.0050s ]
SQL: SELECT g.title FROM qcdk_admin_auth_group_access a INNER JOIN qcdk_admin_auth_group g ON a.group_id=g.id  WHERE a.uid = '1' LIMIT 1   [ RunTime:0.0020s ]
SQL: INSERT INTO `qcdk_admin_log` (`remark`,`action_status`,`action_id`,`action_group`,`action_user`,`action_ip`,`time`) VALUES ('登录后台','1','1','超级管理员','admin','127.0.0.1','1477964583') [ RunTime:0.0040s ]

[ 2016-11-01T09:43:05+08:00 ] 127.0.0.1 /Admin/Index/index.html
INFO: [ app_init ] --START--
INFO: Run Behavior\BuildLiteBehavior [ RunTime:0.000000s ]
INFO: [ app_init ] --END-- [ RunTime:0.000000s ]
INFO: [ app_begin ] --START--
INFO: Run Behavior\ReadHtmlCacheBehavior [ RunTime:0.001000s ]
INFO: [ app_begin ] --END-- [ RunTime:0.001000s ]
SQL: SHOW COLUMNS FROM `qcdk_admin_user` [ RunTime:0.0030s ]
SQL: SELECT * FROM `qcdk_admin_user` WHERE ( id=1 ) LIMIT 1   [ RunTime:0.0000s ]
SQL: SHOW COLUMNS FROM `qcdk_admin_auth_group_access` [ RunTime:0.0020s ]
SQL: SELECT g.title FROM qcdk_admin_auth_group_access a INNER JOIN qcdk_admin_auth_group g ON a.group_id=g.id  WHERE a.uid = 1 LIMIT 1   [ RunTime:0.0000s ]
SQL: SHOW COLUMNS FROM `qcdk_admin_auth_group_access` [ RunTime:0.0020s ]
SQL: SELECT `group_id` FROM `qcdk_admin_auth_group_access` WHERE ( uid=1 ) LIMIT 1   [ RunTime:0.0000s ]
SQL: SHOW COLUMNS FROM `qcdk_admin_auth_group` [ RunTime:0.0020s ]
SQL: SELECT `rules` FROM `qcdk_admin_auth_group` WHERE ( id =1 ) LIMIT 1   [ RunTime:0.0000s ]
SQL: SHOW COLUMNS FROM `qcdk_admin_auth_rule` [ RunTime:0.0030s ]
SQL: SELECT * FROM `qcdk_admin_auth_rule` WHERE `status` = 1 ORDER BY sort asc  [ RunTime:0.0000s ]
NOTIC: [8] Undefined index: leve E:\phpStudy\WWW\qcdk\Application\Common\Controller\ABaseController.class.php 第 100 行.
INFO: [ view_parse ] --START--
INFO: [ template_filter ] --START--
INFO: Run Behavior\ContentReplaceBehavior [ RunTime:0.000000s ]
INFO: [ template_filter ] --END-- [ RunTime:0.000000s ]
NOTIC: [8] Use of undefined constant site_title - assumed 'site_title' E:\phpStudy\WWW\qcdk\Runtime\Cache\Admin\f2ec704c1aec4335c2b01d3121784421.php 第 9 行.
NOTIC: [8] Undefined index: css E:\phpStudy\WWW\qcdk\Runtime\Cache\Admin\f2ec704c1aec4335c2b01d3121784421.php 第 45 行.
NOTIC: [8] Undefined index: css E:\phpStudy\WWW\qcdk\Runtime\Cache\Admin\f2ec704c1aec4335c2b01d3121784421.php 第 45 行.
NOTIC: [8] Undefined index: css E:\phpStudy\WWW\qcdk\Runtime\Cache\Admin\f2ec704c1aec4335c2b01d3121784421.php 第 45 行.
NOTIC: [8] Undefined variable: smsNum E:\phpStudy\WWW\qcdk\Runtime\Cache\Admin\f2ec704c1aec4335c2b01d3121784421.php 第 91 行.
NOTIC: [8] Undefined variable: smsNum E:\phpStudy\WWW\qcdk\Runtime\Cache\Admin\f2ec704c1aec4335c2b01d3121784421.php 第 91 行.
INFO: Run Behavior\ParseTemplateBehavior [ RunTime:0.009001s ]
INFO: [ view_parse ] --END-- [ RunTime:0.009001s ]
INFO: [ view_filter ] --START--
INFO: Run Behavior\WriteHtmlCacheBehavior [ RunTime:0.000000s ]
INFO: [ view_filter ] --END-- [ RunTime:0.000000s ]
INFO: [ app_end ] --START--
INFO: Run Behavior\ShowPageTraceBehavior [ RunTime:0.001000s ]
INFO: [ app_end ] --END-- [ RunTime:0.001000s ]

[ 2016-11-01T09:43:07+08:00 ] 127.0.0.1 /Admin/System/index/pid/7.html
INFO: [ app_init ] --START--
INFO: Run Behavior\BuildLiteBehavior [ RunTime:0.000000s ]
INFO: [ app_init ] --END-- [ RunTime:0.002000s ]
INFO: [ app_begin ] --START--
INFO: Run Behavior\ReadHtmlCacheBehavior [ RunTime:0.000000s ]
INFO: [ app_begin ] --END-- [ RunTime:0.000000s ]
SQL: SHOW COLUMNS FROM `qcdk_admin_user` [ RunTime:0.0020s ]
SQL: SELECT * FROM `qcdk_admin_user` WHERE ( id=1 ) LIMIT 1   [ RunTime:0.0000s ]
SQL: SHOW COLUMNS FROM `qcdk_admin_auth_group_access` [ RunTime:0.0020s ]
SQL: SELECT g.title FROM qcdk_admin_auth_group_access a INNER JOIN qcdk_admin_auth_group g ON a.group_id=g.id  WHERE a.uid = 1 LIMIT 1   [ RunTime:0.0000s ]
SQL: SHOW COLUMNS FROM `qcdk_admin_auth_group_access` [ RunTime:0.0010s ]
SQL: SELECT `group_id` FROM `qcdk_admin_auth_group_access` WHERE ( uid=1 ) LIMIT 1   [ RunTime:0.0010s ]
SQL: SHOW COLUMNS FROM `qcdk_admin_auth_group` [ RunTime:0.0010s ]
SQL: SELECT `rules` FROM `qcdk_admin_auth_group` WHERE ( id =1 ) LIMIT 1   [ RunTime:0.0010s ]
SQL: SHOW COLUMNS FROM `qcdk_admin_auth_rule` [ RunTime:0.0020s ]
SQL: SELECT * FROM `qcdk_admin_auth_rule` WHERE `status` = 1 ORDER BY sort asc  [ RunTime:0.0010s ]
NOTIC: [8] Undefined index: leve E:\phpStudy\WWW\qcdk\Application\Common\Controller\ABaseController.class.php 第 100 行.
SQL: SHOW COLUMNS FROM `qcdk_scene` [ RunTime:0.0040s ]
SQL: SELECT * FROM `qcdk_scene` WHERE `status` = 1  [ RunTime:0.0000s ]
INFO: [ view_parse ] --START--
INFO: [ template_filter ] --START--
INFO: Run Behavior\ContentReplaceBehavior [ RunTime:0.001001s ]
INFO: [ template_filter ] --END-- [ RunTime:0.001001s ]
NOTIC: [8] Use of undefined constant site_title - assumed 'site_title' E:\phpStudy\WWW\qcdk\Runtime\Cache\Admin\c81c7033f1fa0118d4abf4f06348c6bc.php 第 9 行.
NOTIC: [8] Undefined index: css E:\phpStudy\WWW\qcdk\Runtime\Cache\Admin\c81c7033f1fa0118d4abf4f06348c6bc.php 第 45 行.
NOTIC: [8] Undefined index: css E:\phpStudy\WWW\qcdk\Runtime\Cache\Admin\c81c7033f1fa0118d4abf4f06348c6bc.php 第 45 行.
NOTIC: [8] Undefined index: css E:\phpStudy\WWW\qcdk\Runtime\Cache\Admin\c81c7033f1fa0118d4abf4f06348c6bc.php 第 45 行.
INFO: Run Behavior\ParseTemplateBehavior [ RunTime:0.016001s ]
INFO: [ view_parse ] --END-- [ RunTime:0.016001s ]
INFO: [ view_filter ] --START--
INFO: Run Behavior\WriteHtmlCacheBehavior [ RunTime:0.000000s ]
INFO: [ view_filter ] --END-- [ RunTime:0.000000s ]
INFO: [ app_end ] --START--
INFO: Run Behavior\ShowPageTraceBehavior [ RunTime:0.001000s ]
INFO: [ app_end ] --END-- [ RunTime:0.001000s ]

[ 2016-11-01T09:43:09+08:00 ] 127.0.0.1 /Admin/Depart/index/pid/31.html
INFO: [ app_init ] --START--
INFO: Run Behavior\BuildLiteBehavior [ RunTime:0.000000s ]
INFO: [ app_init ] --END-- [ RunTime:0.001000s ]
INFO: [ app_begin ] --START--
INFO: Run Behavior\ReadHtmlCacheBehavior [ RunTime:0.001000s ]
INFO: [ app_begin ] --END-- [ RunTime:0.001000s ]
SQL: SHOW COLUMNS FROM `qcdk_admin_user` [ RunTime:0.0020s ]
SQL: SELECT * FROM `qcdk_admin_user` WHERE ( id=1 ) LIMIT 1   [ RunTime:0.0000s ]
SQL: SHOW COLUMNS FROM `qcdk_admin_auth_group_access` [ RunTime:0.0040s ]
SQL: SELECT g.title FROM qcdk_admin_auth_group_access a INNER JOIN qcdk_admin_auth_group g ON a.group_id=g.id  WHERE a.uid = 1 LIMIT 1   [ RunTime:0.0000s ]
SQL: SHOW COLUMNS FROM `qcdk_admin_auth_group_access` [ RunTime:0.0020s ]
SQL: SELECT `group_id` FROM `qcdk_admin_auth_group_access` WHERE ( uid=1 ) LIMIT 1   [ RunTime:0.0010s ]
SQL: SHOW COLUMNS FROM `qcdk_admin_auth_group` [ RunTime:0.0020s ]
SQL: SELECT `rules` FROM `qcdk_admin_auth_group` WHERE ( id =1 ) LIMIT 1   [ RunTime:0.0000s ]
SQL: SHOW COLUMNS FROM `qcdk_admin_auth_rule` [ RunTime:0.0020s ]
SQL: SELECT * FROM `qcdk_admin_auth_rule` WHERE `status` = 1 ORDER BY sort asc  [ RunTime:0.0000s ]
NOTIC: [8] Undefined index: leve E:\phpStudy\WWW\qcdk\Application\Common\Controller\ABaseController.class.php 第 100 行.
NOTIC: [8] Undefined index: leve E:\phpStudy\WWW\qcdk\Application\Common\Controller\ABaseController.class.php 第 100 行.
NOTIC: [8] Undefined index: leve E:\phpStudy\WWW\qcdk\Application\Common\Controller\ABaseController.class.php 第 100 行.
NOTIC: [8] Undefined index: leve E:\phpStudy\WWW\qcdk\Application\Common\Controller\ABaseController.class.php 第 100 行.
SQL: SHOW COLUMNS FROM `qcdk_depart` [ RunTime:0.0030s ]
NOTIC: [2] Invalid argument supplied for foreach() E:\phpStudy\WWW\qcdk\Core\Library\Think\Db\Driver.class.php 第 504 行.
SQL: SELECT COUNT(*) AS tp_count FROM `qcdk_depart` LIMIT 1   [ RunTime:0.0010s ]
NOTIC: [2] Invalid argument supplied for foreach() E:\phpStudy\WWW\qcdk\Core\Library\Think\Db\Driver.class.php 第 504 行.
SQL: SELECT * FROM `qcdk_depart` ORDER BY orders asc LIMIT 0,15   [ RunTime:0.0010s ]
INFO: [ view_parse ] --START--
INFO: [ template_filter ] --START--
INFO: Run Behavior\ContentReplaceBehavior [ RunTime:0.000000s ]
INFO: [ template_filter ] --END-- [ RunTime:0.000000s ]
NOTIC: [8] Use of undefined constant site_title - assumed 'site_title' E:\phpStudy\WWW\qcdk\Runtime\Cache\Admin\b0bf62b9e1b96b4d293aaf8c99a4d105.php 第 9 行.
NOTIC: [8] Undefined index: css E:\phpStudy\WWW\qcdk\Runtime\Cache\Admin\b0bf62b9e1b96b4d293aaf8c99a4d105.php 第 45 行.
NOTIC: [8] Undefined index: css E:\phpStudy\WWW\qcdk\Runtime\Cache\Admin\b0bf62b9e1b96b4d293aaf8c99a4d105.php 第 48 行.
NOTIC: [8] Undefined index: css E:\phpStudy\WWW\qcdk\Runtime\Cache\Admin\b0bf62b9e1b96b4d293aaf8c99a4d105.php 第 48 行.
NOTIC: [8] Undefined index: css E:\phpStudy\WWW\qcdk\Runtime\Cache\Admin\b0bf62b9e1b96b4d293aaf8c99a4d105.php 第 48 行.
NOTIC: [8] Undefined index: css E:\phpStudy\WWW\qcdk\Runtime\Cache\Admin\b0bf62b9e1b96b4d293aaf8c99a4d105.php 第 48 行.
NOTIC: [8] Undefined index: css E:\phpStudy\WWW\qcdk\Runtime\Cache\Admin\b0bf62b9e1b96b4d293aaf8c99a4d105.php 第 48 行.
NOTIC: [8] Undefined index: css E:\phpStudy\WWW\qcdk\Runtime\Cache\Admin\b0bf62b9e1b96b4d293aaf8c99a4d105.php 第 48 行.
NOTIC: [8] Undefined index: css E:\phpStudy\WWW\qcdk\Runtime\Cache\Admin\b0bf62b9e1b96b4d293aaf8c99a4d105.php 第 45 行.
NOTIC: [8] Undefined index: css E:\phpStudy\WWW\qcdk\Runtime\Cache\Admin\b0bf62b9e1b96b4d293aaf8c99a4d105.php 第 48 行.
NOTIC: [8] Undefined index: css E:\phpStudy\WWW\qcdk\Runtime\Cache\Admin\b0bf62b9e1b96b4d293aaf8c99a4d105.php 第 48 行.
NOTIC: [8] Undefined index: css E:\phpStudy\WWW\qcdk\Runtime\Cache\Admin\b0bf62b9e1b96b4d293aaf8c99a4d105.php 第 48 行.
NOTIC: [8] Undefined index: css E:\phpStudy\WWW\qcdk\Runtime\Cache\Admin\b0bf62b9e1b96b4d293aaf8c99a4d105.php 第 45 行.
NOTIC: [8] Undefined index: css E:\phpStudy\WWW\qcdk\Runtime\Cache\Admin\b0bf62b9e1b96b4d293aaf8c99a4d105.php 第 48 行.
NOTIC: [8] Undefined index: css E:\phpStudy\WWW\qcdk\Runtime\Cache\Admin\b0bf62b9e1b96b4d293aaf8c99a4d105.php 第 48 行.
NOTIC: [8] Undefined index: css E:\phpStudy\WWW\qcdk\Runtime\Cache\Admin\b0bf62b9e1b96b4d293aaf8c99a4d105.php 第 48 行.
INFO: Run Behavior\ParseTemplateBehavior [ RunTime:0.010001s ]
INFO: [ view_parse ] --END-- [ RunTime:0.010001s ]
INFO: [ view_filter ] --START--
INFO: Run Behavior\WriteHtmlCacheBehavior [ RunTime:0.000000s ]
INFO: [ view_filter ] --END-- [ RunTime:0.000000s ]
INFO: [ app_end ] --START--
INFO: Run Behavior\ShowPageTraceBehavior [ RunTime:0.001000s ]
INFO: [ app_end ] --END-- [ RunTime:0.001000s ]

[ 2016-11-01T09:43:12+08:00 ] 127.0.0.1 /Admin/System/index/pid/7.html
INFO: [ app_init ] --START--
INFO: Run Behavior\BuildLiteBehavior [ RunTime:0.000000s ]
INFO: [ app_init ] --END-- [ RunTime:0.001000s ]
INFO: [ app_begin ] --START--
INFO: Run Behavior\ReadHtmlCacheBehavior [ RunTime:0.001000s ]
INFO: [ app_begin ] --END-- [ RunTime:0.001000s ]
SQL: SHOW COLUMNS FROM `qcdk_admin_user` [ RunTime:0.0030s ]
SQL: SELECT * FROM `qcdk_admin_user` WHERE ( id=1 ) LIMIT 1   [ RunTime:0.0000s ]
SQL: SHOW COLUMNS FROM `qcdk_admin_auth_group_access` [ RunTime:0.0020s ]
SQL: SELECT g.title FROM qcdk_admin_auth_group_access a INNER JOIN qcdk_admin_auth_group g ON a.group_id=g.id  WHERE a.uid = 1 LIMIT 1   [ RunTime:0.0000s ]
SQL: SHOW COLUMNS FROM `qcdk_admin_auth_group_access` [ RunTime:0.0020s ]
SQL: SELECT `group_id` FROM `qcdk_admin_auth_group_access` WHERE ( uid=1 ) LIMIT 1   [ RunTime:0.0000s ]
SQL: SHOW COLUMNS FROM `qcdk_admin_auth_group` [ RunTime:0.0020s ]
SQL: SELECT `rules` FROM `qcdk_admin_auth_group` WHERE ( id =1 ) LIMIT 1   [ RunTime:0.0000s ]
SQL: SHOW COLUMNS FROM `qcdk_admin_auth_rule` [ RunTime:0.0020s ]
SQL: SELECT * FROM `qcdk_admin_auth_rule` WHERE `status` = 1 ORDER BY sort asc  [ RunTime:0.0000s ]
NOTIC: [8] Undefined index: leve E:\phpStudy\WWW\qcdk\Application\Common\Controller\ABaseController.class.php 第 100 行.
SQL: SHOW COLUMNS FROM `qcdk_scene` [ RunTime:0.0010s ]
SQL: SELECT * FROM `qcdk_scene` WHERE `status` = 1  [ RunTime:0.0000s ]
INFO: [ view_parse ] --START--
INFO: [ template_filter ] --START--
INFO: Run Behavior\ContentReplaceBehavior [ RunTime:0.000000s ]
INFO: [ template_filter ] --END-- [ RunTime:0.000000s ]
NOTIC: [8] Use of undefined constant site_title - assumed 'site_title' E:\phpStudy\WWW\qcdk\Runtime\Cache\Admin\c81c7033f1fa0118d4abf4f06348c6bc.php 第 9 行.
NOTIC: [8] Undefined index: css E:\phpStudy\WWW\qcdk\Runtime\Cache\Admin\c81c7033f1fa0118d4abf4f06348c6bc.php 第 45 行.
NOTIC: [8] Undefined index: css E:\phpStudy\WWW\qcdk\Runtime\Cache\Admin\c81c7033f1fa0118d4abf4f06348c6bc.php 第 45 行.
NOTIC: [8] Undefined index: css E:\phpStudy\WWW\qcdk\Runtime\Cache\Admin\c81c7033f1fa0118d4abf4f06348c6bc.php 第 45 行.
INFO: Run Behavior\ParseTemplateBehavior [ RunTime:0.015001s ]
INFO: [ view_parse ] --END-- [ RunTime:0.015001s ]
INFO: [ view_filter ] --START--
INFO: Run Behavior\WriteHtmlCacheBehavior [ RunTime:0.000000s ]
INFO: [ view_filter ] --END-- [ RunTime:0.000000s ]
INFO: [ app_end ] --START--
INFO: Run Behavior\ShowPageTraceBehavior [ RunTime:0.000000s ]
INFO: [ app_end ] --END-- [ RunTime:0.001000s ]

[ 2016-11-01T09:51:21+08:00 ] 127.0.0.1 /Admin/Depart/index/pid/31.html
INFO: [ app_init ] --START--
INFO: Run Behavior\BuildLiteBehavior [ RunTime:0.000000s ]
INFO: [ app_init ] --END-- [ RunTime:0.001000s ]
INFO: [ app_begin ] --START--
INFO: Run Behavior\ReadHtmlCacheBehavior [ RunTime:0.002001s ]
INFO: [ app_begin ] --END-- [ RunTime:0.002001s ]
SQL: SHOW COLUMNS FROM `qcdk_admin_user` [ RunTime:0.0020s ]
SQL: SELECT * FROM `qcdk_admin_user` WHERE ( id=1 ) LIMIT 1   [ RunTime:0.0000s ]
SQL: SHOW COLUMNS FROM `qcdk_admin_auth_group_access` [ RunTime:0.0020s ]
SQL: SELECT g.title FROM qcdk_admin_auth_group_access a INNER JOIN qcdk_admin_auth_group g ON a.group_id=g.id  WHERE a.uid = 1 LIMIT 1   [ RunTime:0.0000s ]
SQL: SHOW COLUMNS FROM `qcdk_admin_auth_group_access` [ RunTime:0.0020s ]
SQL: SELECT `group_id` FROM `qcdk_admin_auth_group_access` WHERE ( uid=1 ) LIMIT 1   [ RunTime:0.0000s ]
SQL: SHOW COLUMNS FROM `qcdk_admin_auth_group` [ RunTime:0.0020s ]
SQL: SELECT `rules` FROM `qcdk_admin_auth_group` WHERE ( id =1 ) LIMIT 1   [ RunTime:0.0000s ]
SQL: SHOW COLUMNS FROM `qcdk_admin_auth_rule` [ RunTime:0.0020s ]
SQL: SELECT * FROM `qcdk_admin_auth_rule` WHERE `status` = 1 ORDER BY sort asc  [ RunTime:0.0010s ]
NOTIC: [8] Undefined index: leve E:\phpStudy\WWW\qcdk\Application\Common\Controller\ABaseController.class.php 第 100 行.
NOTIC: [8] Undefined index: leve E:\phpStudy\WWW\qcdk\Application\Common\Controller\ABaseController.class.php 第 100 行.
NOTIC: [8] Undefined index: leve E:\phpStudy\WWW\qcdk\Application\Common\Controller\ABaseController.class.php 第 100 行.
NOTIC: [8] Undefined index: leve E:\phpStudy\WWW\qcdk\Application\Common\Controller\ABaseController.class.php 第 100 行.
SQL: SHOW COLUMNS FROM `qcdk_depart` [ RunTime:0.0020s ]
NOTIC: [2] Invalid argument supplied for foreach() E:\phpStudy\WWW\qcdk\Core\Library\Think\Db\Driver.class.php 第 504 行.
SQL: SELECT COUNT(*) AS tp_count FROM `qcdk_depart` LIMIT 1   [ RunTime:0.0000s ]
NOTIC: [2] Invalid argument supplied for foreach() E:\phpStudy\WWW\qcdk\Core\Library\Think\Db\Driver.class.php 第 504 行.
SQL: SELECT * FROM `qcdk_depart` ORDER BY orders asc LIMIT 0,15   [ RunTime:0.0000s ]
INFO: [ view_parse ] --START--
INFO: [ template_filter ] --START--
INFO: Run Behavior\ContentReplaceBehavior [ RunTime:0.000000s ]
INFO: [ template_filter ] --END-- [ RunTime:0.000000s ]
NOTIC: [8] Use of undefined constant site_title - assumed 'site_title' E:\phpStudy\WWW\qcdk\Runtime\Cache\Admin\b0bf62b9e1b96b4d293aaf8c99a4d105.php 第 9 行.
NOTIC: [8] Undefined index: css E:\phpStudy\WWW\qcdk\Runtime\Cache\Admin\b0bf62b9e1b96b4d293aaf8c99a4d105.php 第 45 行.
NOTIC: [8] Undefined index: css E:\phpStudy\WWW\qcdk\Runtime\Cache\Admin\b0bf62b9e1b96b4d293aaf8c99a4d105.php 第 48 行.
NOTIC: [8] Undefined index: css E:\phpStudy\WWW\qcdk\Runtime\Cache\Admin\b0bf62b9e1b96b4d293aaf8c99a4d105.php 第 48 行.
NOTIC: [8] Undefined index: css E:\phpStudy\WWW\qcdk\Runtime\Cache\Admin\b0bf62b9e1b96b4d293aaf8c99a4d105.php 第 48 行.
NOTIC: [8] Undefined index: css E:\phpStudy\WWW\qcdk\Runtime\Cache\Admin\b0bf62b9e1b96b4d293aaf8c99a4d105.php 第 48 行.
NOTIC: [8] Undefined index: css E:\phpStudy\WWW\qcdk\Runtime\Cache\Admin\b0bf62b9e1b96b4d293aaf8c99a4d105.php 第 48 行.
NOTIC: [8] Undefined index: css E:\phpStudy\WWW\qcdk\Runtime\Cache\Admin\b0bf62b9e1b96b4d293aaf8c99a4d105.php 第 48 行.
NOTIC: [8] Undefined index: css E:\phpStudy\WWW\qcdk\Runtime\Cache\Admin\b0bf62b9e1b96b4d293aaf8c99a4d105.php 第 45 行.
NOTIC: [8] Undefined index: css E:\phpStudy\WWW\qcdk\Runtime\Cache\Admin\b0bf62b9e1b96b4d293aaf8c99a4d105.php 第 48 行.
NOTIC: [8] Undefined index: css E:\phpStudy\WWW\qcdk\Runtime\Cache\Admin\b0bf62b9e1b96b4d293aaf8c99a4d105.php 第 48 行.
NOTIC: [8] Undefined index: css E:\phpStudy\WWW\qcdk\Runtime\Cache\Admin\b0bf62b9e1b96b4d293aaf8c99a4d105.php 第 48 行.
NOTIC: [8] Undefined index: css E:\phpStudy\WWW\qcdk\Runtime\Cache\Admin\b0bf62b9e1b96b4d293aaf8c99a4d105.php 第 45 行.
NOTIC: [8] Undefined index: css E:\phpStudy\WWW\qcdk\Runtime\Cache\Admin\b0bf62b9e1b96b4d293aaf8c99a4d105.php 第 48 行.
NOTIC: [8] Undefined index: css E:\phpStudy\WWW\qcdk\Runtime\Cache\Admin\b0bf62b9e1b96b4d293aaf8c99a4d105.php 第 48 行.
NOTIC: [8] Undefined index: css E:\phpStudy\WWW\qcdk\Runtime\Cache\Admin\b0bf62b9e1b96b4d293aaf8c99a4d105.php 第 48 行.
INFO: Run Behavior\ParseTemplateBehavior [ RunTime:0.017001s ]
INFO: [ view_parse ] --END-- [ RunTime:0.017001s ]
INFO: [ view_filter ] --START--
INFO: Run Behavior\WriteHtmlCacheBehavior [ RunTime:0.000000s ]
INFO: [ view_filter ] --END-- [ RunTime:0.000000s ]
INFO: [ app_end ] --START--
INFO: Run Behavior\ShowPageTraceBehavior [ RunTime:0.000000s ]
INFO: [ app_end ] --END-- [ RunTime:0.000000s ]

[ 2016-11-01T09:51:23+08:00 ] 127.0.0.1 /Admin/Work/index/pid/31.html
INFO: [ app_init ] --START--
INFO: Run Behavior\BuildLiteBehavior [ RunTime:0.000000s ]
INFO: [ app_init ] --END-- [ RunTime:0.001000s ]
INFO: [ app_begin ] --START--
INFO: Run Behavior\ReadHtmlCacheBehavior [ RunTime:0.003001s ]
INFO: [ app_begin ] --END-- [ RunTime:0.004001s ]
SQL: SHOW COLUMNS FROM `qcdk_admin_user` [ RunTime:0.0020s ]
SQL: SELECT * FROM `qcdk_admin_user` WHERE ( id=1 ) LIMIT 1   [ RunTime:0.0010s ]
SQL: SHOW COLUMNS FROM `qcdk_admin_auth_group_access` [ RunTime:0.0020s ]
SQL: SELECT g.title FROM qcdk_admin_auth_group_access a INNER JOIN qcdk_admin_auth_group g ON a.group_id=g.id  WHERE a.uid = 1 LIMIT 1   [ RunTime:0.0010s ]
SQL: SHOW COLUMNS FROM `qcdk_admin_auth_group_access` [ RunTime:0.0010s ]
SQL: SELECT `group_id` FROM `qcdk_admin_auth_group_access` WHERE ( uid=1 ) LIMIT 1   [ RunTime:0.0000s ]
SQL: SHOW COLUMNS FROM `qcdk_admin_auth_group` [ RunTime:0.0010s ]
SQL: SELECT `rules` FROM `qcdk_admin_auth_group` WHERE ( id =1 ) LIMIT 1   [ RunTime:0.0010s ]
SQL: SHOW COLUMNS FROM `qcdk_admin_auth_rule` [ RunTime:0.0010s ]
SQL: SELECT * FROM `qcdk_admin_auth_rule` WHERE `status` = 1 ORDER BY sort asc  [ RunTime:0.0010s ]
NOTIC: [8] Undefined index: leve E:\phpStudy\WWW\qcdk\Application\Common\Controller\ABaseController.class.php 第 100 行.
NOTIC: [8] Undefined index: leve E:\phpStudy\WWW\qcdk\Application\Common\Controller\ABaseController.class.php 第 100 行.
NOTIC: [8] Undefined index: leve E:\phpStudy\WWW\qcdk\Application\Common\Controller\ABaseController.class.php 第 100 行.
NOTIC: [8] Undefined index: leve E:\phpStudy\WWW\qcdk\Application\Common\Controller\ABaseController.class.php 第 100 行.
SQL: SHOW COLUMNS FROM `qcdk_users` [ RunTime:0.0040s ]
SQL: SHOW COLUMNS FROM `qcdk_depart` [ RunTime:0.0020s ]
SQL: SELECT `id`,`depart_name` FROM `qcdk_depart` WHERE `status` = 1  [ RunTime:0.0000s ]
SQL: SHOW COLUMNS FROM `qcdk_sign_history` [ RunTime:0.0050s ]
SQL: SHOW COLUMNS FROM `qcdk_sign_history` [ RunTime:0.0010s ]
SQL: SELECT COUNT(*) AS tp_count FROM `qcdk_sign_history` `s`,`qcdk_users` `u`,`qcdk_depart` `d` WHERE ( s.user_id=u.id AND u.depart_id=d.id AND s.sign_type=1 AND u.depart_id not in (0) ) LIMIT 1   [ RunTime:0.0100s ]
SQL: SHOW COLUMNS FROM `qcdk_sign_history` [ RunTime:0.0010s ]
SQL: SELECT u.username,s.user_id,u.sex,u.job_number,d.depart_name,s.sign_time,s.sign_date,s.sign_type FROM `qcdk_sign_history` `s`,`qcdk_users` `u`,`qcdk_depart` `d` WHERE ( s.user_id=u.id AND u.depart_id=d.id AND s.sign_type=1 AND u.depart_id not in (0) ) LIMIT 0,15   [ RunTime:0.0000s ]
SQL: SELECT `sign_time` FROM `qcdk_sign_history` WHERE `sign_date` = '2016-9-9' AND `user_id` = 31 AND `sign_type` = 2 LIMIT 1   [ RunTime:0.0010s ]
SQL: SELECT `sign_time` FROM `qcdk_sign_history` WHERE `sign_date` = '2016-9-9' AND `user_id` = 62 AND `sign_type` = 2 LIMIT 1   [ RunTime:0.0010s ]
SQL: SELECT `sign_time` FROM `qcdk_sign_history` WHERE `sign_date` = '2016-9-12' AND `user_id` = 91 AND `sign_type` = 2 LIMIT 1   [ RunTime:0.0000s ]
SQL: SELECT `sign_time` FROM `qcdk_sign_history` WHERE `sign_date` = '2016-9-12' AND `user_id` = 58 AND `sign_type` = 2 LIMIT 1   [ RunTime:0.0000s ]
SQL: SELECT `sign_time` FROM `qcdk_sign_history` WHERE `sign_date` = '2016-9-12' AND `user_id` = 66 AND `sign_type` = 2 LIMIT 1   [ RunTime:0.0000s ]
SQL: SELECT `sign_time` FROM `qcdk_sign_history` WHERE `sign_date` = '2016-9-12' AND `user_id` = 23 AND `sign_type` = 2 LIMIT 1   [ RunTime:0.0000s ]
SQL: SELECT `sign_time` FROM `qcdk_sign_history` WHERE `sign_date` = '2016-9-12' AND `user_id` = 48 AND `sign_type` = 2 LIMIT 1   [ RunTime:0.0000s ]
SQL: SELECT `sign_time` FROM `qcdk_sign_history` WHERE `sign_date` = '2016-9-12' AND `user_id` = 80 AND `sign_type` = 2 LIMIT 1   [ RunTime:0.0000s ]
SQL: SELECT `sign_time` FROM `qcdk_sign_history` WHERE `sign_date` = '2016-9-12' AND `user_id` = 75 AND `sign_type` = 2 LIMIT 1   [ RunTime:0.0000s ]
SQL: SELECT `sign_time` FROM `qcdk_sign_history` WHERE `sign_date` = '2016-9-12' AND `user_id` = 57 AND `sign_type` = 2 LIMIT 1   [ RunTime:0.0000s ]
SQL: SELECT `sign_time` FROM `qcdk_sign_history` WHERE `sign_date` = '2016-9-12' AND `user_id` = 50 AND `sign_type` = 2 LIMIT 1   [ RunTime:0.0010s ]
SQL: SELECT `sign_time` FROM `qcdk_sign_history` WHERE `sign_date` = '2016-9-12' AND `user_id` = 60 AND `sign_type` = 2 LIMIT 1   [ RunTime:0.0000s ]
SQL: SELECT `sign_time` FROM `qcdk_sign_history` WHERE `sign_date` = '2016-9-12' AND `user_id` = 33 AND `sign_type` = 2 LIMIT 1   [ RunTime:0.0010s ]
SQL: SELECT `sign_time` FROM `qcdk_sign_history` WHERE `sign_date` = '2016-9-12' AND `user_id` = 47 AND `sign_type` = 2 LIMIT 1   [ RunTime:0.0000s ]
SQL: SELECT `sign_time` FROM `qcdk_sign_history` WHERE `sign_date` = '2016-9-12' AND `user_id` = 29 AND `sign_type` = 2 LIMIT 1   [ RunTime:0.0000s ]
INFO: [ view_parse ] --START--
INFO: [ template_filter ] --START--
INFO: Run Behavior\ContentReplaceBehavior [ RunTime:0.001000s ]
INFO: [ template_filter ] --END-- [ RunTime:0.001000s ]
NOTIC: [8] Use of undefined constant site_title - assumed 'site_title' E:\phpStudy\WWW\qcdk\Runtime\Cache\Admin\e63c3e6a524570ecc9e860252e43e5b7.php 第 9 行.
NOTIC: [8] Undefined index: css E:\phpStudy\WWW\qcdk\Runtime\Cache\Admin\e63c3e6a524570ecc9e860252e43e5b7.php 第 45 行.
NOTIC: [8] Undefined index: css E:\phpStudy\WWW\qcdk\Runtime\Cache\Admin\e63c3e6a524570ecc9e860252e43e5b7.php 第 48 行.
NOTIC: [8] Undefined index: css E:\phpStudy\WWW\qcdk\Runtime\Cache\Admin\e63c3e6a524570ecc9e860252e43e5b7.php 第 48 行.
NOTIC: [8] Undefined index: css E:\phpStudy\WWW\qcdk\Runtime\Cache\Admin\e63c3e6a524570ecc9e860252e43e5b7.php 第 48 行.
NOTIC: [8] Undefined index: css E:\phpStudy\WWW\qcdk\Runtime\Cache\Admin\e63c3e6a524570ecc9e860252e43e5b7.php 第 48 行.
NOTIC: [8] Undefined index: css E:\phpStudy\WWW\qcdk\Runtime\Cache\Admin\e63c3e6a524570ecc9e860252e43e5b7.php 第 48 行.
NOTIC: [8] Undefined index: css E:\phpStudy\WWW\qcdk\Runtime\Cache\Admin\e63c3e6a524570ecc9e860252e43e5b7.php 第 48 行.
NOTIC: [8] Undefined index: css E:\phpStudy\WWW\qcdk\Runtime\Cache\Admin\e63c3e6a524570ecc9e860252e43e5b7.php 第 45 行.
NOTIC: [8] Undefined index: css E:\phpStudy\WWW\qcdk\Runtime\Cache\Admin\e63c3e6a524570ecc9e860252e43e5b7.php 第 48 行.
NOTIC: [8] Undefined index: css E:\phpStudy\WWW\qcdk\Runtime\Cache\Admin\e63c3e6a524570ecc9e860252e43e5b7.php 第 48 行.
NOTIC: [8] Undefined index: css E:\phpStudy\WWW\qcdk\Runtime\Cache\Admin\e63c3e6a524570ecc9e860252e43e5b7.php 第 48 行.
NOTIC: [8] Undefined index: css E:\phpStudy\WWW\qcdk\Runtime\Cache\Admin\e63c3e6a524570ecc9e860252e43e5b7.php 第 45 行.
NOTIC: [8] Undefined index: css E:\phpStudy\WWW\qcdk\Runtime\Cache\Admin\e63c3e6a524570ecc9e860252e43e5b7.php 第 48 行.
NOTIC: [8] Undefined index: css E:\phpStudy\WWW\qcdk\Runtime\Cache\Admin\e63c3e6a524570ecc9e860252e43e5b7.php 第 48 行.
NOTIC: [8] Undefined index: css E:\phpStudy\WWW\qcdk\Runtime\Cache\Admin\e63c3e6a524570ecc9e860252e43e5b7.php 第 48 行.
INFO: Run Behavior\ParseTemplateBehavior [ RunTime:0.010001s ]
INFO: [ view_parse ] --END-- [ RunTime:0.010001s ]
INFO: [ view_filter ] --START--
INFO: Run Behavior\WriteHtmlCacheBehavior [ RunTime:0.000000s ]
INFO: [ view_filter ] --END-- [ RunTime:0.000000s ]
INFO: [ app_end ] --START--
INFO: Run Behavior\ShowPageTraceBehavior [ RunTime:0.000000s ]
INFO: [ app_end ] --END-- [ RunTime:0.000000s ]

[ 2016-11-01T09:52:00+08:00 ] 127.0.0.1 /Admin/Work/abnormal.html
INFO: [ app_init ] --START--
INFO: Run Behavior\BuildLiteBehavior [ RunTime:0.000000s ]
INFO: [ app_init ] --END-- [ RunTime:0.000000s ]
INFO: [ app_begin ] --START--
INFO: Run Behavior\ReadHtmlCacheBehavior [ RunTime:0.001000s ]
INFO: [ app_begin ] --END-- [ RunTime:0.002000s ]
SQL: SHOW COLUMNS FROM `qcdk_admin_user` [ RunTime:0.0070s ]
SQL: SELECT * FROM `qcdk_admin_user` WHERE ( id=1 ) LIMIT 1   [ RunTime:0.0010s ]
SQL: SHOW COLUMNS FROM `qcdk_admin_auth_group_access` [ RunTime:0.0050s ]
SQL: SELECT g.title FROM qcdk_admin_auth_group_access a INNER JOIN qcdk_admin_auth_group g ON a.group_id=g.id  WHERE a.uid = 1 LIMIT 1   [ RunTime:0.0010s ]
SQL: SHOW COLUMNS FROM `qcdk_admin_auth_group_access` [ RunTime:0.0020s ]
SQL: SELECT `group_id` FROM `qcdk_admin_auth_group_access` WHERE ( uid=1 ) LIMIT 1   [ RunTime:0.0000s ]
SQL: SHOW COLUMNS FROM `qcdk_admin_auth_group` [ RunTime:0.0020s ]
SQL: SELECT `rules` FROM `qcdk_admin_auth_group` WHERE ( id =1 ) LIMIT 1   [ RunTime:0.0000s ]
SQL: SHOW COLUMNS FROM `qcdk_admin_auth_rule` [ RunTime:0.0070s ]
SQL: SELECT * FROM `qcdk_admin_auth_rule` WHERE `status` = 1 ORDER BY sort asc  [ RunTime:0.0010s ]
NOTIC: [8] Undefined index: leve E:\phpStudy\WWW\qcdk\Application\Common\Controller\ABaseController.class.php 第 100 行.
SQL: SHOW COLUMNS FROM `qcdk_users` [ RunTime:0.0050s ]
SQL: SHOW COLUMNS FROM `qcdk_depart` [ RunTime:0.0020s ]
SQL: SELECT `id`,`depart_name` FROM `qcdk_depart` WHERE `status` = 1  [ RunTime:0.0010s ]
SQL: SELECT `id`,`depart_name` FROM `qcdk_depart` WHERE `status` = 1 AND `id` IN ('12','13','20')  [ RunTime:0.0030s ]
INFO: [ view_parse ] --START--
INFO: [ template_filter ] --START--
INFO: Run Behavior\ContentReplaceBehavior [ RunTime:0.000000s ]
INFO: [ template_filter ] --END-- [ RunTime:0.000000s ]
INFO: Run Behavior\ParseTemplateBehavior [ RunTime:0.009001s ]
INFO: [ view_parse ] --END-- [ RunTime:0.009001s ]
INFO: [ view_filter ] --START--
INFO: Run Behavior\WriteHtmlCacheBehavior [ RunTime:0.001000s ]
INFO: [ view_filter ] --END-- [ RunTime:0.001000s ]
INFO: [ app_end ] --START--
INFO: Run Behavior\ShowPageTraceBehavior [ RunTime:0.000000s ]
INFO: [ app_end ] --END-- [ RunTime:0.000000s ]

[ 2016-11-01T10:20:01+08:00 ] 127.0.0.1 /Admin/Public/logout.html
INFO: [ app_init ] --START--
INFO: Run Behavior\BuildLiteBehavior [ RunTime:0.000000s ]
INFO: [ app_init ] --END-- [ RunTime:0.002000s ]
INFO: [ app_begin ] --START--
INFO: Run Behavior\ReadHtmlCacheBehavior [ RunTime:0.000000s ]
INFO: [ app_begin ] --END-- [ RunTime:0.000000s ]
SQL: SHOW COLUMNS FROM `qcdk_admin_log` [ RunTime:0.0030s ]
NOTIC: [8] Undefined index: validate E:\phpStudy\WWW\qcdk\Core\Library\Think\Model.class.php 第 1185 行.
NOTIC: [8] Undefined index: auto E:\phpStudy\WWW\qcdk\Core\Library\Think\Model.class.php 第 1128 行.
SQL: SHOW COLUMNS FROM `qcdk_admin_auth_group_access` [ RunTime:0.0020s ]
SQL: SELECT g.title FROM qcdk_admin_auth_group_access a INNER JOIN qcdk_admin_auth_group g ON a.group_id=g.id  WHERE a.uid = '1' LIMIT 1   [ RunTime:0.0010s ]
SQL: INSERT INTO `qcdk_admin_log` (`remark`,`action_status`,`action_id`,`action_group`,`action_user`,`action_ip`,`time`) VALUES ('退出后台','1','1','超级管理员','admin','127.0.0.1','1477966801') [ RunTime:0.0090s ]

[ 2016-11-01T10:20:01+08:00 ] 127.0.0.1 /Admin/Public/login.html
INFO: [ app_init ] --START--
INFO: Run Behavior\BuildLiteBehavior [ RunTime:0.000000s ]
INFO: [ app_init ] --END-- [ RunTime:0.000000s ]
INFO: [ app_begin ] --START--
INFO: Run Behavior\ReadHtmlCacheBehavior [ RunTime:0.000000s ]
INFO: [ app_begin ] --END-- [ RunTime:0.000000s ]
INFO: [ view_parse ] --START--
INFO: [ template_filter ] --START--
INFO: Run Behavior\ContentReplaceBehavior [ RunTime:0.001000s ]
INFO: [ template_filter ] --END-- [ RunTime:0.001000s ]
NOTIC: [8] Use of undefined constant site_title - assumed 'site_title' E:\phpStudy\WWW\qcdk\Runtime\Cache\Admin\cd6ac5eddeb5b4cf3cbec5e98bef4d40.php 第 14 行.
NOTIC: [8] Use of undefined constant site_title - assumed 'site_title' E:\phpStudy\WWW\qcdk\Runtime\Cache\Admin\cd6ac5eddeb5b4cf3cbec5e98bef4d40.php 第 50 行.
INFO: Run Behavior\ParseTemplateBehavior [ RunTime:0.019001s ]
INFO: [ view_parse ] --END-- [ RunTime:0.019001s ]
INFO: [ view_filter ] --START--
INFO: Run Behavior\WriteHtmlCacheBehavior [ RunTime:0.001000s ]
INFO: [ view_filter ] --END-- [ RunTime:0.001000s ]
INFO: [ app_end ] --START--
INFO: Run Behavior\ShowPageTraceBehavior [ RunTime:0.001000s ]
INFO: [ app_end ] --END-- [ RunTime:0.001000s ]

[ 2016-11-01T10:20:01+08:00 ] 127.0.0.1 /Admin/Public/verify.html
INFO: [ app_init ] --START--
INFO: Run Behavior\BuildLiteBehavior [ RunTime:0.000000s ]
INFO: [ app_init ] --END-- [ RunTime:0.001000s ]
INFO: [ app_begin ] --START--
INFO: Run Behavior\ReadHtmlCacheBehavior [ RunTime:0.000000s ]
INFO: [ app_begin ] --END-- [ RunTime:0.000000s ]
INFO: [ app_end ] --START--
INFO: Run Behavior\ShowPageTraceBehavior [ RunTime:0.001000s ]
INFO: [ app_end ] --END-- [ RunTime:0.001000s ]

[ 2016-11-01T10:25:32+08:00 ] 127.0.0.1 /Admin/Public/checkLogin.html
INFO: [ app_init ] --START--
INFO: Run Behavior\BuildLiteBehavior [ RunTime:0.000000s ]
INFO: [ app_init ] --END-- [ RunTime:0.000000s ]
INFO: [ app_begin ] --START--
INFO: Run Behavior\ReadHtmlCacheBehavior [ RunTime:0.001000s ]
INFO: [ app_begin ] --END-- [ RunTime:0.001000s ]
SQL: SHOW COLUMNS FROM `qcdk_admin_user` [ RunTime:0.0040s ]
SQL: SELECT * FROM `qcdk_admin_user` WHERE `username` = 'admin' LIMIT 1   [ RunTime:0.0000s ]
SQL: UPDATE `qcdk_admin_user` SET `login_key`='a66b19dc0dc394a40bb0695e5ba23ccb' WHERE `id` = 1 [ RunTime:0.0050s ]
SQL: UPDATE `qcdk_admin_user` SET `last_login_time`='1477967132',`last_login_ip`='127.0.0.1',`login_count`=(login_count+1) WHERE `id` = 1 [ RunTime:0.0020s ]
SQL: SHOW COLUMNS FROM `qcdk_admin_log` [ RunTime:0.0040s ]
NOTIC: [8] Undefined index: validate E:\phpStudy\WWW\qcdk\Core\Library\Think\Model.class.php 第 1185 行.
NOTIC: [8] Undefined index: auto E:\phpStudy\WWW\qcdk\Core\Library\Think\Model.class.php 第 1128 行.
SQL: SHOW COLUMNS FROM `qcdk_admin_auth_group_access` [ RunTime:0.0020s ]
SQL: SELECT g.title FROM qcdk_admin_auth_group_access a INNER JOIN qcdk_admin_auth_group g ON a.group_id=g.id  WHERE a.uid = '1' LIMIT 1   [ RunTime:0.0000s ]
SQL: INSERT INTO `qcdk_admin_log` (`remark`,`action_status`,`action_id`,`action_group`,`action_user`,`action_ip`,`time`) VALUES ('登录后台','1','1','超级管理员','admin','127.0.0.1','1477967132') [ RunTime:0.0050s ]

[ 2016-11-01T10:25:34+08:00 ] 127.0.0.1 /Admin/Index/index.html
INFO: [ app_init ] --START--
INFO: Run Behavior\BuildLiteBehavior [ RunTime:0.000000s ]
INFO: [ app_init ] --END-- [ RunTime:0.002000s ]
INFO: [ app_begin ] --START--
INFO: Run Behavior\ReadHtmlCacheBehavior [ RunTime:0.000000s ]
INFO: [ app_begin ] --END-- [ RunTime:0.000000s ]
SQL: SHOW COLUMNS FROM `qcdk_admin_user` [ RunTime:0.0030s ]
SQL: SELECT * FROM `qcdk_admin_user` WHERE ( id=1 ) LIMIT 1   [ RunTime:0.0000s ]
SQL: SHOW COLUMNS FROM `qcdk_admin_auth_group_access` [ RunTime:0.0020s ]
SQL: SELECT g.title FROM qcdk_admin_auth_group_access a INNER JOIN qcdk_admin_auth_group g ON a.group_id=g.id  WHERE a.uid = 1 LIMIT 1   [ RunTime:0.0010s ]
SQL: SHOW COLUMNS FROM `qcdk_admin_auth_group_access` [ RunTime:0.0020s ]
SQL: SELECT `group_id` FROM `qcdk_admin_auth_group_access` WHERE ( uid=1 ) LIMIT 1   [ RunTime:0.0000s ]
SQL: SHOW COLUMNS FROM `qcdk_admin_auth_group` [ RunTime:0.0030s ]
SQL: SELECT `rules` FROM `qcdk_admin_auth_group` WHERE ( id =1 ) LIMIT 1   [ RunTime:0.0000s ]
SQL: SHOW COLUMNS FROM `qcdk_admin_auth_rule` [ RunTime:0.0020s ]
SQL: SELECT * FROM `qcdk_admin_auth_rule` WHERE `status` = 1 ORDER BY sort asc  [ RunTime:0.0000s ]
NOTIC: [8] Undefined index: leve E:\phpStudy\WWW\qcdk\Application\Common\Controller\ABaseController.class.php 第 100 行.
INFO: [ view_parse ] --START--
INFO: [ template_filter ] --START--
INFO: Run Behavior\ContentReplaceBehavior [ RunTime:0.000000s ]
INFO: [ template_filter ] --END-- [ RunTime:0.000000s ]
NOTIC: [8] Use of undefined constant site_title - assumed 'site_title' E:\phpStudy\WWW\qcdk\Runtime\Cache\Admin\f2ec704c1aec4335c2b01d3121784421.php 第 9 行.
NOTIC: [8] Undefined index: css E:\phpStudy\WWW\qcdk\Runtime\Cache\Admin\f2ec704c1aec4335c2b01d3121784421.php 第 45 行.
NOTIC: [8] Undefined index: css E:\phpStudy\WWW\qcdk\Runtime\Cache\Admin\f2ec704c1aec4335c2b01d3121784421.php 第 45 行.
NOTIC: [8] Undefined index: css E:\phpStudy\WWW\qcdk\Runtime\Cache\Admin\f2ec704c1aec4335c2b01d3121784421.php 第 45 行.
NOTIC: [8] Undefined variable: smsNum E:\phpStudy\WWW\qcdk\Runtime\Cache\Admin\f2ec704c1aec4335c2b01d3121784421.php 第 91 行.
NOTIC: [8] Undefined variable: smsNum E:\phpStudy\WWW\qcdk\Runtime\Cache\Admin\f2ec704c1aec4335c2b01d3121784421.php 第 91 行.
INFO: Run Behavior\ParseTemplateBehavior [ RunTime:0.025002s ]
INFO: [ view_parse ] --END-- [ RunTime:0.026002s ]
INFO: [ view_filter ] --START--
INFO: Run Behavior\WriteHtmlCacheBehavior [ RunTime:0.000000s ]
INFO: [ view_filter ] --END-- [ RunTime:0.000000s ]
INFO: [ app_end ] --START--
INFO: Run Behavior\ShowPageTraceBehavior [ RunTime:0.000000s ]
INFO: [ app_end ] --END-- [ RunTime:0.000000s ]

[ 2016-11-01T10:41:25+08:00 ] 127.0.0.1 /Admin/System/index/pid/7.html
INFO: [ app_init ] --START--
INFO: Run Behavior\BuildLiteBehavior [ RunTime:0.000000s ]
INFO: [ app_init ] --END-- [ RunTime:0.001000s ]
INFO: [ app_begin ] --START--
INFO: Run Behavior\ReadHtmlCacheBehavior [ RunTime:0.002000s ]
INFO: [ app_begin ] --END-- [ RunTime:0.002000s ]
SQL: SHOW COLUMNS FROM `qcdk_admin_user` [ RunTime:0.0030s ]
SQL: SELECT * FROM `qcdk_admin_user` WHERE ( id=1 ) LIMIT 1   [ RunTime:0.0000s ]
SQL: SHOW COLUMNS FROM `qcdk_admin_auth_group_access` [ RunTime:0.0020s ]
SQL: SELECT g.title FROM qcdk_admin_auth_group_access a INNER JOIN qcdk_admin_auth_group g ON a.group_id=g.id  WHERE a.uid = 1 LIMIT 1   [ RunTime:0.0000s ]
SQL: SHOW COLUMNS FROM `qcdk_admin_auth_group_access` [ RunTime:0.0020s ]
SQL: SELECT `group_id` FROM `qcdk_admin_auth_group_access` WHERE ( uid=1 ) LIMIT 1   [ RunTime:0.0000s ]
SQL: SHOW COLUMNS FROM `qcdk_admin_auth_group` [ RunTime:0.0030s ]
SQL: SELECT `rules` FROM `qcdk_admin_auth_group` WHERE ( id =1 ) LIMIT 1   [ RunTime:0.0000s ]
SQL: SHOW COLUMNS FROM `qcdk_admin_auth_rule` [ RunTime:0.0020s ]
SQL: SELECT * FROM `qcdk_admin_auth_rule` WHERE `status` = 1 ORDER BY sort asc  [ RunTime:0.0010s ]
NOTIC: [8] Undefined index: leve E:\phpStudy\WWW\qcdk\Application\Common\Controller\ABaseController.class.php 第 100 行.
SQL: SHOW COLUMNS FROM `qcdk_scene` [ RunTime:0.0030s ]
SQL: SELECT * FROM `qcdk_scene` WHERE `status` = 1  [ RunTime:0.0010s ]
INFO: [ view_parse ] --START--
INFO: [ template_filter ] --START--
INFO: Run Behavior\ContentReplaceBehavior [ RunTime:0.000000s ]
INFO: [ template_filter ] --END-- [ RunTime:0.000000s ]
NOTIC: [8] Use of undefined constant site_title - assumed 'site_title' E:\phpStudy\WWW\qcdk\Runtime\Cache\Admin\c81c7033f1fa0118d4abf4f06348c6bc.php 第 9 行.
NOTIC: [8] Undefined index: css E:\phpStudy\WWW\qcdk\Runtime\Cache\Admin\c81c7033f1fa0118d4abf4f06348c6bc.php 第 45 行.
NOTIC: [8] Undefined index: css E:\phpStudy\WWW\qcdk\Runtime\Cache\Admin\c81c7033f1fa0118d4abf4f06348c6bc.php 第 45 行.
NOTIC: [8] Undefined index: css E:\phpStudy\WWW\qcdk\Runtime\Cache\Admin\c81c7033f1fa0118d4abf4f06348c6bc.php 第 45 行.
INFO: Run Behavior\ParseTemplateBehavior [ RunTime:0.021001s ]
INFO: [ view_parse ] --END-- [ RunTime:0.021001s ]
INFO: [ view_filter ] --START--
INFO: Run Behavior\WriteHtmlCacheBehavior [ RunTime:0.000000s ]
INFO: [ view_filter ] --END-- [ RunTime:0.001000s ]
INFO: [ app_end ] --START--
INFO: Run Behavior\ShowPageTraceBehavior [ RunTime:0.001000s ]
INFO: [ app_end ] --END-- [ RunTime:0.001000s ]

[ 2016-11-01T10:42:14+08:00 ] 127.0.0.1 /Admin/System/index/pid/%7B:U('System/index')%7D
INFO: [ app_init ] --START--
INFO: Run Behavior\BuildLiteBehavior [ RunTime:0.000000s ]
INFO: [ app_init ] --END-- [ RunTime:0.000000s ]
INFO: [ app_begin ] --START--
INFO: Run Behavior\ReadHtmlCacheBehavior [ RunTime:0.001000s ]
INFO: [ app_begin ] --END-- [ RunTime:0.001000s ]
SQL: SHOW COLUMNS FROM `qcdk_admin_user` [ RunTime:0.0020s ]
SQL: SELECT * FROM `qcdk_admin_user` WHERE ( id=1 ) LIMIT 1   [ RunTime:0.0000s ]
SQL: SHOW COLUMNS FROM `qcdk_admin_auth_group_access` [ RunTime:0.0020s ]
SQL: SELECT g.title FROM qcdk_admin_auth_group_access a INNER JOIN qcdk_admin_auth_group g ON a.group_id=g.id  WHERE a.uid = 1 LIMIT 1   [ RunTime:0.0010s ]
SQL: SHOW COLUMNS FROM `qcdk_admin_auth_group_access` [ RunTime:0.0020s ]
SQL: SELECT `group_id` FROM `qcdk_admin_auth_group_access` WHERE ( uid=1 ) LIMIT 1   [ RunTime:0.0000s ]
SQL: SHOW COLUMNS FROM `qcdk_admin_auth_group` [ RunTime:0.0020s ]
SQL: SELECT `rules` FROM `qcdk_admin_auth_group` WHERE ( id =1 ) LIMIT 1   [ RunTime:0.0010s ]
SQL: SHOW COLUMNS FROM `qcdk_admin_auth_rule` [ RunTime:0.0020s ]
SQL: SELECT * FROM `qcdk_admin_auth_rule` WHERE `status` = 1 ORDER BY sort asc  [ RunTime:0.0000s ]
SQL: SHOW COLUMNS FROM `qcdk_admin_log` [ RunTime:0.0020s ]
NOTIC: [8] Undefined index: validate E:\phpStudy\WWW\qcdk\Core\Library\Think\Model.class.php 第 1185 行.
NOTIC: [8] Undefined index: auto E:\phpStudy\WWW\qcdk\Core\Library\Think\Model.class.php 第 1128 行.
SQL: SELECT g.title FROM qcdk_admin_auth_group_access a INNER JOIN qcdk_admin_auth_group g ON a.group_id=g.id  WHERE a.uid = '1' LIMIT 1   [ RunTime:0.0010s ]
SQL: INSERT INTO `qcdk_admin_log` (`remark`,`action_status`,`action_id`,`action_group`,`action_user`,`action_ip`,`time`) VALUES ('修改配置文件--fission_red.php','1','1','超级管理员','admin','127.0.0.1','1477968134') [ RunTime:0.0020s ]

[ 2016-11-01T10:42:16+08:00 ] 127.0.0.1 /Admin/System/index/pid/7.html
INFO: [ app_init ] --START--
INFO: Run Behavior\BuildLiteBehavior [ RunTime:0.000000s ]
INFO: [ app_init ] --END-- [ RunTime:0.000000s ]
INFO: [ app_begin ] --START--
INFO: Run Behavior\ReadHtmlCacheBehavior [ RunTime:0.002000s ]
INFO: [ app_begin ] --END-- [ RunTime:0.002000s ]
SQL: SHOW COLUMNS FROM `qcdk_admin_user` [ RunTime:0.0020s ]
SQL: SELECT * FROM `qcdk_admin_user` WHERE ( id=1 ) LIMIT 1   [ RunTime:0.0000s ]
SQL: SHOW COLUMNS FROM `qcdk_admin_auth_group_access` [ RunTime:0.0020s ]
SQL: SELECT g.title FROM qcdk_admin_auth_group_access a INNER JOIN qcdk_admin_auth_group g ON a.group_id=g.id  WHERE a.uid = 1 LIMIT 1   [ RunTime:0.0000s ]
SQL: SHOW COLUMNS FROM `qcdk_admin_auth_group_access` [ RunTime:0.0010s ]
SQL: SELECT `group_id` FROM `qcdk_admin_auth_group_access` WHERE ( uid=1 ) LIMIT 1   [ RunTime:0.0010s ]
SQL: SHOW COLUMNS FROM `qcdk_admin_auth_group` [ RunTime:0.0020s ]
SQL: SELECT `rules` FROM `qcdk_admin_auth_group` WHERE ( id =1 ) LIMIT 1   [ RunTime:0.0000s ]
SQL: SHOW COLUMNS FROM `qcdk_admin_auth_rule` [ RunTime:0.0030s ]
SQL: SELECT * FROM `qcdk_admin_auth_rule` WHERE `status` = 1 ORDER BY sort asc  [ RunTime:0.0000s ]
NOTIC: [8] Undefined index: leve E:\phpStudy\WWW\qcdk\Application\Common\Controller\ABaseController.class.php 第 100 行.
SQL: SHOW COLUMNS FROM `qcdk_scene` [ RunTime:0.0010s ]
SQL: SELECT * FROM `qcdk_scene` WHERE `status` = 1  [ RunTime:0.0000s ]
INFO: [ view_parse ] --START--
INFO: [ template_filter ] --START--
INFO: Run Behavior\ContentReplaceBehavior [ RunTime:0.000000s ]
INFO: [ template_filter ] --END-- [ RunTime:0.000000s ]
NOTIC: [8] Use of undefined constant site_title - assumed 'site_title' E:\phpStudy\WWW\qcdk\Runtime\Cache\Admin\c81c7033f1fa0118d4abf4f06348c6bc.php 第 9 行.
NOTIC: [8] Undefined index: css E:\phpStudy\WWW\qcdk\Runtime\Cache\Admin\c81c7033f1fa0118d4abf4f06348c6bc.php 第 45 行.
NOTIC: [8] Undefined index: css E:\phpStudy\WWW\qcdk\Runtime\Cache\Admin\c81c7033f1fa0118d4abf4f06348c6bc.php 第 45 行.
NOTIC: [8] Undefined index: css E:\phpStudy\WWW\qcdk\Runtime\Cache\Admin\c81c7033f1fa0118d4abf4f06348c6bc.php 第 45 行.
INFO: Run Behavior\ParseTemplateBehavior [ RunTime:0.014001s ]
INFO: [ view_parse ] --END-- [ RunTime:0.014001s ]
INFO: [ view_filter ] --START--
INFO: Run Behavior\WriteHtmlCacheBehavior [ RunTime:0.000000s ]
INFO: [ view_filter ] --END-- [ RunTime:0.000000s ]
INFO: [ app_end ] --START--
INFO: Run Behavior\ShowPageTraceBehavior [ RunTime:0.001000s ]
INFO: [ app_end ] --END-- [ RunTime:0.001000s ]

[ 2016-11-01T14:35:03+08:00 ] 127.0.0.1 /admin
INFO: [ app_init ] --START--
INFO: Run Behavior\BuildLiteBehavior [ RunTime:0.000000s ]
INFO: [ app_init ] --END-- [ RunTime:0.000000s ]
INFO: [ app_begin ] --START--
INFO: Run Behavior\ReadHtmlCacheBehavior [ RunTime:0.001000s ]
INFO: [ app_begin ] --END-- [ RunTime:0.001000s ]
SQL: SHOW COLUMNS FROM `qcdk_admin_user` [ RunTime:0.0160s ]
SQL: SELECT * FROM `qcdk_admin_user` WHERE ( id=1 ) LIMIT 1   [ RunTime:0.0040s ]
SQL: SHOW COLUMNS FROM `qcdk_admin_auth_group_access` [ RunTime:0.0040s ]
SQL: SELECT g.title FROM qcdk_admin_auth_group_access a INNER JOIN qcdk_admin_auth_group g ON a.group_id=g.id  WHERE a.uid = 1 LIMIT 1   [ RunTime:0.0020s ]
SQL: SHOW COLUMNS FROM `qcdk_admin_auth_group_access` [ RunTime:0.0020s ]
SQL: SELECT `group_id` FROM `qcdk_admin_auth_group_access` WHERE ( uid=1 ) LIMIT 1   [ RunTime:0.0010s ]
SQL: SHOW COLUMNS FROM `qcdk_admin_auth_group` [ RunTime:0.0020s ]
SQL: SELECT `rules` FROM `qcdk_admin_auth_group` WHERE ( id =1 ) LIMIT 1   [ RunTime:0.0000s ]
SQL: SHOW COLUMNS FROM `qcdk_admin_auth_rule` [ RunTime:0.0020s ]
SQL: SELECT * FROM `qcdk_admin_auth_rule` WHERE `status` = 1 ORDER BY sort asc  [ RunTime:0.0080s ]
NOTIC: [8] Undefined index: leve E:\phpStudy\WWW\qcdk\Application\Common\Controller\ABaseController.class.php 第 100 行.
INFO: [ view_parse ] --START--
INFO: [ template_filter ] --START--
INFO: Run Behavior\ContentReplaceBehavior [ RunTime:0.000000s ]
INFO: [ template_filter ] --END-- [ RunTime:0.000000s ]
NOTIC: [8] Use of undefined constant site_title - assumed 'site_title' E:\phpStudy\WWW\qcdk\Runtime\Cache\Admin\f2ec704c1aec4335c2b01d3121784421.php 第 9 行.
NOTIC: [8] Undefined index: css E:\phpStudy\WWW\qcdk\Runtime\Cache\Admin\f2ec704c1aec4335c2b01d3121784421.php 第 45 行.
NOTIC: [8] Undefined index: css E:\phpStudy\WWW\qcdk\Runtime\Cache\Admin\f2ec704c1aec4335c2b01d3121784421.php 第 45 行.
NOTIC: [8] Undefined index: css E:\phpStudy\WWW\qcdk\Runtime\Cache\Admin\f2ec704c1aec4335c2b01d3121784421.php 第 45 行.
NOTIC: [8] Undefined variable: smsNum E:\phpStudy\WWW\qcdk\Runtime\Cache\Admin\f2ec704c1aec4335c2b01d3121784421.php 第 91 行.
NOTIC: [8] Undefined variable: smsNum E:\phpStudy\WWW\qcdk\Runtime\Cache\Admin\f2ec704c1aec4335c2b01d3121784421.php 第 91 行.
INFO: Run Behavior\ParseTemplateBehavior [ RunTime:0.021001s ]
INFO: [ view_parse ] --END-- [ RunTime:0.021001s ]
INFO: [ view_filter ] --START--
INFO: Run Behavior\WriteHtmlCacheBehavior [ RunTime:0.001000s ]
INFO: [ view_filter ] --END-- [ RunTime:0.001000s ]
INFO: [ app_end ] --START--
INFO: Run Behavior\ShowPageTraceBehavior [ RunTime:0.001000s ]
INFO: [ app_end ] --END-- [ RunTime:0.001000s ]

[ 2016-11-01T14:35:06+08:00 ] 127.0.0.1 /Admin/Depart/index/pid/31.html
INFO: [ app_init ] --START--
INFO: Run Behavior\BuildLiteBehavior [ RunTime:0.000000s ]
INFO: [ app_init ] --END-- [ RunTime:0.001000s ]
INFO: [ app_begin ] --START--
INFO: Run Behavior\ReadHtmlCacheBehavior [ RunTime:0.001000s ]
INFO: [ app_begin ] --END-- [ RunTime:0.001000s ]
SQL: SHOW COLUMNS FROM `qcdk_admin_user` [ RunTime:0.0020s ]
SQL: SELECT * FROM `qcdk_admin_user` WHERE ( id=1 ) LIMIT 1   [ RunTime:0.0010s ]
SQL: SHOW COLUMNS FROM `qcdk_admin_auth_group_access` [ RunTime:0.0020s ]
SQL: SELECT g.title FROM qcdk_admin_auth_group_access a INNER JOIN qcdk_admin_auth_group g ON a.group_id=g.id  WHERE a.uid = 1 LIMIT 1   [ RunTime:0.0000s ]
SQL: SHOW COLUMNS FROM `qcdk_admin_auth_group_access` [ RunTime:0.0020s ]
SQL: SELECT `group_id` FROM `qcdk_admin_auth_group_access` WHERE ( uid=1 ) LIMIT 1   [ RunTime:0.0000s ]
SQL: SHOW COLUMNS FROM `qcdk_admin_auth_group` [ RunTime:0.0020s ]
SQL: SELECT `rules` FROM `qcdk_admin_auth_group` WHERE ( id =1 ) LIMIT 1   [ RunTime:0.0010s ]
SQL: SHOW COLUMNS FROM `qcdk_admin_auth_rule` [ RunTime:0.0020s ]
SQL: SELECT * FROM `qcdk_admin_auth_rule` WHERE `status` = 1 ORDER BY sort asc  [ RunTime:0.0000s ]
NOTIC: [8] Undefined index: leve E:\phpStudy\WWW\qcdk\Application\Common\Controller\ABaseController.class.php 第 100 行.
NOTIC: [8] Undefined index: leve E:\phpStudy\WWW\qcdk\Application\Common\Controller\ABaseController.class.php 第 100 行.
NOTIC: [8] Undefined index: leve E:\phpStudy\WWW\qcdk\Application\Common\Controller\ABaseController.class.php 第 100 行.
NOTIC: [8] Undefined index: leve E:\phpStudy\WWW\qcdk\Application\Common\Controller\ABaseController.class.php 第 100 行.
SQL: SHOW COLUMNS FROM `qcdk_depart` [ RunTime:0.0060s ]
NOTIC: [2] Invalid argument supplied for foreach() E:\phpStudy\WWW\qcdk\Core\Library\Think\Db\Driver.class.php 第 504 行.
SQL: SELECT COUNT(*) AS tp_count FROM `qcdk_depart` LIMIT 1   [ RunTime:0.0010s ]
NOTIC: [2] Invalid argument supplied for foreach() E:\phpStudy\WWW\qcdk\Core\Library\Think\Db\Driver.class.php 第 504 行.
SQL: SELECT * FROM `qcdk_depart` ORDER BY orders asc LIMIT 0,15   [ RunTime:0.0000s ]
INFO: [ view_parse ] --START--
INFO: [ template_filter ] --START--
INFO: Run Behavior\ContentReplaceBehavior [ RunTime:0.000000s ]
INFO: [ template_filter ] --END-- [ RunTime:0.000000s ]
NOTIC: [8] Use of undefined constant site_title - assumed 'site_title' E:\phpStudy\WWW\qcdk\Runtime\Cache\Admin\b0bf62b9e1b96b4d293aaf8c99a4d105.php 第 9 行.
NOTIC: [8] Undefined index: css E:\phpStudy\WWW\qcdk\Runtime\Cache\Admin\b0bf62b9e1b96b4d293aaf8c99a4d105.php 第 45 行.
NOTIC: [8] Undefined index: css E:\phpStudy\WWW\qcdk\Runtime\Cache\Admin\b0bf62b9e1b96b4d293aaf8c99a4d105.php 第 48 行.
NOTIC: [8] Undefined index: css E:\phpStudy\WWW\qcdk\Runtime\Cache\Admin\b0bf62b9e1b96b4d293aaf8c99a4d105.php 第 48 行.
NOTIC: [8] Undefined index: css E:\phpStudy\WWW\qcdk\Runtime\Cache\Admin\b0bf62b9e1b96b4d293aaf8c99a4d105.php 第 48 行.
NOTIC: [8] Undefined index: css E:\phpStudy\WWW\qcdk\Runtime\Cache\Admin\b0bf62b9e1b96b4d293aaf8c99a4d105.php 第 48 行.
NOTIC: [8] Undefined index: css E:\phpStudy\WWW\qcdk\Runtime\Cache\Admin\b0bf62b9e1b96b4d293aaf8c99a4d105.php 第 48 行.
NOTIC: [8] Undefined index: css E:\phpStudy\WWW\qcdk\Runtime\Cache\Admin\b0bf62b9e1b96b4d293aaf8c99a4d105.php 第 48 行.
NOTIC: [8] Undefined index: css E:\phpStudy\WWW\qcdk\Runtime\Cache\Admin\b0bf62b9e1b96b4d293aaf8c99a4d105.php 第 45 行.
NOTIC: [8] Undefined index: css E:\phpStudy\WWW\qcdk\Runtime\Cache\Admin\b0bf62b9e1b96b4d293aaf8c99a4d105.php 第 48 行.
NOTIC: [8] Undefined index: css E:\phpStudy\WWW\qcdk\Runtime\Cache\Admin\b0bf62b9e1b96b4d293aaf8c99a4d105.php 第 48 行.
NOTIC: [8] Undefined index: css E:\phpStudy\WWW\qcdk\Runtime\Cache\Admin\b0bf62b9e1b96b4d293aaf8c99a4d105.php 第 48 行.
NOTIC: [8] Undefined index: css E:\phpStudy\WWW\qcdk\Runtime\Cache\Admin\b0bf62b9e1b96b4d293aaf8c99a4d105.php 第 45 行.
NOTIC: [8] Undefined index: css E:\phpStudy\WWW\qcdk\Runtime\Cache\Admin\b0bf62b9e1b96b4d293aaf8c99a4d105.php 第 48 行.
NOTIC: [8] Undefined index: css E:\phpStudy\WWW\qcdk\Runtime\Cache\Admin\b0bf62b9e1b96b4d293aaf8c99a4d105.php 第 48 行.
NOTIC: [8] Undefined index: css E:\phpStudy\WWW\qcdk\Runtime\Cache\Admin\b0bf62b9e1b96b4d293aaf8c99a4d105.php 第 48 行.
INFO: Run Behavior\ParseTemplateBehavior [ RunTime:0.010000s ]
INFO: [ view_parse ] --END-- [ RunTime:0.010000s ]
INFO: [ view_filter ] --START--
INFO: Run Behavior\WriteHtmlCacheBehavior [ RunTime:0.000000s ]
INFO: [ view_filter ] --END-- [ RunTime:0.000000s ]
INFO: [ app_end ] --START--
INFO: Run Behavior\ShowPageTraceBehavior [ RunTime:0.001001s ]
INFO: [ app_end ] --END-- [ RunTime:0.001001s ]

[ 2016-11-01T14:35:09+08:00 ] 127.0.0.1 /Admin/Staff/index/pid/31.html
INFO: [ app_init ] --START--
INFO: Run Behavior\BuildLiteBehavior [ RunTime:0.000000s ]
INFO: [ app_init ] --END-- [ RunTime:0.001000s ]
INFO: [ app_begin ] --START--
INFO: Run Behavior\ReadHtmlCacheBehavior [ RunTime:0.000000s ]
INFO: [ app_begin ] --END-- [ RunTime:0.000000s ]
SQL: SHOW COLUMNS FROM `qcdk_admin_user` [ RunTime:0.0030s ]
SQL: SELECT * FROM `qcdk_admin_user` WHERE ( id=1 ) LIMIT 1   [ RunTime:0.0000s ]
SQL: SHOW COLUMNS FROM `qcdk_admin_auth_group_access` [ RunTime:0.0020s ]
SQL: SELECT g.title FROM qcdk_admin_auth_group_access a INNER JOIN qcdk_admin_auth_group g ON a.group_id=g.id  WHERE a.uid = 1 LIMIT 1   [ RunTime:0.0000s ]
SQL: SHOW COLUMNS FROM `qcdk_admin_auth_group_access` [ RunTime:0.0030s ]
SQL: SELECT `group_id` FROM `qcdk_admin_auth_group_access` WHERE ( uid=1 ) LIMIT 1   [ RunTime:0.0000s ]
SQL: SHOW COLUMNS FROM `qcdk_admin_auth_group` [ RunTime:0.0030s ]
SQL: SELECT `rules` FROM `qcdk_admin_auth_group` WHERE ( id =1 ) LIMIT 1   [ RunTime:0.0010s ]
SQL: SHOW COLUMNS FROM `qcdk_admin_auth_rule` [ RunTime:0.0020s ]
SQL: SELECT * FROM `qcdk_admin_auth_rule` WHERE `status` = 1 ORDER BY sort asc  [ RunTime:0.0000s ]
NOTIC: [8] Undefined index: leve E:\phpStudy\WWW\qcdk\Application\Common\Controller\ABaseController.class.php 第 100 行.
NOTIC: [8] Undefined index: leve E:\phpStudy\WWW\qcdk\Application\Common\Controller\ABaseController.class.php 第 100 行.
NOTIC: [8] Undefined index: leve E:\phpStudy\WWW\qcdk\Application\Common\Controller\ABaseController.class.php 第 100 行.
NOTIC: [8] Undefined index: leve E:\phpStudy\WWW\qcdk\Application\Common\Controller\ABaseController.class.php 第 100 行.
SQL: SHOW COLUMNS FROM `qcdk_users` [ RunTime:0.0030s ]
SQL: SHOW COLUMNS FROM `qcdk_depart` [ RunTime:0.0020s ]
SQL: SELECT `id`,`depart_name` FROM `qcdk_depart` WHERE `status` = 1  [ RunTime:0.0000s ]
SQL: SHOW COLUMNS FROM `qcdk_users` [ RunTime:0.0020s ]
SQL: SELECT COUNT(*) AS tp_count FROM `qcdk_users` `u`,`qcdk_depart` `d` WHERE ( u.depart_id = d.id and d.status=1 ) LIMIT 1   [ RunTime:0.0030s ]
SQL: SHOW COLUMNS FROM `qcdk_users` [ RunTime:0.0060s ]
SQL: SELECT u.*,d.depart_name FROM `qcdk_users` `u`,`qcdk_depart` `d` WHERE ( u.depart_id = d.id and d.status=1 ) ORDER BY job_number asc LIMIT 0,15   [ RunTime:0.0020s ]
INFO: [ view_parse ] --START--
INFO: [ template_filter ] --START--
INFO: Run Behavior\ContentReplaceBehavior [ RunTime:0.000000s ]
INFO: [ template_filter ] --END-- [ RunTime:0.000000s ]
NOTIC: [8] Use of undefined constant site_title - assumed 'site_title' E:\phpStudy\WWW\qcdk\Runtime\Cache\Admin\f3d449a67b87f4f741ff20df06ebb234.php 第 9 行.
NOTIC: [8] Undefined index: css E:\phpStudy\WWW\qcdk\Runtime\Cache\Admin\f3d449a67b87f4f741ff20df06ebb234.php 第 45 行.
NOTIC: [8] Undefined index: css E:\phpStudy\WWW\qcdk\Runtime\Cache\Admin\f3d449a67b87f4f741ff20df06ebb234.php 第 48 行.
NOTIC: [8] Undefined index: css E:\phpStudy\WWW\qcdk\Runtime\Cache\Admin\f3d449a67b87f4f741ff20df06ebb234.php 第 48 行.
NOTIC: [8] Undefined index: css E:\phpStudy\WWW\qcdk\Runtime\Cache\Admin\f3d449a67b87f4f741ff20df06ebb234.php 第 48 行.
NOTIC: [8] Undefined index: css E:\phpStudy\WWW\qcdk\Runtime\Cache\Admin\f3d449a67b87f4f741ff20df06ebb234.php 第 48 行.
NOTIC: [8] Undefined index: css E:\phpStudy\WWW\qcdk\Runtime\Cache\Admin\f3d449a67b87f4f741ff20df06ebb234.php 第 48 行.
NOTIC: [8] Undefined index: css E:\phpStudy\WWW\qcdk\Runtime\Cache\Admin\f3d449a67b87f4f741ff20df06ebb234.php 第 48 行.
NOTIC: [8] Undefined index: css E:\phpStudy\WWW\qcdk\Runtime\Cache\Admin\f3d449a67b87f4f741ff20df06ebb234.php 第 45 行.
NOTIC: [8] Undefined index: css E:\phpStudy\WWW\qcdk\Runtime\Cache\Admin\f3d449a67b87f4f741ff20df06ebb234.php 第 48 行.
NOTIC: [8] Undefined index: css E:\phpStudy\WWW\qcdk\Runtime\Cache\Admin\f3d449a67b87f4f741ff20df06ebb234.php 第 48 行.
NOTIC: [8] Undefined index: css E:\phpStudy\WWW\qcdk\Runtime\Cache\Admin\f3d449a67b87f4f741ff20df06ebb234.php 第 48 行.
NOTIC: [8] Undefined index: css E:\phpStudy\WWW\qcdk\Runtime\Cache\Admin\f3d449a67b87f4f741ff20df06ebb234.php 第 45 行.
NOTIC: [8] Undefined index: css E:\phpStudy\WWW\qcdk\Runtime\Cache\Admin\f3d449a67b87f4f741ff20df06ebb234.php 第 48 行.
NOTIC: [8] Undefined index: css E:\phpStudy\WWW\qcdk\Runtime\Cache\Admin\f3d449a67b87f4f741ff20df06ebb234.php 第 48 行.
NOTIC: [8] Undefined index: css E:\phpStudy\WWW\qcdk\Runtime\Cache\Admin\f3d449a67b87f4f741ff20df06ebb234.php 第 48 行.
INFO: Run Behavior\ParseTemplateBehavior [ RunTime:0.012001s ]
INFO: [ view_parse ] --END-- [ RunTime:0.012001s ]
INFO: [ view_filter ] --START--
INFO: Run Behavior\WriteHtmlCacheBehavior [ RunTime:0.001000s ]
INFO: [ view_filter ] --END-- [ RunTime:0.001000s ]
INFO: [ app_end ] --START--
INFO: Run Behavior\ShowPageTraceBehavior [ RunTime:0.001000s ]
INFO: [ app_end ] --END-- [ RunTime:0.001000s ]

[ 2016-11-01T14:35:16+08:00 ] 127.0.0.1 /Admin/Admin/index/pid/2.html
INFO: [ app_init ] --START--
INFO: Run Behavior\BuildLiteBehavior [ RunTime:0.000000s ]
INFO: [ app_init ] --END-- [ RunTime:0.001000s ]
INFO: [ app_begin ] --START--
INFO: Run Behavior\ReadHtmlCacheBehavior [ RunTime:0.001000s ]
INFO: [ app_begin ] --END-- [ RunTime:0.001000s ]
SQL: SHOW COLUMNS FROM `qcdk_admin_user` [ RunTime:0.0020s ]
SQL: SELECT * FROM `qcdk_admin_user` WHERE ( id=1 ) LIMIT 1   [ RunTime:0.0000s ]
SQL: SHOW COLUMNS FROM `qcdk_admin_auth_group_access` [ RunTime:0.0010s ]
SQL: SELECT g.title FROM qcdk_admin_auth_group_access a INNER JOIN qcdk_admin_auth_group g ON a.group_id=g.id  WHERE a.uid = 1 LIMIT 1   [ RunTime:0.0010s ]
SQL: SHOW COLUMNS FROM `qcdk_admin_auth_group_access` [ RunTime:0.0020s ]
SQL: SELECT `group_id` FROM `qcdk_admin_auth_group_access` WHERE ( uid=1 ) LIMIT 1   [ RunTime:0.0000s ]
SQL: SHOW COLUMNS FROM `qcdk_admin_auth_group` [ RunTime:0.0020s ]
SQL: SELECT `rules` FROM `qcdk_admin_auth_group` WHERE ( id =1 ) LIMIT 1   [ RunTime:0.0000s ]
SQL: SHOW COLUMNS FROM `qcdk_admin_auth_rule` [ RunTime:0.0020s ]
SQL: SELECT * FROM `qcdk_admin_auth_rule` WHERE `status` = 1 ORDER BY sort asc  [ RunTime:0.0010s ]
NOTIC: [8] Undefined index: leve E:\phpStudy\WWW\qcdk\Application\Common\Controller\ABaseController.class.php 第 100 行.
NOTIC: [8] Undefined index: leve E:\phpStudy\WWW\qcdk\Application\Common\Controller\ABaseController.class.php 第 100 行.
NOTIC: [8] Undefined index: leve E:\phpStudy\WWW\qcdk\Application\Common\Controller\ABaseController.class.php 第 100 行.
SQL: SHOW COLUMNS FROM `qcdk_admin_auth_group_access` [ RunTime:0.0020s ]
SQL: SELECT `id`,`title` FROM `qcdk_admin_auth_group` WHERE `status` = 1  [ RunTime:0.0000s ]
SQL: SHOW COLUMNS FROM `qcdk_admin_user` [ RunTime:0.0020s ]
SQL: SELECT COUNT(*) AS tp_count FROM qcdk_admin_user u,qcdk_admin_auth_group g,qcdk_admin_auth_group_access a WHERE ( u.id = a.uid and a.group_id = g.id ) LIMIT 1   [ RunTime:0.0010s ]
SQL: SHOW COLUMNS FROM `qcdk_admin_user` [ RunTime:0.0030s ]
SQL: SELECT u.id,u.username,u.nickname,u.last_login_time,u.login_count,u.email,u.status,g.title FROM qcdk_admin_user u,qcdk_admin_auth_group g,qcdk_admin_auth_group_access a WHERE ( u.id = a.uid and a.group_id = g.id ) LIMIT 0,15   [ RunTime:0.0010s ]
INFO: [ view_parse ] --START--
INFO: [ template_filter ] --START--
INFO: Run Behavior\ContentReplaceBehavior [ RunTime:0.000000s ]
INFO: [ template_filter ] --END-- [ RunTime:0.000000s ]
NOTIC: [8] Use of undefined constant site_title - assumed 'site_title' E:\phpStudy\WWW\qcdk\Runtime\Cache\Admin\184f2a8bfccfe1f150393e98409e2b23.php 第 9 行.
NOTIC: [8] Undefined index: css E:\phpStudy\WWW\qcdk\Runtime\Cache\Admin\184f2a8bfccfe1f150393e98409e2b23.php 第 45 行.
NOTIC: [8] Undefined index: css E:\phpStudy\WWW\qcdk\Runtime\Cache\Admin\184f2a8bfccfe1f150393e98409e2b23.php 第 48 行.
NOTIC: [8] Undefined index: css E:\phpStudy\WWW\qcdk\Runtime\Cache\Admin\184f2a8bfccfe1f150393e98409e2b23.php 第 48 行.
NOTIC: [8] Undefined index: css E:\phpStudy\WWW\qcdk\Runtime\Cache\Admin\184f2a8bfccfe1f150393e98409e2b23.php 第 45 行.
NOTIC: [8] Undefined index: css E:\phpStudy\WWW\qcdk\Runtime\Cache\Admin\184f2a8bfccfe1f150393e98409e2b23.php 第 48 行.
NOTIC: [8] Undefined index: css E:\phpStudy\WWW\qcdk\Runtime\Cache\Admin\184f2a8bfccfe1f150393e98409e2b23.php 第 48 行.
NOTIC: [8] Undefined index: css E:\phpStudy\WWW\qcdk\Runtime\Cache\Admin\184f2a8bfccfe1f150393e98409e2b23.php 第 45 行.
NOTIC: [8] Undefined index: css E:\phpStudy\WWW\qcdk\Runtime\Cache\Admin\184f2a8bfccfe1f150393e98409e2b23.php 第 48 行.
NOTIC: [8] Undefined index: css E:\phpStudy\WWW\qcdk\Runtime\Cache\Admin\184f2a8bfccfe1f150393e98409e2b23.php 第 48 行.
NOTIC: [8] Undefined index: css E:\phpStudy\WWW\qcdk\Runtime\Cache\Admin\184f2a8bfccfe1f150393e98409e2b23.php 第 48 行.
NOTIC: [8] Undefined index: css E:\phpStudy\WWW\qcdk\Runtime\Cache\Admin\184f2a8bfccfe1f150393e98409e2b23.php 第 48 行.
INFO: Run Behavior\ParseTemplateBehavior [ RunTime:0.010000s ]
INFO: [ view_parse ] --END-- [ RunTime:0.010000s ]
INFO: [ view_filter ] --START--
INFO: Run Behavior\WriteHtmlCacheBehavior [ RunTime:0.000000s ]
INFO: [ view_filter ] --END-- [ RunTime:0.000000s ]
INFO: [ app_end ] --START--
INFO: Run Behavior\ShowPageTraceBehavior [ RunTime:0.000000s ]
INFO: [ app_end ] --END-- [ RunTime:0.000000s ]

[ 2016-11-01T14:35:22+08:00 ] 127.0.0.1 /Admin/Index/index/pid/1.html
INFO: [ app_init ] --START--
INFO: Run Behavior\BuildLiteBehavior [ RunTime:0.000000s ]
INFO: [ app_init ] --END-- [ RunTime:0.001000s ]
INFO: [ app_begin ] --START--
INFO: Run Behavior\ReadHtmlCacheBehavior [ RunTime:0.001000s ]
INFO: [ app_begin ] --END-- [ RunTime:0.001000s ]
SQL: SHOW COLUMNS FROM `qcdk_admin_user` [ RunTime:0.0020s ]
SQL: SELECT * FROM `qcdk_admin_user` WHERE ( id=1 ) LIMIT 1   [ RunTime:0.0000s ]
SQL: SHOW COLUMNS FROM `qcdk_admin_auth_group_access` [ RunTime:0.0020s ]
SQL: SELECT g.title FROM qcdk_admin_auth_group_access a INNER JOIN qcdk_admin_auth_group g ON a.group_id=g.id  WHERE a.uid = 1 LIMIT 1   [ RunTime:0.0000s ]
SQL: SHOW COLUMNS FROM `qcdk_admin_auth_group_access` [ RunTime:0.0020s ]
SQL: SELECT `group_id` FROM `qcdk_admin_auth_group_access` WHERE ( uid=1 ) LIMIT 1   [ RunTime:0.0010s ]
SQL: SHOW COLUMNS FROM `qcdk_admin_auth_group` [ RunTime:0.0020s ]
SQL: SELECT `rules` FROM `qcdk_admin_auth_group` WHERE ( id =1 ) LIMIT 1   [ RunTime:0.0000s ]
SQL: SHOW COLUMNS FROM `qcdk_admin_auth_rule` [ RunTime:0.0020s ]
SQL: SELECT * FROM `qcdk_admin_auth_rule` WHERE `status` = 1 ORDER BY sort asc  [ RunTime:0.0010s ]
NOTIC: [8] Undefined index: leve E:\phpStudy\WWW\qcdk\Application\Common\Controller\ABaseController.class.php 第 100 行.
INFO: [ view_parse ] --START--
INFO: [ template_filter ] --START--
INFO: Run Behavior\ContentReplaceBehavior [ RunTime:0.000000s ]
INFO: [ template_filter ] --END-- [ RunTime:0.000000s ]
NOTIC: [8] Use of undefined constant site_title - assumed 'site_title' E:\phpStudy\WWW\qcdk\Runtime\Cache\Admin\f2ec704c1aec4335c2b01d3121784421.php 第 9 行.
NOTIC: [8] Undefined index: css E:\phpStudy\WWW\qcdk\Runtime\Cache\Admin\f2ec704c1aec4335c2b01d3121784421.php 第 45 行.
NOTIC: [8] Undefined index: css E:\phpStudy\WWW\qcdk\Runtime\Cache\Admin\f2ec704c1aec4335c2b01d3121784421.php 第 45 行.
NOTIC: [8] Undefined index: css E:\phpStudy\WWW\qcdk\Runtime\Cache\Admin\f2ec704c1aec4335c2b01d3121784421.php 第 45 行.
NOTIC: [8] Undefined variable: smsNum E:\phpStudy\WWW\qcdk\Runtime\Cache\Admin\f2ec704c1aec4335c2b01d3121784421.php 第 91 行.
NOTIC: [8] Undefined variable: smsNum E:\phpStudy\WWW\qcdk\Runtime\Cache\Admin\f2ec704c1aec4335c2b01d3121784421.php 第 91 行.
INFO: Run Behavior\ParseTemplateBehavior [ RunTime:0.008001s ]
INFO: [ view_parse ] --END-- [ RunTime:0.008001s ]
INFO: [ view_filter ] --START--
INFO: Run Behavior\WriteHtmlCacheBehavior [ RunTime:0.000000s ]
INFO: [ view_filter ] --END-- [ RunTime:0.000000s ]
INFO: [ app_end ] --START--
INFO: Run Behavior\ShowPageTraceBehavior [ RunTime:0.001000s ]
INFO: [ app_end ] --END-- [ RunTime:0.001000s ]

[ 2016-11-01T16:33:41+08:00 ] 127.0.0.1 /Admin/Index/index/pid/1.html
INFO: [ app_init ] --START--
INFO: Run Behavior\BuildLiteBehavior [ RunTime:0.000000s ]
INFO: [ app_init ] --END-- [ RunTime:0.002000s ]
INFO: [ app_begin ] --START--
INFO: Run Behavior\ReadHtmlCacheBehavior [ RunTime:0.001000s ]
INFO: [ app_begin ] --END-- [ RunTime:0.001000s ]
SQL: SHOW COLUMNS FROM `qcdk_admin_user` [ RunTime:0.0120s ]
SQL: SELECT * FROM `qcdk_admin_user` WHERE ( id=1 ) LIMIT 1   [ RunTime:0.0060s ]
SQL: SHOW COLUMNS FROM `qcdk_admin_auth_group_access` [ RunTime:0.0040s ]
SQL: SELECT g.title FROM qcdk_admin_auth_group_access a INNER JOIN qcdk_admin_auth_group g ON a.group_id=g.id  WHERE a.uid = 1 LIMIT 1   [ RunTime:0.0020s ]
SQL: SHOW COLUMNS FROM `qcdk_admin_auth_group_access` [ RunTime:0.0030s ]
SQL: SELECT `group_id` FROM `qcdk_admin_auth_group_access` WHERE ( uid=1 ) LIMIT 1   [ RunTime:0.0000s ]
SQL: SHOW COLUMNS FROM `qcdk_admin_auth_group` [ RunTime:0.0030s ]
SQL: SELECT `rules` FROM `qcdk_admin_auth_group` WHERE ( id =1 ) LIMIT 1   [ RunTime:0.0010s ]
SQL: SHOW COLUMNS FROM `qcdk_admin_auth_rule` [ RunTime:0.0020s ]
SQL: SELECT * FROM `qcdk_admin_auth_rule` WHERE `status` = 1 ORDER BY sort asc  [ RunTime:0.0120s ]
NOTIC: [8] Undefined index: leve E:\phpStudy\WWW\qcdk\Application\Common\Controller\ABaseController.class.php 第 100 行.
INFO: [ view_parse ] --START--
INFO: [ template_filter ] --START--
INFO: Run Behavior\ContentReplaceBehavior [ RunTime:0.000000s ]
INFO: [ template_filter ] --END-- [ RunTime:0.000000s ]
NOTIC: [8] Use of undefined constant site_title - assumed 'site_title' E:\phpStudy\WWW\qcdk\Runtime\Cache\Admin\f2ec704c1aec4335c2b01d3121784421.php 第 9 行.
NOTIC: [8] Undefined index: css E:\phpStudy\WWW\qcdk\Runtime\Cache\Admin\f2ec704c1aec4335c2b01d3121784421.php 第 45 行.
NOTIC: [8] Undefined index: css E:\phpStudy\WWW\qcdk\Runtime\Cache\Admin\f2ec704c1aec4335c2b01d3121784421.php 第 45 行.
NOTIC: [8] Undefined index: css E:\phpStudy\WWW\qcdk\Runtime\Cache\Admin\f2ec704c1aec4335c2b01d3121784421.php 第 45 行.
NOTIC: [8] Undefined variable: smsNum E:\phpStudy\WWW\qcdk\Runtime\Cache\Admin\f2ec704c1aec4335c2b01d3121784421.php 第 91 行.
NOTIC: [8] Undefined variable: smsNum E:\phpStudy\WWW\qcdk\Runtime\Cache\Admin\f2ec704c1aec4335c2b01d3121784421.php 第 91 行.
INFO: Run Behavior\ParseTemplateBehavior [ RunTime:0.020001s ]
INFO: [ view_parse ] --END-- [ RunTime:0.020001s ]
INFO: [ view_filter ] --START--
INFO: Run Behavior\WriteHtmlCacheBehavior [ RunTime:0.000000s ]
INFO: [ view_filter ] --END-- [ RunTime:0.000000s ]
INFO: [ app_end ] --START--
INFO: Run Behavior\ShowPageTraceBehavior [ RunTime:0.001000s ]
INFO: [ app_end ] --END-- [ RunTime:0.001000s ]

[ 2016-11-01T16:33:44+08:00 ] 127.0.0.1 /Admin/Index/index/pid/1.html
INFO: [ app_init ] --START--
INFO: Run Behavior\BuildLiteBehavior [ RunTime:0.000000s ]
INFO: [ app_init ] --END-- [ RunTime:0.001000s ]
INFO: [ app_begin ] --START--
INFO: Run Behavior\ReadHtmlCacheBehavior [ RunTime:0.002000s ]
INFO: [ app_begin ] --END-- [ RunTime:0.003000s ]
SQL: SHOW COLUMNS FROM `qcdk_admin_user` [ RunTime:0.0020s ]
SQL: SELECT * FROM `qcdk_admin_user` WHERE ( id=1 ) LIMIT 1   [ RunTime:0.0000s ]
SQL: SHOW COLUMNS FROM `qcdk_admin_auth_group_access` [ RunTime:0.0020s ]
SQL: SELECT g.title FROM qcdk_admin_auth_group_access a INNER JOIN qcdk_admin_auth_group g ON a.group_id=g.id  WHERE a.uid = 1 LIMIT 1   [ RunTime:0.0010s ]
SQL: SHOW COLUMNS FROM `qcdk_admin_auth_group_access` [ RunTime:0.0030s ]
SQL: SELECT `group_id` FROM `qcdk_admin_auth_group_access` WHERE ( uid=1 ) LIMIT 1   [ RunTime:0.0000s ]
SQL: SHOW COLUMNS FROM `qcdk_admin_auth_group` [ RunTime:0.0020s ]
SQL: SELECT `rules` FROM `qcdk_admin_auth_group` WHERE ( id =1 ) LIMIT 1   [ RunTime:0.0010s ]
SQL: SHOW COLUMNS FROM `qcdk_admin_auth_rule` [ RunTime:0.0020s ]
SQL: SELECT * FROM `qcdk_admin_auth_rule` WHERE `status` = 1 ORDER BY sort asc  [ RunTime:0.0010s ]
NOTIC: [8] Undefined index: leve E:\phpStudy\WWW\qcdk\Application\Common\Controller\ABaseController.class.php 第 100 行.
INFO: [ view_parse ] --START--
INFO: [ template_filter ] --START--
INFO: Run Behavior\ContentReplaceBehavior [ RunTime:0.000000s ]
INFO: [ template_filter ] --END-- [ RunTime:0.000000s ]
NOTIC: [8] Use of undefined constant site_title - assumed 'site_title' E:\phpStudy\WWW\qcdk\Runtime\Cache\Admin\f2ec704c1aec4335c2b01d3121784421.php 第 9 行.
NOTIC: [8] Undefined index: css E:\phpStudy\WWW\qcdk\Runtime\Cache\Admin\f2ec704c1aec4335c2b01d3121784421.php 第 45 行.
NOTIC: [8] Undefined index: css E:\phpStudy\WWW\qcdk\Runtime\Cache\Admin\f2ec704c1aec4335c2b01d3121784421.php 第 45 行.
NOTIC: [8] Undefined index: css E:\phpStudy\WWW\qcdk\Runtime\Cache\Admin\f2ec704c1aec4335c2b01d3121784421.php 第 45 行.
NOTIC: [8] Undefined variable: smsNum E:\phpStudy\WWW\qcdk\Runtime\Cache\Admin\f2ec704c1aec4335c2b01d3121784421.php 第 91 行.
NOTIC: [8] Undefined variable: smsNum E:\phpStudy\WWW\qcdk\Runtime\Cache\Admin\f2ec704c1aec4335c2b01d3121784421.php 第 91 行.
INFO: Run Behavior\ParseTemplateBehavior [ RunTime:0.008001s ]
INFO: [ view_parse ] --END-- [ RunTime:0.008001s ]
INFO: [ view_filter ] --START--
INFO: Run Behavior\WriteHtmlCacheBehavior [ RunTime:0.000000s ]
INFO: [ view_filter ] --END-- [ RunTime:0.000000s ]
INFO: [ app_end ] --START--
INFO: Run Behavior\ShowPageTraceBehavior [ RunTime:0.001000s ]
INFO: [ app_end ] --END-- [ RunTime:0.001000s ]

[ 2016-11-01T16:33:49+08:00 ] 127.0.0.1 /Admin/Public/logout.html
INFO: [ app_init ] --START--
INFO: Run Behavior\BuildLiteBehavior [ RunTime:0.000000s ]
INFO: [ app_init ] --END-- [ RunTime:0.001000s ]
INFO: [ app_begin ] --START--
INFO: Run Behavior\ReadHtmlCacheBehavior [ RunTime:0.001000s ]
INFO: [ app_begin ] --END-- [ RunTime:0.001000s ]
SQL: SHOW COLUMNS FROM `qcdk_admin_log` [ RunTime:0.0040s ]
NOTIC: [8] Undefined index: validate E:\phpStudy\WWW\qcdk\Core\Library\Think\Model.class.php 第 1185 行.
NOTIC: [8] Undefined index: auto E:\phpStudy\WWW\qcdk\Core\Library\Think\Model.class.php 第 1128 行.
SQL: SHOW COLUMNS FROM `qcdk_admin_auth_group_access` [ RunTime:0.0020s ]
SQL: SELECT g.title FROM qcdk_admin_auth_group_access a INNER JOIN qcdk_admin_auth_group g ON a.group_id=g.id  WHERE a.uid = '1' LIMIT 1   [ RunTime:0.0020s ]
SQL: INSERT INTO `qcdk_admin_log` (`remark`,`action_status`,`action_id`,`action_group`,`action_user`,`action_ip`,`time`) VALUES ('退出后台','1','1','超级管理员','admin','127.0.0.1','1477989229') [ RunTime:0.0130s ]

[ 2016-11-01T16:33:49+08:00 ] 127.0.0.1 /Admin/Public/login.html
INFO: [ app_init ] --START--
INFO: Run Behavior\BuildLiteBehavior [ RunTime:0.000000s ]
INFO: [ app_init ] --END-- [ RunTime:0.001000s ]
INFO: [ app_begin ] --START--
INFO: Run Behavior\ReadHtmlCacheBehavior [ RunTime:0.000000s ]
INFO: [ app_begin ] --END-- [ RunTime:0.000000s ]
INFO: [ view_parse ] --START--
INFO: [ template_filter ] --START--
INFO: Run Behavior\ContentReplaceBehavior [ RunTime:0.000000s ]
INFO: [ template_filter ] --END-- [ RunTime:0.000000s ]
NOTIC: [8] Use of undefined constant site_title - assumed 'site_title' E:\phpStudy\WWW\qcdk\Runtime\Cache\Admin\cd6ac5eddeb5b4cf3cbec5e98bef4d40.php 第 14 行.
NOTIC: [8] Use of undefined constant site_title - assumed 'site_title' E:\phpStudy\WWW\qcdk\Runtime\Cache\Admin\cd6ac5eddeb5b4cf3cbec5e98bef4d40.php 第 50 行.
INFO: Run Behavior\ParseTemplateBehavior [ RunTime:0.005000s ]
INFO: [ view_parse ] --END-- [ RunTime:0.005000s ]
INFO: [ view_filter ] --START--
INFO: Run Behavior\WriteHtmlCacheBehavior [ RunTime:0.001000s ]
INFO: [ view_filter ] --END-- [ RunTime:0.001000s ]
INFO: [ app_end ] --START--
INFO: Run Behavior\ShowPageTraceBehavior [ RunTime:0.000000s ]
INFO: [ app_end ] --END-- [ RunTime:0.000000s ]

[ 2016-11-01T16:33:49+08:00 ] 127.0.0.1 /Admin/Public/verify.html
INFO: [ app_init ] --START--
INFO: Run Behavior\BuildLiteBehavior [ RunTime:0.000000s ]
INFO: [ app_init ] --END-- [ RunTime:0.001000s ]
INFO: [ app_begin ] --START--
INFO: Run Behavior\ReadHtmlCacheBehavior [ RunTime:0.002000s ]
INFO: [ app_begin ] --END-- [ RunTime:0.003000s ]
INFO: [ app_end ] --START--
INFO: Run Behavior\ShowPageTraceBehavior [ RunTime:0.002000s ]
INFO: [ app_end ] --END-- [ RunTime:0.002000s ]

[ 2016-11-01T16:33:59+08:00 ] 127.0.0.1 /Admin/Public/checkLogin.html
INFO: [ app_init ] --START--
INFO: Run Behavior\BuildLiteBehavior [ RunTime:0.000000s ]
INFO: [ app_init ] --END-- [ RunTime:0.000000s ]
INFO: [ app_begin ] --START--
INFO: Run Behavior\ReadHtmlCacheBehavior [ RunTime:0.000000s ]
INFO: [ app_begin ] --END-- [ RunTime:0.000000s ]
SQL: SHOW COLUMNS FROM `qcdk_admin_user` [ RunTime:0.0020s ]
SQL: SELECT * FROM `qcdk_admin_user` WHERE `username` = 'admin' LIMIT 1   [ RunTime:0.0000s ]
SQL: UPDATE `qcdk_admin_user` SET `login_key`='a66b19dc0dc394a40bb0695e5ba23ccb' WHERE `id` = 1 [ RunTime:0.0050s ]
SQL: UPDATE `qcdk_admin_user` SET `last_login_time`='1477989239',`last_login_ip`='127.0.0.1',`login_count`=(login_count+1) WHERE `id` = 1 [ RunTime:0.0070s ]
SQL: SHOW COLUMNS FROM `qcdk_admin_log` [ RunTime:0.0030s ]
NOTIC: [8] Undefined index: validate E:\phpStudy\WWW\qcdk\Core\Library\Think\Model.class.php 第 1185 行.
NOTIC: [8] Undefined index: auto E:\phpStudy\WWW\qcdk\Core\Library\Think\Model.class.php 第 1128 行.
SQL: SHOW COLUMNS FROM `qcdk_admin_auth_group_access` [ RunTime:0.0020s ]
SQL: SELECT g.title FROM qcdk_admin_auth_group_access a INNER JOIN qcdk_admin_auth_group g ON a.group_id=g.id  WHERE a.uid = '1' LIMIT 1   [ RunTime:0.0000s ]
SQL: INSERT INTO `qcdk_admin_log` (`remark`,`action_status`,`action_id`,`action_group`,`action_user`,`action_ip`,`time`) VALUES ('登录后台','1','1','超级管理员','admin','127.0.0.1','1477989239') [ RunTime:0.0040s ]

[ 2016-11-01T16:34:01+08:00 ] 127.0.0.1 /Admin/Index/index.html
INFO: [ app_init ] --START--
INFO: Run Behavior\BuildLiteBehavior [ RunTime:0.000000s ]
INFO: [ app_init ] --END-- [ RunTime:0.000000s ]
INFO: [ app_begin ] --START--
INFO: Run Behavior\ReadHtmlCacheBehavior [ RunTime:0.000000s ]
INFO: [ app_begin ] --END-- [ RunTime:0.000000s ]
SQL: SHOW COLUMNS FROM `qcdk_admin_user` [ RunTime:0.0020s ]
SQL: SELECT * FROM `qcdk_admin_user` WHERE ( id=1 ) LIMIT 1   [ RunTime:0.0000s ]
SQL: SHOW COLUMNS FROM `qcdk_admin_auth_group_access` [ RunTime:0.0040s ]
SQL: SELECT g.title FROM qcdk_admin_auth_group_access a INNER JOIN qcdk_admin_auth_group g ON a.group_id=g.id  WHERE a.uid = 1 LIMIT 1   [ RunTime:0.0000s ]
SQL: SHOW COLUMNS FROM `qcdk_admin_auth_group_access` [ RunTime:0.0020s ]
SQL: SELECT `group_id` FROM `qcdk_admin_auth_group_access` WHERE ( uid=1 ) LIMIT 1   [ RunTime:0.0000s ]
SQL: SHOW COLUMNS FROM `qcdk_admin_auth_group` [ RunTime:0.0020s ]
SQL: SELECT `rules` FROM `qcdk_admin_auth_group` WHERE ( id =1 ) LIMIT 1   [ RunTime:0.0000s ]
SQL: SHOW COLUMNS FROM `qcdk_admin_auth_rule` [ RunTime:0.0020s ]
SQL: SELECT * FROM `qcdk_admin_auth_rule` WHERE `status` = 1 ORDER BY sort asc  [ RunTime:0.0000s ]
NOTIC: [8] Undefined index: leve E:\phpStudy\WWW\qcdk\Application\Common\Controller\ABaseController.class.php 第 100 行.
INFO: [ view_parse ] --START--
INFO: [ template_filter ] --START--
INFO: Run Behavior\ContentReplaceBehavior [ RunTime:0.000000s ]
INFO: [ template_filter ] --END-- [ RunTime:0.000000s ]
NOTIC: [8] Use of undefined constant site_title - assumed 'site_title' E:\phpStudy\WWW\qcdk\Runtime\Cache\Admin\f2ec704c1aec4335c2b01d3121784421.php 第 9 行.
NOTIC: [8] Undefined index: css E:\phpStudy\WWW\qcdk\Runtime\Cache\Admin\f2ec704c1aec4335c2b01d3121784421.php 第 45 行.
NOTIC: [8] Undefined index: css E:\phpStudy\WWW\qcdk\Runtime\Cache\Admin\f2ec704c1aec4335c2b01d3121784421.php 第 45 行.
NOTIC: [8] Undefined index: css E:\phpStudy\WWW\qcdk\Runtime\Cache\Admin\f2ec704c1aec4335c2b01d3121784421.php 第 45 行.
NOTIC: [8] Undefined variable: smsNum E:\phpStudy\WWW\qcdk\Runtime\Cache\Admin\f2ec704c1aec4335c2b01d3121784421.php 第 91 行.
NOTIC: [8] Undefined variable: smsNum E:\phpStudy\WWW\qcdk\Runtime\Cache\Admin\f2ec704c1aec4335c2b01d3121784421.php 第 91 行.
INFO: Run Behavior\ParseTemplateBehavior [ RunTime:0.008001s ]
INFO: [ view_parse ] --END-- [ RunTime:0.008001s ]
INFO: [ view_filter ] --START--
INFO: Run Behavior\WriteHtmlCacheBehavior [ RunTime:0.000000s ]
INFO: [ view_filter ] --END-- [ RunTime:0.000000s ]
INFO: [ app_end ] --START--
INFO: Run Behavior\ShowPageTraceBehavior [ RunTime:0.000000s ]
INFO: [ app_end ] --END-- [ RunTime:0.001000s ]

[ 2016-11-01T16:34:04+08:00 ] 127.0.0.1 /Admin/Depart/index/pid/31.html
INFO: [ app_init ] --START--
INFO: Run Behavior\BuildLiteBehavior [ RunTime:0.000000s ]
INFO: [ app_init ] --END-- [ RunTime:0.001000s ]
INFO: [ app_begin ] --START--
INFO: Run Behavior\ReadHtmlCacheBehavior [ RunTime:0.000000s ]
INFO: [ app_begin ] --END-- [ RunTime:0.000000s ]
SQL: SHOW COLUMNS FROM `qcdk_admin_user` [ RunTime:0.0020s ]
SQL: SELECT * FROM `qcdk_admin_user` WHERE ( id=1 ) LIMIT 1   [ RunTime:0.0000s ]
SQL: SHOW COLUMNS FROM `qcdk_admin_auth_group_access` [ RunTime:0.0020s ]
SQL: SELECT g.title FROM qcdk_admin_auth_group_access a INNER JOIN qcdk_admin_auth_group g ON a.group_id=g.id  WHERE a.uid = 1 LIMIT 1   [ RunTime:0.0010s ]
SQL: SHOW COLUMNS FROM `qcdk_admin_auth_group_access` [ RunTime:0.0010s ]
SQL: SELECT `group_id` FROM `qcdk_admin_auth_group_access` WHERE ( uid=1 ) LIMIT 1   [ RunTime:0.0000s ]
SQL: SHOW COLUMNS FROM `qcdk_admin_auth_group` [ RunTime:0.0020s ]
SQL: SELECT `rules` FROM `qcdk_admin_auth_group` WHERE ( id =1 ) LIMIT 1   [ RunTime:0.0000s ]
SQL: SHOW COLUMNS FROM `qcdk_admin_auth_rule` [ RunTime:0.0020s ]
SQL: SELECT * FROM `qcdk_admin_auth_rule` WHERE `status` = 1 ORDER BY sort asc  [ RunTime:0.0010s ]
NOTIC: [8] Undefined index: leve E:\phpStudy\WWW\qcdk\Application\Common\Controller\ABaseController.class.php 第 100 行.
NOTIC: [8] Undefined index: leve E:\phpStudy\WWW\qcdk\Application\Common\Controller\ABaseController.class.php 第 100 行.
NOTIC: [8] Undefined index: leve E:\phpStudy\WWW\qcdk\Application\Common\Controller\ABaseController.class.php 第 100 行.
NOTIC: [8] Undefined index: leve E:\phpStudy\WWW\qcdk\Application\Common\Controller\ABaseController.class.php 第 100 行.
SQL: SHOW COLUMNS FROM `qcdk_depart` [ RunTime:0.0040s ]
NOTIC: [2] Invalid argument supplied for foreach() E:\phpStudy\WWW\qcdk\Core\Library\Think\Db\Driver.class.php 第 504 行.
SQL: SELECT COUNT(*) AS tp_count FROM `qcdk_depart` LIMIT 1   [ RunTime:0.0030s ]
NOTIC: [2] Invalid argument supplied for foreach() E:\phpStudy\WWW\qcdk\Core\Library\Think\Db\Driver.class.php 第 504 行.
SQL: SELECT * FROM `qcdk_depart` ORDER BY orders asc LIMIT 0,15   [ RunTime:0.0000s ]
INFO: [ view_parse ] --START--
INFO: [ template_filter ] --START--
INFO: Run Behavior\ContentReplaceBehavior [ RunTime:0.000000s ]
INFO: [ template_filter ] --END-- [ RunTime:0.000000s ]
NOTIC: [8] Use of undefined constant site_title - assumed 'site_title' E:\phpStudy\WWW\qcdk\Runtime\Cache\Admin\b0bf62b9e1b96b4d293aaf8c99a4d105.php 第 9 行.
NOTIC: [8] Undefined index: css E:\phpStudy\WWW\qcdk\Runtime\Cache\Admin\b0bf62b9e1b96b4d293aaf8c99a4d105.php 第 45 行.
NOTIC: [8] Undefined index: css E:\phpStudy\WWW\qcdk\Runtime\Cache\Admin\b0bf62b9e1b96b4d293aaf8c99a4d105.php 第 48 行.
NOTIC: [8] Undefined index: css E:\phpStudy\WWW\qcdk\Runtime\Cache\Admin\b0bf62b9e1b96b4d293aaf8c99a4d105.php 第 48 行.
NOTIC: [8] Undefined index: css E:\phpStudy\WWW\qcdk\Runtime\Cache\Admin\b0bf62b9e1b96b4d293aaf8c99a4d105.php 第 48 行.
NOTIC: [8] Undefined index: css E:\phpStudy\WWW\qcdk\Runtime\Cache\Admin\b0bf62b9e1b96b4d293aaf8c99a4d105.php 第 48 行.
NOTIC: [8] Undefined index: css E:\phpStudy\WWW\qcdk\Runtime\Cache\Admin\b0bf62b9e1b96b4d293aaf8c99a4d105.php 第 48 行.
NOTIC: [8] Undefined index: css E:\phpStudy\WWW\qcdk\Runtime\Cache\Admin\b0bf62b9e1b96b4d293aaf8c99a4d105.php 第 48 行.
NOTIC: [8] Undefined index: css E:\phpStudy\WWW\qcdk\Runtime\Cache\Admin\b0bf62b9e1b96b4d293aaf8c99a4d105.php 第 45 行.
NOTIC: [8] Undefined index: css E:\phpStudy\WWW\qcdk\Runtime\Cache\Admin\b0bf62b9e1b96b4d293aaf8c99a4d105.php 第 48 行.
NOTIC: [8] Undefined index: css E:\phpStudy\WWW\qcdk\Runtime\Cache\Admin\b0bf62b9e1b96b4d293aaf8c99a4d105.php 第 48 行.
NOTIC: [8] Undefined index: css E:\phpStudy\WWW\qcdk\Runtime\Cache\Admin\b0bf62b9e1b96b4d293aaf8c99a4d105.php 第 48 行.
NOTIC: [8] Undefined index: css E:\phpStudy\WWW\qcdk\Runtime\Cache\Admin\b0bf62b9e1b96b4d293aaf8c99a4d105.php 第 45 行.
NOTIC: [8] Undefined index: css E:\phpStudy\WWW\qcdk\Runtime\Cache\Admin\b0bf62b9e1b96b4d293aaf8c99a4d105.php 第 48 行.
NOTIC: [8] Undefined index: css E:\phpStudy\WWW\qcdk\Runtime\Cache\Admin\b0bf62b9e1b96b4d293aaf8c99a4d105.php 第 48 行.
NOTIC: [8] Undefined index: css E:\phpStudy\WWW\qcdk\Runtime\Cache\Admin\b0bf62b9e1b96b4d293aaf8c99a4d105.php 第 48 行.
INFO: Run Behavior\ParseTemplateBehavior [ RunTime:0.010001s ]
INFO: [ view_parse ] --END-- [ RunTime:0.010001s ]
INFO: [ view_filter ] --START--
INFO: Run Behavior\WriteHtmlCacheBehavior [ RunTime:0.001000s ]
INFO: [ view_filter ] --END-- [ RunTime:0.001000s ]
INFO: [ app_end ] --START--
INFO: Run Behavior\ShowPageTraceBehavior [ RunTime:0.000000s ]
INFO: [ app_end ] --END-- [ RunTime:0.000000s ]

[ 2016-11-01T16:34:06+08:00 ] 127.0.0.1 /Admin/System/index/pid/7.html
INFO: [ app_init ] --START--
INFO: Run Behavior\BuildLiteBehavior [ RunTime:0.000000s ]
INFO: [ app_init ] --END-- [ RunTime:0.001000s ]
INFO: [ app_begin ] --START--
INFO: Run Behavior\ReadHtmlCacheBehavior [ RunTime:0.001000s ]
INFO: [ app_begin ] --END-- [ RunTime:0.001000s ]
SQL: SHOW COLUMNS FROM `qcdk_admin_user` [ RunTime:0.0030s ]
SQL: SELECT * FROM `qcdk_admin_user` WHERE ( id=1 ) LIMIT 1   [ RunTime:0.0000s ]
SQL: SHOW COLUMNS FROM `qcdk_admin_auth_group_access` [ RunTime:0.0020s ]
SQL: SELECT g.title FROM qcdk_admin_auth_group_access a INNER JOIN qcdk_admin_auth_group g ON a.group_id=g.id  WHERE a.uid = 1 LIMIT 1   [ RunTime:0.0000s ]
SQL: SHOW COLUMNS FROM `qcdk_admin_auth_group_access` [ RunTime:0.0020s ]
SQL: SELECT `group_id` FROM `qcdk_admin_auth_group_access` WHERE ( uid=1 ) LIMIT 1   [ RunTime:0.0010s ]
SQL: SHOW COLUMNS FROM `qcdk_admin_auth_group` [ RunTime:0.0020s ]
SQL: SELECT `rules` FROM `qcdk_admin_auth_group` WHERE ( id =1 ) LIMIT 1   [ RunTime:0.0000s ]
SQL: SHOW COLUMNS FROM `qcdk_admin_auth_rule` [ RunTime:0.0020s ]
SQL: SELECT * FROM `qcdk_admin_auth_rule` WHERE `status` = 1 ORDER BY sort asc  [ RunTime:0.0000s ]
NOTIC: [8] Undefined index: leve E:\phpStudy\WWW\qcdk\Application\Common\Controller\ABaseController.class.php 第 100 行.
SQL: SHOW COLUMNS FROM `qcdk_scene` [ RunTime:0.0030s ]
SQL: SELECT * FROM `qcdk_scene` WHERE `status` = 1  [ RunTime:0.0020s ]
INFO: [ view_parse ] --START--
INFO: [ template_filter ] --START--
INFO: Run Behavior\ContentReplaceBehavior [ RunTime:0.000000s ]
INFO: [ template_filter ] --END-- [ RunTime:0.000000s ]
NOTIC: [8] Use of undefined constant site_title - assumed 'site_title' E:\phpStudy\WWW\qcdk\Runtime\Cache\Admin\c81c7033f1fa0118d4abf4f06348c6bc.php 第 9 行.
NOTIC: [8] Undefined index: css E:\phpStudy\WWW\qcdk\Runtime\Cache\Admin\c81c7033f1fa0118d4abf4f06348c6bc.php 第 45 行.
NOTIC: [8] Undefined index: css E:\phpStudy\WWW\qcdk\Runtime\Cache\Admin\c81c7033f1fa0118d4abf4f06348c6bc.php 第 45 行.
NOTIC: [8] Undefined index: css E:\phpStudy\WWW\qcdk\Runtime\Cache\Admin\c81c7033f1fa0118d4abf4f06348c6bc.php 第 45 行.
INFO: Run Behavior\ParseTemplateBehavior [ RunTime:0.015001s ]
INFO: [ view_parse ] --END-- [ RunTime:0.015001s ]
INFO: [ view_filter ] --START--
INFO: Run Behavior\WriteHtmlCacheBehavior [ RunTime:0.000000s ]
INFO: [ view_filter ] --END-- [ RunTime:0.000000s ]
INFO: [ app_end ] --START--
INFO: Run Behavior\ShowPageTraceBehavior [ RunTime:0.001000s ]
INFO: [ app_end ] --END-- [ RunTime:0.001000s ]

[ 2016-11-01T16:34:08+08:00 ] 127.0.0.1 /Admin/Admin/index/pid/2.html
INFO: [ app_init ] --START--
INFO: Run Behavior\BuildLiteBehavior [ RunTime:0.000000s ]
INFO: [ app_init ] --END-- [ RunTime:0.001000s ]
INFO: [ app_begin ] --START--
INFO: Run Behavior\ReadHtmlCacheBehavior [ RunTime:0.001000s ]
INFO: [ app_begin ] --END-- [ RunTime:0.002000s ]
SQL: SHOW COLUMNS FROM `qcdk_admin_user` [ RunTime:0.0030s ]
SQL: SELECT * FROM `qcdk_admin_user` WHERE ( id=1 ) LIMIT 1   [ RunTime:0.0000s ]
SQL: SHOW COLUMNS FROM `qcdk_admin_auth_group_access` [ RunTime:0.0030s ]
SQL: SELECT g.title FROM qcdk_admin_auth_group_access a INNER JOIN qcdk_admin_auth_group g ON a.group_id=g.id  WHERE a.uid = 1 LIMIT 1   [ RunTime:0.0010s ]
SQL: SHOW COLUMNS FROM `qcdk_admin_auth_group_access` [ RunTime:0.0020s ]
SQL: SELECT `group_id` FROM `qcdk_admin_auth_group_access` WHERE ( uid=1 ) LIMIT 1   [ RunTime:0.0000s ]
SQL: SHOW COLUMNS FROM `qcdk_admin_auth_group` [ RunTime:0.0020s ]
SQL: SELECT `rules` FROM `qcdk_admin_auth_group` WHERE ( id =1 ) LIMIT 1   [ RunTime:0.0000s ]
SQL: SHOW COLUMNS FROM `qcdk_admin_auth_rule` [ RunTime:0.0020s ]
SQL: SELECT * FROM `qcdk_admin_auth_rule` WHERE `status` = 1 ORDER BY sort asc  [ RunTime:0.0010s ]
NOTIC: [8] Undefined index: leve E:\phpStudy\WWW\qcdk\Application\Common\Controller\ABaseController.class.php 第 100 行.
NOTIC: [8] Undefined index: leve E:\phpStudy\WWW\qcdk\Application\Common\Controller\ABaseController.class.php 第 100 行.
NOTIC: [8] Undefined index: leve E:\phpStudy\WWW\qcdk\Application\Common\Controller\ABaseController.class.php 第 100 行.
SQL: SHOW COLUMNS FROM `qcdk_admin_auth_group_access` [ RunTime:0.0020s ]
SQL: SELECT `id`,`title` FROM `qcdk_admin_auth_group` WHERE `status` = 1  [ RunTime:0.0000s ]
SQL: SHOW COLUMNS FROM `qcdk_admin_user` [ RunTime:0.0020s ]
SQL: SELECT COUNT(*) AS tp_count FROM qcdk_admin_user u,qcdk_admin_auth_group g,qcdk_admin_auth_group_access a WHERE ( u.id = a.uid and a.group_id = g.id ) LIMIT 1   [ RunTime:0.0000s ]
SQL: SHOW COLUMNS FROM `qcdk_admin_user` [ RunTime:0.0020s ]
SQL: SELECT u.id,u.username,u.nickname,u.last_login_time,u.login_count,u.email,u.status,g.title FROM qcdk_admin_user u,qcdk_admin_auth_group g,qcdk_admin_auth_group_access a WHERE ( u.id = a.uid and a.group_id = g.id ) LIMIT 0,15   [ RunTime:0.0000s ]
INFO: [ view_parse ] --START--
INFO: [ template_filter ] --START--
INFO: Run Behavior\ContentReplaceBehavior [ RunTime:0.000000s ]
INFO: [ template_filter ] --END-- [ RunTime:0.000000s ]
NOTIC: [8] Use of undefined constant site_title - assumed 'site_title' E:\phpStudy\WWW\qcdk\Runtime\Cache\Admin\184f2a8bfccfe1f150393e98409e2b23.php 第 9 行.
NOTIC: [8] Undefined index: css E:\phpStudy\WWW\qcdk\Runtime\Cache\Admin\184f2a8bfccfe1f150393e98409e2b23.php 第 45 行.
NOTIC: [8] Undefined index: css E:\phpStudy\WWW\qcdk\Runtime\Cache\Admin\184f2a8bfccfe1f150393e98409e2b23.php 第 48 行.
NOTIC: [8] Undefined index: css E:\phpStudy\WWW\qcdk\Runtime\Cache\Admin\184f2a8bfccfe1f150393e98409e2b23.php 第 48 行.
NOTIC: [8] Undefined index: css E:\phpStudy\WWW\qcdk\Runtime\Cache\Admin\184f2a8bfccfe1f150393e98409e2b23.php 第 45 行.
NOTIC: [8] Undefined index: css E:\phpStudy\WWW\qcdk\Runtime\Cache\Admin\184f2a8bfccfe1f150393e98409e2b23.php 第 48 行.
NOTIC: [8] Undefined index: css E:\phpStudy\WWW\qcdk\Runtime\Cache\Admin\184f2a8bfccfe1f150393e98409e2b23.php 第 48 行.
NOTIC: [8] Undefined index: css E:\phpStudy\WWW\qcdk\Runtime\Cache\Admin\184f2a8bfccfe1f150393e98409e2b23.php 第 45 行.
NOTIC: [8] Undefined index: css E:\phpStudy\WWW\qcdk\Runtime\Cache\Admin\184f2a8bfccfe1f150393e98409e2b23.php 第 48 行.
NOTIC: [8] Undefined index: css E:\phpStudy\WWW\qcdk\Runtime\Cache\Admin\184f2a8bfccfe1f150393e98409e2b23.php 第 48 行.
NOTIC: [8] Undefined index: css E:\phpStudy\WWW\qcdk\Runtime\Cache\Admin\184f2a8bfccfe1f150393e98409e2b23.php 第 48 行.
NOTIC: [8] Undefined index: css E:\phpStudy\WWW\qcdk\Runtime\Cache\Admin\184f2a8bfccfe1f150393e98409e2b23.php 第 48 行.
INFO: Run Behavior\ParseTemplateBehavior [ RunTime:0.010001s ]
INFO: [ view_parse ] --END-- [ RunTime:0.010001s ]
INFO: [ view_filter ] --START--
INFO: Run Behavior\WriteHtmlCacheBehavior [ RunTime:0.000000s ]
INFO: [ view_filter ] --END-- [ RunTime:0.000000s ]
INFO: [ app_end ] --START--
INFO: Run Behavior\ShowPageTraceBehavior [ RunTime:0.001000s ]
INFO: [ app_end ] --END-- [ RunTime:0.001000s ]

[ 2016-11-01T16:34:11+08:00 ] 127.0.0.1 /Admin/Index/index/pid/1.html
INFO: [ app_init ] --START--
INFO: Run Behavior\BuildLiteBehavior [ RunTime:0.000000s ]
INFO: [ app_init ] --END-- [ RunTime:0.000000s ]
INFO: [ app_begin ] --START--
INFO: Run Behavior\ReadHtmlCacheBehavior [ RunTime:0.001001s ]
INFO: [ app_begin ] --END-- [ RunTime:0.001001s ]
SQL: SHOW COLUMNS FROM `qcdk_admin_user` [ RunTime:0.0050s ]
SQL: SELECT * FROM `qcdk_admin_user` WHERE ( id=1 ) LIMIT 1   [ RunTime:0.0000s ]
SQL: SHOW COLUMNS FROM `qcdk_admin_auth_group_access` [ RunTime:0.0060s ]
SQL: SELECT g.title FROM qcdk_admin_auth_group_access a INNER JOIN qcdk_admin_auth_group g ON a.group_id=g.id  WHERE a.uid = 1 LIMIT 1   [ RunTime:0.0010s ]
SQL: SHOW COLUMNS FROM `qcdk_admin_auth_group_access` [ RunTime:0.0050s ]
SQL: SELECT `group_id` FROM `qcdk_admin_auth_group_access` WHERE ( uid=1 ) LIMIT 1   [ RunTime:0.0000s ]
SQL: SHOW COLUMNS FROM `qcdk_admin_auth_group` [ RunTime:0.0020s ]
SQL: SELECT `rules` FROM `qcdk_admin_auth_group` WHERE ( id =1 ) LIMIT 1   [ RunTime:0.0000s ]
SQL: SHOW COLUMNS FROM `qcdk_admin_auth_rule` [ RunTime:0.0050s ]
SQL: SELECT * FROM `qcdk_admin_auth_rule` WHERE `status` = 1 ORDER BY sort asc  [ RunTime:0.0000s ]
NOTIC: [8] Undefined index: leve E:\phpStudy\WWW\qcdk\Application\Common\Controller\ABaseController.class.php 第 100 行.
INFO: [ view_parse ] --START--
INFO: [ template_filter ] --START--
INFO: Run Behavior\ContentReplaceBehavior [ RunTime:0.000000s ]
INFO: [ template_filter ] --END-- [ RunTime:0.000000s ]
NOTIC: [8] Use of undefined constant site_title - assumed 'site_title' E:\phpStudy\WWW\qcdk\Runtime\Cache\Admin\f2ec704c1aec4335c2b01d3121784421.php 第 9 行.
NOTIC: [8] Undefined index: css E:\phpStudy\WWW\qcdk\Runtime\Cache\Admin\f2ec704c1aec4335c2b01d3121784421.php 第 45 行.
NOTIC: [8] Undefined index: css E:\phpStudy\WWW\qcdk\Runtime\Cache\Admin\f2ec704c1aec4335c2b01d3121784421.php 第 45 行.
NOTIC: [8] Undefined index: css E:\phpStudy\WWW\qcdk\Runtime\Cache\Admin\f2ec704c1aec4335c2b01d3121784421.php 第 45 行.
NOTIC: [8] Undefined variable: smsNum E:\phpStudy\WWW\qcdk\Runtime\Cache\Admin\f2ec704c1aec4335c2b01d3121784421.php 第 91 行.
NOTIC: [8] Undefined variable: smsNum E:\phpStudy\WWW\qcdk\Runtime\Cache\Admin\f2ec704c1aec4335c2b01d3121784421.php 第 91 行.
INFO: Run Behavior\ParseTemplateBehavior [ RunTime:0.010000s ]
INFO: [ view_parse ] --END-- [ RunTime:0.010000s ]
INFO: [ view_filter ] --START--
INFO: Run Behavior\WriteHtmlCacheBehavior [ RunTime:0.001000s ]
INFO: [ view_filter ] --END-- [ RunTime:0.001000s ]
INFO: [ app_end ] --START--
INFO: Run Behavior\ShowPageTraceBehavior [ RunTime:0.000000s ]
INFO: [ app_end ] --END-- [ RunTime:0.000000s ]

[ 2016-11-01T16:35:17+08:00 ] 127.0.0.1 /Admin/Index/index/pid/1.html
INFO: [ app_init ] --START--
INFO: Run Behavior\BuildLiteBehavior [ RunTime:0.000000s ]
INFO: [ app_init ] --END-- [ RunTime:0.000000s ]
INFO: [ app_begin ] --START--
INFO: Run Behavior\ReadHtmlCacheBehavior [ RunTime:0.000000s ]
INFO: [ app_begin ] --END-- [ RunTime:0.001000s ]
SQL: SHOW COLUMNS FROM `qcdk_admin_user` [ RunTime:0.0020s ]
SQL: SELECT * FROM `qcdk_admin_user` WHERE ( id=1 ) LIMIT 1   [ RunTime:0.0000s ]
SQL: SHOW COLUMNS FROM `qcdk_admin_auth_group_access` [ RunTime:0.0030s ]
SQL: SELECT g.title FROM qcdk_admin_auth_group_access a INNER JOIN qcdk_admin_auth_group g ON a.group_id=g.id  WHERE a.uid = 1 LIMIT 1   [ RunTime:0.0000s ]
SQL: SHOW COLUMNS FROM `qcdk_admin_auth_group_access` [ RunTime:0.0020s ]
SQL: SELECT `group_id` FROM `qcdk_admin_auth_group_access` WHERE ( uid=1 ) LIMIT 1   [ RunTime:0.0000s ]
SQL: SHOW COLUMNS FROM `qcdk_admin_auth_group` [ RunTime:0.0020s ]
SQL: SELECT `rules` FROM `qcdk_admin_auth_group` WHERE ( id =1 ) LIMIT 1   [ RunTime:0.0000s ]
SQL: SHOW COLUMNS FROM `qcdk_admin_auth_rule` [ RunTime:0.0020s ]
SQL: SELECT * FROM `qcdk_admin_auth_rule` WHERE `status` = 1 ORDER BY sort asc  [ RunTime:0.0000s ]
NOTIC: [8] Undefined index: leve E:\phpStudy\WWW\qcdk\Application\Common\Controller\ABaseController.class.php 第 100 行.
INFO: [ view_parse ] --START--
INFO: [ template_filter ] --START--
INFO: Run Behavior\ContentReplaceBehavior [ RunTime:0.000000s ]
INFO: [ template_filter ] --END-- [ RunTime:0.000000s ]
NOTIC: [8] Use of undefined constant site_title - assumed 'site_title' E:\phpStudy\WWW\qcdk\Runtime\Cache\Admin\f2ec704c1aec4335c2b01d3121784421.php 第 9 行.
NOTIC: [8] Undefined index: css E:\phpStudy\WWW\qcdk\Runtime\Cache\Admin\f2ec704c1aec4335c2b01d3121784421.php 第 45 行.
NOTIC: [8] Undefined index: css E:\phpStudy\WWW\qcdk\Runtime\Cache\Admin\f2ec704c1aec4335c2b01d3121784421.php 第 45 行.
NOTIC: [8] Undefined index: css E:\phpStudy\WWW\qcdk\Runtime\Cache\Admin\f2ec704c1aec4335c2b01d3121784421.php 第 45 行.
NOTIC: [8] Undefined variable: smsNum E:\phpStudy\WWW\qcdk\Runtime\Cache\Admin\f2ec704c1aec4335c2b01d3121784421.php 第 91 行.
NOTIC: [8] Undefined variable: smsNum E:\phpStudy\WWW\qcdk\Runtime\Cache\Admin\f2ec704c1aec4335c2b01d3121784421.php 第 91 行.
INFO: Run Behavior\ParseTemplateBehavior [ RunTime:0.007000s ]
INFO: [ view_parse ] --END-- [ RunTime:0.007000s ]
INFO: [ view_filter ] --START--
INFO: Run Behavior\WriteHtmlCacheBehavior [ RunTime:0.000000s ]
INFO: [ view_filter ] --END-- [ RunTime:0.000000s ]
INFO: [ app_end ] --START--
INFO: Run Behavior\ShowPageTraceBehavior [ RunTime:0.001001s ]
INFO: [ app_end ] --END-- [ RunTime:0.001001s ]

[ 2016-11-01T16:35:30+08:00 ] 127.0.0.1 /Admin/Index/index/pid/1.html
INFO: [ app_init ] --START--
INFO: Run Behavior\BuildLiteBehavior [ RunTime:0.000000s ]
INFO: [ app_init ] --END-- [ RunTime:0.001000s ]
INFO: [ app_begin ] --START--
INFO: Run Behavior\ReadHtmlCacheBehavior [ RunTime:0.001000s ]
INFO: [ app_begin ] --END-- [ RunTime:0.001000s ]
SQL: SHOW COLUMNS FROM `qcdk_admin_user` [ RunTime:0.0020s ]
SQL: SELECT * FROM `qcdk_admin_user` WHERE ( id=1 ) LIMIT 1   [ RunTime:0.0010s ]
SQL: SHOW COLUMNS FROM `qcdk_admin_auth_group_access` [ RunTime:0.0020s ]
SQL: SELECT g.title FROM qcdk_admin_auth_group_access a INNER JOIN qcdk_admin_auth_group g ON a.group_id=g.id  WHERE a.uid = 1 LIMIT 1   [ RunTime:0.0010s ]
SQL: SHOW COLUMNS FROM `qcdk_admin_auth_group_access` [ RunTime:0.0020s ]
SQL: SELECT `group_id` FROM `qcdk_admin_auth_group_access` WHERE ( uid=1 ) LIMIT 1   [ RunTime:0.0000s ]
SQL: SHOW COLUMNS FROM `qcdk_admin_auth_group` [ RunTime:0.0030s ]
SQL: SELECT `rules` FROM `qcdk_admin_auth_group` WHERE ( id =1 ) LIMIT 1   [ RunTime:0.0000s ]
SQL: SHOW COLUMNS FROM `qcdk_admin_auth_rule` [ RunTime:0.0020s ]
SQL: SELECT * FROM `qcdk_admin_auth_rule` WHERE `status` = 1 ORDER BY sort asc  [ RunTime:0.0000s ]
NOTIC: [8] Undefined index: leve E:\phpStudy\WWW\qcdk\Application\Common\Controller\ABaseController.class.php 第 100 行.
INFO: [ view_parse ] --START--
INFO: [ template_filter ] --START--
INFO: Run Behavior\ContentReplaceBehavior [ RunTime:0.000000s ]
INFO: [ template_filter ] --END-- [ RunTime:0.000000s ]
NOTIC: [8] Use of undefined constant site_title - assumed 'site_title' E:\phpStudy\WWW\qcdk\Runtime\Cache\Admin\f2ec704c1aec4335c2b01d3121784421.php 第 9 行.
NOTIC: [8] Undefined index: css E:\phpStudy\WWW\qcdk\Runtime\Cache\Admin\f2ec704c1aec4335c2b01d3121784421.php 第 45 行.
NOTIC: [8] Undefined index: css E:\phpStudy\WWW\qcdk\Runtime\Cache\Admin\f2ec704c1aec4335c2b01d3121784421.php 第 45 行.
NOTIC: [8] Undefined index: css E:\phpStudy\WWW\qcdk\Runtime\Cache\Admin\f2ec704c1aec4335c2b01d3121784421.php 第 45 行.
NOTIC: [8] Undefined variable: smsNum E:\phpStudy\WWW\qcdk\Runtime\Cache\Admin\f2ec704c1aec4335c2b01d3121784421.php 第 91 行.
NOTIC: [8] Undefined variable: smsNum E:\phpStudy\WWW\qcdk\Runtime\Cache\Admin\f2ec704c1aec4335c2b01d3121784421.php 第 91 行.
INFO: Run Behavior\ParseTemplateBehavior [ RunTime:0.008001s ]
INFO: [ view_parse ] --END-- [ RunTime:0.008001s ]
INFO: [ view_filter ] --START--
INFO: Run Behavior\WriteHtmlCacheBehavior [ RunTime:0.000000s ]
INFO: [ view_filter ] --END-- [ RunTime:0.000000s ]
INFO: [ app_end ] --START--
INFO: Run Behavior\ShowPageTraceBehavior [ RunTime:0.001000s ]
INFO: [ app_end ] --END-- [ RunTime:0.001000s ]

[ 2016-11-01T16:35:32+08:00 ] 127.0.0.1 /Admin/Index/index/pid/1.html
INFO: [ app_init ] --START--
INFO: Run Behavior\BuildLiteBehavior [ RunTime:0.000000s ]
INFO: [ app_init ] --END-- [ RunTime:0.001000s ]
INFO: [ app_begin ] --START--
INFO: Run Behavior\ReadHtmlCacheBehavior [ RunTime:0.001000s ]
INFO: [ app_begin ] --END-- [ RunTime:0.001000s ]
SQL: SHOW COLUMNS FROM `qcdk_admin_user` [ RunTime:0.0030s ]
SQL: SELECT * FROM `qcdk_admin_user` WHERE ( id=1 ) LIMIT 1   [ RunTime:0.0000s ]
SQL: SHOW COLUMNS FROM `qcdk_admin_auth_group_access` [ RunTime:0.0020s ]
SQL: SELECT g.title FROM qcdk_admin_auth_group_access a INNER JOIN qcdk_admin_auth_group g ON a.group_id=g.id  WHERE a.uid = 1 LIMIT 1   [ RunTime:0.0000s ]
SQL: SHOW COLUMNS FROM `qcdk_admin_auth_group_access` [ RunTime:0.0020s ]
SQL: SELECT `group_id` FROM `qcdk_admin_auth_group_access` WHERE ( uid=1 ) LIMIT 1   [ RunTime:0.0000s ]
SQL: SHOW COLUMNS FROM `qcdk_admin_auth_group` [ RunTime:0.0020s ]
SQL: SELECT `rules` FROM `qcdk_admin_auth_group` WHERE ( id =1 ) LIMIT 1   [ RunTime:0.0000s ]
SQL: SHOW COLUMNS FROM `qcdk_admin_auth_rule` [ RunTime:0.0030s ]
SQL: SELECT * FROM `qcdk_admin_auth_rule` WHERE `status` = 1 ORDER BY sort asc  [ RunTime:0.0000s ]
NOTIC: [8] Undefined index: leve E:\phpStudy\WWW\qcdk\Application\Common\Controller\ABaseController.class.php 第 100 行.
INFO: [ view_parse ] --START--
INFO: [ template_filter ] --START--
INFO: Run Behavior\ContentReplaceBehavior [ RunTime:0.000000s ]
INFO: [ template_filter ] --END-- [ RunTime:0.000000s ]
NOTIC: [8] Use of undefined constant site_title - assumed 'site_title' E:\phpStudy\WWW\qcdk\Runtime\Cache\Admin\f2ec704c1aec4335c2b01d3121784421.php 第 9 行.
NOTIC: [8] Undefined index: css E:\phpStudy\WWW\qcdk\Runtime\Cache\Admin\f2ec704c1aec4335c2b01d3121784421.php 第 45 行.
NOTIC: [8] Undefined index: css E:\phpStudy\WWW\qcdk\Runtime\Cache\Admin\f2ec704c1aec4335c2b01d3121784421.php 第 45 行.
NOTIC: [8] Undefined index: css E:\phpStudy\WWW\qcdk\Runtime\Cache\Admin\f2ec704c1aec4335c2b01d3121784421.php 第 45 行.
NOTIC: [8] Undefined variable: smsNum E:\phpStudy\WWW\qcdk\Runtime\Cache\Admin\f2ec704c1aec4335c2b01d3121784421.php 第 91 行.
NOTIC: [8] Undefined variable: smsNum E:\phpStudy\WWW\qcdk\Runtime\Cache\Admin\f2ec704c1aec4335c2b01d3121784421.php 第 91 行.
INFO: Run Behavior\ParseTemplateBehavior [ RunTime:0.008000s ]
INFO: [ view_parse ] --END-- [ RunTime:0.008000s ]
INFO: [ view_filter ] --START--
INFO: Run Behavior\WriteHtmlCacheBehavior [ RunTime:0.000000s ]
INFO: [ view_filter ] --END-- [ RunTime:0.000000s ]
INFO: [ app_end ] --START--
INFO: Run Behavior\ShowPageTraceBehavior [ RunTime:0.000000s ]
INFO: [ app_end ] --END-- [ RunTime:0.000000s ]

[ 2016-11-01T16:35:55+08:00 ] 127.0.0.1 /Admin/Index/index/pid/1.html
INFO: [ app_init ] --START--
INFO: Run Behavior\BuildLiteBehavior [ RunTime:0.000000s ]
INFO: [ app_init ] --END-- [ RunTime:0.000000s ]
INFO: [ app_begin ] --START--
INFO: Run Behavior\ReadHtmlCacheBehavior [ RunTime:0.001000s ]
INFO: [ app_begin ] --END-- [ RunTime:0.001000s ]

