[ 2016-11-02T09:16:55+08:00 ] 127.0.0.1 /admin
INFO: [ app_init ] --START--
INFO: Run Behavior\BuildLiteBehavior [ RunTime:0.000000s ]
INFO: [ app_init ] --END-- [ RunTime:0.000000s ]
INFO: [ app_begin ] --START--
INFO: Run Behavior\ReadHtmlCacheBehavior [ RunTime:0.002001s ]
INFO: [ app_begin ] --END-- [ RunTime:0.002001s ]

[ 2016-11-02T09:16:55+08:00 ] 127.0.0.1 /Admin/Public/login.html
INFO: [ app_init ] --START--
INFO: Run Behavior\BuildLiteBehavior [ RunTime:0.000000s ]
INFO: [ app_init ] --END-- [ RunTime:0.001000s ]
INFO: [ app_begin ] --START--
INFO: Run Behavior\ReadHtmlCacheBehavior [ RunTime:0.001000s ]
INFO: [ app_begin ] --END-- [ RunTime:0.001000s ]
INFO: [ view_parse ] --START--
INFO: [ template_filter ] --START--
INFO: Run Behavior\ContentReplaceBehavior [ RunTime:0.001000s ]
INFO: [ template_filter ] --END-- [ RunTime:0.001000s ]
NOTIC: [8] Use of undefined constant site_title - assumed 'site_title' E:\phpStudy\WWW\qcdk\Runtime\Cache\Admin\cd6ac5eddeb5b4cf3cbec5e98bef4d40.php 第 14 行.
NOTIC: [8] Use of undefined constant site_title - assumed 'site_title' E:\phpStudy\WWW\qcdk\Runtime\Cache\Admin\cd6ac5eddeb5b4cf3cbec5e98bef4d40.php 第 50 行.
INFO: Run Behavior\ParseTemplateBehavior [ RunTime:0.020001s ]
INFO: [ view_parse ] --END-- [ RunTime:0.020001s ]
INFO: [ view_filter ] --START--
INFO: Run Behavior\WriteHtmlCacheBehavior [ RunTime:0.000000s ]
INFO: [ view_filter ] --END-- [ RunTime:0.000000s ]
INFO: [ app_end ] --START--
INFO: Run Behavior\ShowPageTraceBehavior [ RunTime:0.001000s ]
INFO: [ app_end ] --END-- [ RunTime:0.001000s ]

[ 2016-11-02T09:16:55+08:00 ] 127.0.0.1 /Admin/Public/verify.html
INFO: [ app_init ] --START--
INFO: Run Behavior\BuildLiteBehavior [ RunTime:0.000000s ]
INFO: [ app_init ] --END-- [ RunTime:0.000000s ]
INFO: [ app_begin ] --START--
INFO: Run Behavior\ReadHtmlCacheBehavior [ RunTime:0.001000s ]
INFO: [ app_begin ] --END-- [ RunTime:0.001000s ]
INFO: [ app_end ] --START--
INFO: Run Behavior\ShowPageTraceBehavior [ RunTime:0.001000s ]
INFO: [ app_end ] --END-- [ RunTime:0.001000s ]

[ 2016-11-02T09:17:01+08:00 ] 127.0.0.1 /Admin/Public/checkLogin.html
INFO: [ app_init ] --START--
INFO: Run Behavior\BuildLiteBehavior [ RunTime:0.000000s ]
INFO: [ app_init ] --END-- [ RunTime:0.000000s ]
INFO: [ app_begin ] --START--
INFO: Run Behavior\ReadHtmlCacheBehavior [ RunTime:0.001000s ]
INFO: [ app_begin ] --END-- [ RunTime:0.001000s ]
SQL: SHOW COLUMNS FROM `qcdk_admin_user` [ RunTime:0.0180s ]
SQL: SELECT * FROM `qcdk_admin_user` WHERE `username` = 'admin' LIMIT 1   [ RunTime:0.0040s ]
SQL: UPDATE `qcdk_admin_user` SET `login_key`='a66b19dc0dc394a40bb0695e5ba23ccb' WHERE `id` = 1 [ RunTime:0.0030s ]
SQL: UPDATE `qcdk_admin_user` SET `last_login_time`='1478049421',`last_login_ip`='127.0.0.1',`login_count`=(login_count+1) WHERE `id` = 1 [ RunTime:0.0030s ]
SQL: SHOW COLUMNS FROM `qcdk_admin_log` [ RunTime:0.0090s ]
NOTIC: [8] Undefined index: validate E:\phpStudy\WWW\qcdk\Core\Library\Think\Model.class.php 第 1185 行.
NOTIC: [8] Undefined index: auto E:\phpStudy\WWW\qcdk\Core\Library\Think\Model.class.php 第 1128 行.
SQL: SHOW COLUMNS FROM `qcdk_admin_auth_group_access` [ RunTime:0.0060s ]
SQL: SELECT g.title FROM qcdk_admin_auth_group_access a INNER JOIN qcdk_admin_auth_group g ON a.group_id=g.id  WHERE a.uid = '1' LIMIT 1   [ RunTime:0.0030s ]
SQL: INSERT INTO `qcdk_admin_log` (`remark`,`action_status`,`action_id`,`action_group`,`action_user`,`action_ip`,`time`) VALUES ('登录后台','1','1','超级管理员','admin','127.0.0.1','1478049421') [ RunTime:0.0020s ]

[ 2016-11-02T09:17:03+08:00 ] 127.0.0.1 /Admin/Index/index.html
INFO: [ app_init ] --START--
INFO: Run Behavior\BuildLiteBehavior [ RunTime:0.000000s ]
INFO: [ app_init ] --END-- [ RunTime:0.001000s ]
INFO: [ app_begin ] --START--
INFO: Run Behavior\ReadHtmlCacheBehavior [ RunTime:0.001000s ]
INFO: [ app_begin ] --END-- [ RunTime:0.001000s ]
SQL: SHOW COLUMNS FROM `qcdk_admin_user` [ RunTime:0.0030s ]
SQL: SELECT * FROM `qcdk_admin_user` WHERE ( id=1 ) LIMIT 1   [ RunTime:0.0010s ]
SQL: SHOW COLUMNS FROM `qcdk_admin_auth_group_access` [ RunTime:0.0030s ]
SQL: SELECT g.title FROM qcdk_admin_auth_group_access a INNER JOIN qcdk_admin_auth_group g ON a.group_id=g.id  WHERE a.uid = 1 LIMIT 1   [ RunTime:0.0000s ]
SQL: SHOW COLUMNS FROM `qcdk_admin_auth_group_access` [ RunTime:0.0030s ]
SQL: SELECT `group_id` FROM `qcdk_admin_auth_group_access` WHERE ( uid=1 ) LIMIT 1   [ RunTime:0.0000s ]
SQL: SHOW COLUMNS FROM `qcdk_admin_auth_group` [ RunTime:0.0030s ]
SQL: SELECT `rules` FROM `qcdk_admin_auth_group` WHERE ( id =1 ) LIMIT 1   [ RunTime:0.0010s ]
SQL: SHOW COLUMNS FROM `qcdk_admin_auth_rule` [ RunTime:0.0040s ]
SQL: SELECT * FROM `qcdk_admin_auth_rule` WHERE `status` = 1 ORDER BY sort asc  [ RunTime:0.0010s ]
NOTIC: [8] Undefined index: leve E:\phpStudy\WWW\qcdk\Application\Common\Controller\ABaseController.class.php 第 100 行.
INFO: [ view_parse ] --START--
INFO: [ template_filter ] --START--
INFO: Run Behavior\ContentReplaceBehavior [ RunTime:0.000000s ]
INFO: [ template_filter ] --END-- [ RunTime:0.000000s ]
NOTIC: [8] Use of undefined constant site_title - assumed 'site_title' E:\phpStudy\WWW\qcdk\Runtime\Cache\Admin\f2ec704c1aec4335c2b01d3121784421.php 第 9 行.
NOTIC: [8] Undefined index: css E:\phpStudy\WWW\qcdk\Runtime\Cache\Admin\f2ec704c1aec4335c2b01d3121784421.php 第 45 行.
NOTIC: [8] Undefined index: css E:\phpStudy\WWW\qcdk\Runtime\Cache\Admin\f2ec704c1aec4335c2b01d3121784421.php 第 45 行.
NOTIC: [8] Undefined index: css E:\phpStudy\WWW\qcdk\Runtime\Cache\Admin\f2ec704c1aec4335c2b01d3121784421.php 第 45 行.
NOTIC: [8] Undefined variable: smsNum E:\phpStudy\WWW\qcdk\Runtime\Cache\Admin\f2ec704c1aec4335c2b01d3121784421.php 第 91 行.
NOTIC: [8] Undefined variable: smsNum E:\phpStudy\WWW\qcdk\Runtime\Cache\Admin\f2ec704c1aec4335c2b01d3121784421.php 第 91 行.
INFO: Run Behavior\ParseTemplateBehavior [ RunTime:0.012001s ]
INFO: [ view_parse ] --END-- [ RunTime:0.012001s ]
INFO: [ view_filter ] --START--
INFO: Run Behavior\WriteHtmlCacheBehavior [ RunTime:0.000000s ]
INFO: [ view_filter ] --END-- [ RunTime:0.000000s ]
INFO: [ app_end ] --START--
INFO: Run Behavior\ShowPageTraceBehavior [ RunTime:0.000000s ]
INFO: [ app_end ] --END-- [ RunTime:0.000000s ]

[ 2016-11-02T09:49:04+08:00 ] 127.0.0.1 /Admin/Depart/index/pid/31.html
INFO: [ app_init ] --START--
INFO: Run Behavior\BuildLiteBehavior [ RunTime:0.000000s ]
INFO: [ app_init ] --END-- [ RunTime:0.001000s ]
INFO: [ app_begin ] --START--
INFO: Run Behavior\ReadHtmlCacheBehavior [ RunTime:0.001000s ]
INFO: [ app_begin ] --END-- [ RunTime:0.001000s ]
SQL: SHOW COLUMNS FROM `qcdk_admin_user` [ RunTime:0.0040s ]
SQL: SELECT * FROM `qcdk_admin_user` WHERE ( id=1 ) LIMIT 1   [ RunTime:0.0000s ]
SQL: SHOW COLUMNS FROM `qcdk_admin_auth_group_access` [ RunTime:0.0030s ]
SQL: SELECT g.title FROM qcdk_admin_auth_group_access a INNER JOIN qcdk_admin_auth_group g ON a.group_id=g.id  WHERE a.uid = 1 LIMIT 1   [ RunTime:0.0000s ]
SQL: SHOW COLUMNS FROM `qcdk_admin_auth_group_access` [ RunTime:0.0040s ]
SQL: SELECT `group_id` FROM `qcdk_admin_auth_group_access` WHERE ( uid=1 ) LIMIT 1   [ RunTime:0.0000s ]
SQL: SHOW COLUMNS FROM `qcdk_admin_auth_group` [ RunTime:0.0040s ]
SQL: SELECT `rules` FROM `qcdk_admin_auth_group` WHERE ( id =1 ) LIMIT 1   [ RunTime:0.0010s ]
SQL: SHOW COLUMNS FROM `qcdk_admin_auth_rule` [ RunTime:0.0030s ]
SQL: SELECT * FROM `qcdk_admin_auth_rule` WHERE `status` = 1 ORDER BY sort asc  [ RunTime:0.0010s ]
NOTIC: [8] Undefined index: leve E:\phpStudy\WWW\qcdk\Application\Common\Controller\ABaseController.class.php 第 100 行.
NOTIC: [8] Undefined index: leve E:\phpStudy\WWW\qcdk\Application\Common\Controller\ABaseController.class.php 第 100 行.
NOTIC: [8] Undefined index: leve E:\phpStudy\WWW\qcdk\Application\Common\Controller\ABaseController.class.php 第 100 行.
NOTIC: [8] Undefined index: leve E:\phpStudy\WWW\qcdk\Application\Common\Controller\ABaseController.class.php 第 100 行.
SQL: SHOW COLUMNS FROM `qcdk_depart` [ RunTime:0.0050s ]
NOTIC: [2] Invalid argument supplied for foreach() E:\phpStudy\WWW\qcdk\Core\Library\Think\Db\Driver.class.php 第 504 行.
SQL: SELECT COUNT(*) AS tp_count FROM `qcdk_depart` LIMIT 1   [ RunTime:0.0030s ]
NOTIC: [2] Invalid argument supplied for foreach() E:\phpStudy\WWW\qcdk\Core\Library\Think\Db\Driver.class.php 第 504 行.
SQL: SELECT * FROM `qcdk_depart` ORDER BY orders asc LIMIT 0,15   [ RunTime:0.0000s ]
INFO: [ view_parse ] --START--
INFO: [ template_filter ] --START--
INFO: Run Behavior\ContentReplaceBehavior [ RunTime:0.001000s ]
INFO: [ template_filter ] --END-- [ RunTime:0.001000s ]
NOTIC: [8] Use of undefined constant site_title - assumed 'site_title' E:\phpStudy\WWW\qcdk\Runtime\Cache\Admin\b0bf62b9e1b96b4d293aaf8c99a4d105.php 第 9 行.
NOTIC: [8] Undefined index: css E:\phpStudy\WWW\qcdk\Runtime\Cache\Admin\b0bf62b9e1b96b4d293aaf8c99a4d105.php 第 45 行.
NOTIC: [8] Undefined index: css E:\phpStudy\WWW\qcdk\Runtime\Cache\Admin\b0bf62b9e1b96b4d293aaf8c99a4d105.php 第 48 行.
NOTIC: [8] Undefined index: css E:\phpStudy\WWW\qcdk\Runtime\Cache\Admin\b0bf62b9e1b96b4d293aaf8c99a4d105.php 第 48 行.
NOTIC: [8] Undefined index: css E:\phpStudy\WWW\qcdk\Runtime\Cache\Admin\b0bf62b9e1b96b4d293aaf8c99a4d105.php 第 48 行.
NOTIC: [8] Undefined index: css E:\phpStudy\WWW\qcdk\Runtime\Cache\Admin\b0bf62b9e1b96b4d293aaf8c99a4d105.php 第 48 行.
NOTIC: [8] Undefined index: css E:\phpStudy\WWW\qcdk\Runtime\Cache\Admin\b0bf62b9e1b96b4d293aaf8c99a4d105.php 第 48 行.
NOTIC: [8] Undefined index: css E:\phpStudy\WWW\qcdk\Runtime\Cache\Admin\b0bf62b9e1b96b4d293aaf8c99a4d105.php 第 48 行.
NOTIC: [8] Undefined index: css E:\phpStudy\WWW\qcdk\Runtime\Cache\Admin\b0bf62b9e1b96b4d293aaf8c99a4d105.php 第 45 行.
NOTIC: [8] Undefined index: css E:\phpStudy\WWW\qcdk\Runtime\Cache\Admin\b0bf62b9e1b96b4d293aaf8c99a4d105.php 第 48 行.
NOTIC: [8] Undefined index: css E:\phpStudy\WWW\qcdk\Runtime\Cache\Admin\b0bf62b9e1b96b4d293aaf8c99a4d105.php 第 48 行.
NOTIC: [8] Undefined index: css E:\phpStudy\WWW\qcdk\Runtime\Cache\Admin\b0bf62b9e1b96b4d293aaf8c99a4d105.php 第 48 行.
NOTIC: [8] Undefined index: css E:\phpStudy\WWW\qcdk\Runtime\Cache\Admin\b0bf62b9e1b96b4d293aaf8c99a4d105.php 第 45 行.
NOTIC: [8] Undefined index: css E:\phpStudy\WWW\qcdk\Runtime\Cache\Admin\b0bf62b9e1b96b4d293aaf8c99a4d105.php 第 48 行.
NOTIC: [8] Undefined index: css E:\phpStudy\WWW\qcdk\Runtime\Cache\Admin\b0bf62b9e1b96b4d293aaf8c99a4d105.php 第 48 行.
NOTIC: [8] Undefined index: css E:\phpStudy\WWW\qcdk\Runtime\Cache\Admin\b0bf62b9e1b96b4d293aaf8c99a4d105.php 第 48 行.
INFO: Run Behavior\ParseTemplateBehavior [ RunTime:0.044002s ]
INFO: [ view_parse ] --END-- [ RunTime:0.044002s ]
INFO: [ view_filter ] --START--
INFO: Run Behavior\WriteHtmlCacheBehavior [ RunTime:0.002001s ]
INFO: [ view_filter ] --END-- [ RunTime:0.002001s ]
INFO: [ app_end ] --START--
INFO: Run Behavior\ShowPageTraceBehavior [ RunTime:0.001000s ]
INFO: [ app_end ] --END-- [ RunTime:0.001000s ]

[ 2016-11-02T10:17:37+08:00 ] 127.0.0.1 /admin
INFO: [ app_init ] --START--
INFO: Run Behavior\BuildLiteBehavior [ RunTime:0.000000s ]
INFO: [ app_init ] --END-- [ RunTime:0.000000s ]
INFO: [ app_begin ] --START--
INFO: Run Behavior\ReadHtmlCacheBehavior [ RunTime:0.000000s ]
INFO: [ app_begin ] --END-- [ RunTime:0.000000s ]
SQL: SHOW COLUMNS FROM `qcdk_admin_user` [ RunTime:0.0050s ]
SQL: SELECT * FROM `qcdk_admin_user` WHERE ( id=1 ) LIMIT 1   [ RunTime:0.0010s ]
SQL: SHOW COLUMNS FROM `qcdk_admin_auth_group_access` [ RunTime:0.0050s ]
SQL: SELECT g.title FROM qcdk_admin_auth_group_access a INNER JOIN qcdk_admin_auth_group g ON a.group_id=g.id  WHERE a.uid = 1 LIMIT 1   [ RunTime:0.0000s ]
SQL: SHOW COLUMNS FROM `qcdk_admin_auth_group_access` [ RunTime:0.0040s ]
SQL: SELECT `group_id` FROM `qcdk_admin_auth_group_access` WHERE ( uid=1 ) LIMIT 1   [ RunTime:0.0010s ]
SQL: SHOW COLUMNS FROM `qcdk_admin_auth_group` [ RunTime:0.0040s ]
SQL: SELECT `rules` FROM `qcdk_admin_auth_group` WHERE ( id =1 ) LIMIT 1   [ RunTime:0.0010s ]
SQL: SHOW COLUMNS FROM `qcdk_admin_auth_rule` [ RunTime:0.0040s ]
SQL: SELECT * FROM `qcdk_admin_auth_rule` WHERE `status` = 1 ORDER BY sort asc  [ RunTime:0.0010s ]
NOTIC: [8] Undefined index: leve E:\phpStudy\WWW\qcdk\Application\Common\Controller\ABaseController.class.php 第 100 行.
INFO: [ view_parse ] --START--
INFO: [ template_filter ] --START--
INFO: Run Behavior\ContentReplaceBehavior [ RunTime:0.001000s ]
INFO: [ template_filter ] --END-- [ RunTime:0.001000s ]
NOTIC: [8] Use of undefined constant site_title - assumed 'site_title' E:\phpStudy\WWW\qcdk\Runtime\Cache\Admin\f2ec704c1aec4335c2b01d3121784421.php 第 9 行.
NOTIC: [8] Undefined index: css E:\phpStudy\WWW\qcdk\Runtime\Cache\Admin\f2ec704c1aec4335c2b01d3121784421.php 第 45 行.
NOTIC: [8] Undefined index: css E:\phpStudy\WWW\qcdk\Runtime\Cache\Admin\f2ec704c1aec4335c2b01d3121784421.php 第 45 行.
NOTIC: [8] Undefined index: css E:\phpStudy\WWW\qcdk\Runtime\Cache\Admin\f2ec704c1aec4335c2b01d3121784421.php 第 45 行.
NOTIC: [8] Undefined variable: smsNum E:\phpStudy\WWW\qcdk\Runtime\Cache\Admin\f2ec704c1aec4335c2b01d3121784421.php 第 91 行.
NOTIC: [8] Undefined variable: smsNum E:\phpStudy\WWW\qcdk\Runtime\Cache\Admin\f2ec704c1aec4335c2b01d3121784421.php 第 91 行.
INFO: Run Behavior\ParseTemplateBehavior [ RunTime:0.046003s ]
INFO: [ view_parse ] --END-- [ RunTime:0.046003s ]
INFO: [ view_filter ] --START--
INFO: Run Behavior\WriteHtmlCacheBehavior [ RunTime:0.000000s ]
INFO: [ view_filter ] --END-- [ RunTime:0.000000s ]
INFO: [ app_end ] --START--
INFO: Run Behavior\ShowPageTraceBehavior [ RunTime:0.001000s ]
INFO: [ app_end ] --END-- [ RunTime:0.001000s ]

[ 2016-11-02T10:57:52+08:00 ] 127.0.0.1 /Admin/System/index/pid/7.html
INFO: [ app_init ] --START--
INFO: Run Behavior\BuildLiteBehavior [ RunTime:0.000000s ]
INFO: [ app_init ] --END-- [ RunTime:0.000000s ]
INFO: [ app_begin ] --START--
INFO: Run Behavior\ReadHtmlCacheBehavior [ RunTime:0.002000s ]
INFO: [ app_begin ] --END-- [ RunTime:0.002000s ]
SQL: SHOW COLUMNS FROM `qcdk_admin_user` [ RunTime:0.0030s ]
SQL: SELECT * FROM `qcdk_admin_user` WHERE ( id=1 ) LIMIT 1   [ RunTime:0.0000s ]
SQL: SHOW COLUMNS FROM `qcdk_admin_auth_group_access` [ RunTime:0.0020s ]
SQL: SELECT g.title FROM qcdk_admin_auth_group_access a INNER JOIN qcdk_admin_auth_group g ON a.group_id=g.id  WHERE a.uid = 1 LIMIT 1   [ RunTime:0.0000s ]
SQL: SHOW COLUMNS FROM `qcdk_admin_auth_group_access` [ RunTime:0.0010s ]
SQL: SELECT `group_id` FROM `qcdk_admin_auth_group_access` WHERE ( uid=1 ) LIMIT 1   [ RunTime:0.0010s ]
SQL: SHOW COLUMNS FROM `qcdk_admin_auth_group` [ RunTime:0.0020s ]
SQL: SELECT `rules` FROM `qcdk_admin_auth_group` WHERE ( id =1 ) LIMIT 1   [ RunTime:0.0000s ]
SQL: SHOW COLUMNS FROM `qcdk_admin_auth_rule` [ RunTime:0.0020s ]
SQL: SELECT * FROM `qcdk_admin_auth_rule` WHERE `status` = 1 ORDER BY sort asc  [ RunTime:0.0010s ]
NOTIC: [8] Undefined index: leve E:\phpStudy\WWW\qcdk\Application\Common\Controller\ABaseController.class.php 第 100 行.
SQL: SHOW COLUMNS FROM `qcdk_scene` [ RunTime:0.0060s ]
SQL: SELECT * FROM `qcdk_scene` WHERE `status` = 1  [ RunTime:0.0010s ]
INFO: [ view_parse ] --START--
INFO: [ template_filter ] --START--
INFO: Run Behavior\ContentReplaceBehavior [ RunTime:0.001000s ]
INFO: [ template_filter ] --END-- [ RunTime:0.001000s ]
NOTIC: [8] Use of undefined constant site_title - assumed 'site_title' E:\phpStudy\WWW\qcdk\Runtime\Cache\Admin\c81c7033f1fa0118d4abf4f06348c6bc.php 第 9 行.
NOTIC: [8] Undefined index: css E:\phpStudy\WWW\qcdk\Runtime\Cache\Admin\c81c7033f1fa0118d4abf4f06348c6bc.php 第 45 行.
NOTIC: [8] Undefined index: css E:\phpStudy\WWW\qcdk\Runtime\Cache\Admin\c81c7033f1fa0118d4abf4f06348c6bc.php 第 45 行.
NOTIC: [8] Undefined index: css E:\phpStudy\WWW\qcdk\Runtime\Cache\Admin\c81c7033f1fa0118d4abf4f06348c6bc.php 第 45 行.
INFO: Run Behavior\ParseTemplateBehavior [ RunTime:0.029002s ]
INFO: [ view_parse ] --END-- [ RunTime:0.029002s ]
INFO: [ view_filter ] --START--
INFO: Run Behavior\WriteHtmlCacheBehavior [ RunTime:0.000000s ]
INFO: [ view_filter ] --END-- [ RunTime:0.000000s ]
INFO: [ app_end ] --START--
INFO: Run Behavior\ShowPageTraceBehavior [ RunTime:0.001000s ]
INFO: [ app_end ] --END-- [ RunTime:0.001000s ]

[ 2016-11-02T10:58:06+08:00 ] 127.0.0.1 /Admin/Depart/index/pid/31.html
INFO: [ app_init ] --START--
INFO: Run Behavior\BuildLiteBehavior [ RunTime:0.000000s ]
INFO: [ app_init ] --END-- [ RunTime:0.001000s ]
INFO: [ app_begin ] --START--
INFO: Run Behavior\ReadHtmlCacheBehavior [ RunTime:0.001000s ]
INFO: [ app_begin ] --END-- [ RunTime:0.002000s ]
SQL: SHOW COLUMNS FROM `qcdk_admin_user` [ RunTime:0.0060s ]
SQL: SELECT * FROM `qcdk_admin_user` WHERE ( id=1 ) LIMIT 1   [ RunTime:0.0010s ]
SQL: SHOW COLUMNS FROM `qcdk_admin_auth_group_access` [ RunTime:0.0050s ]
SQL: SELECT g.title FROM qcdk_admin_auth_group_access a INNER JOIN qcdk_admin_auth_group g ON a.group_id=g.id  WHERE a.uid = 1 LIMIT 1   [ RunTime:0.0010s ]
SQL: SHOW COLUMNS FROM `qcdk_admin_auth_group_access` [ RunTime:0.0020s ]
SQL: SELECT `group_id` FROM `qcdk_admin_auth_group_access` WHERE ( uid=1 ) LIMIT 1   [ RunTime:0.0010s ]
SQL: SHOW COLUMNS FROM `qcdk_admin_auth_group` [ RunTime:0.0020s ]
SQL: SELECT `rules` FROM `qcdk_admin_auth_group` WHERE ( id =1 ) LIMIT 1   [ RunTime:0.0000s ]
SQL: SHOW COLUMNS FROM `qcdk_admin_auth_rule` [ RunTime:0.0020s ]
SQL: SELECT * FROM `qcdk_admin_auth_rule` WHERE `status` = 1 ORDER BY sort asc  [ RunTime:0.0010s ]
NOTIC: [8] Undefined index: leve E:\phpStudy\WWW\qcdk\Application\Common\Controller\ABaseController.class.php 第 100 行.
NOTIC: [8] Undefined index: leve E:\phpStudy\WWW\qcdk\Application\Common\Controller\ABaseController.class.php 第 100 行.
NOTIC: [8] Undefined index: leve E:\phpStudy\WWW\qcdk\Application\Common\Controller\ABaseController.class.php 第 100 行.
NOTIC: [8] Undefined index: leve E:\phpStudy\WWW\qcdk\Application\Common\Controller\ABaseController.class.php 第 100 行.
SQL: SHOW COLUMNS FROM `qcdk_depart` [ RunTime:0.0030s ]
NOTIC: [2] Invalid argument supplied for foreach() E:\phpStudy\WWW\qcdk\Core\Library\Think\Db\Driver.class.php 第 504 行.
SQL: SELECT COUNT(*) AS tp_count FROM `qcdk_depart` LIMIT 1   [ RunTime:0.0000s ]
NOTIC: [2] Invalid argument supplied for foreach() E:\phpStudy\WWW\qcdk\Core\Library\Think\Db\Driver.class.php 第 504 行.
SQL: SELECT * FROM `qcdk_depart` ORDER BY orders asc LIMIT 0,15   [ RunTime:0.0000s ]
INFO: [ view_parse ] --START--
INFO: [ template_filter ] --START--
INFO: Run Behavior\ContentReplaceBehavior [ RunTime:0.000000s ]
INFO: [ template_filter ] --END-- [ RunTime:0.001000s ]
NOTIC: [8] Use of undefined constant site_title - assumed 'site_title' E:\phpStudy\WWW\qcdk\Runtime\Cache\Admin\b0bf62b9e1b96b4d293aaf8c99a4d105.php 第 9 行.
NOTIC: [8] Undefined index: css E:\phpStudy\WWW\qcdk\Runtime\Cache\Admin\b0bf62b9e1b96b4d293aaf8c99a4d105.php 第 45 行.
NOTIC: [8] Undefined index: css E:\phpStudy\WWW\qcdk\Runtime\Cache\Admin\b0bf62b9e1b96b4d293aaf8c99a4d105.php 第 48 行.
NOTIC: [8] Undefined index: css E:\phpStudy\WWW\qcdk\Runtime\Cache\Admin\b0bf62b9e1b96b4d293aaf8c99a4d105.php 第 48 行.
NOTIC: [8] Undefined index: css E:\phpStudy\WWW\qcdk\Runtime\Cache\Admin\b0bf62b9e1b96b4d293aaf8c99a4d105.php 第 48 行.
NOTIC: [8] Undefined index: css E:\phpStudy\WWW\qcdk\Runtime\Cache\Admin\b0bf62b9e1b96b4d293aaf8c99a4d105.php 第 48 行.
NOTIC: [8] Undefined index: css E:\phpStudy\WWW\qcdk\Runtime\Cache\Admin\b0bf62b9e1b96b4d293aaf8c99a4d105.php 第 48 行.
NOTIC: [8] Undefined index: css E:\phpStudy\WWW\qcdk\Runtime\Cache\Admin\b0bf62b9e1b96b4d293aaf8c99a4d105.php 第 48 行.
NOTIC: [8] Undefined index: css E:\phpStudy\WWW\qcdk\Runtime\Cache\Admin\b0bf62b9e1b96b4d293aaf8c99a4d105.php 第 45 行.
NOTIC: [8] Undefined index: css E:\phpStudy\WWW\qcdk\Runtime\Cache\Admin\b0bf62b9e1b96b4d293aaf8c99a4d105.php 第 48 行.
NOTIC: [8] Undefined index: css E:\phpStudy\WWW\qcdk\Runtime\Cache\Admin\b0bf62b9e1b96b4d293aaf8c99a4d105.php 第 48 行.
NOTIC: [8] Undefined index: css E:\phpStudy\WWW\qcdk\Runtime\Cache\Admin\b0bf62b9e1b96b4d293aaf8c99a4d105.php 第 48 行.
NOTIC: [8] Undefined index: css E:\phpStudy\WWW\qcdk\Runtime\Cache\Admin\b0bf62b9e1b96b4d293aaf8c99a4d105.php 第 45 行.
NOTIC: [8] Undefined index: css E:\phpStudy\WWW\qcdk\Runtime\Cache\Admin\b0bf62b9e1b96b4d293aaf8c99a4d105.php 第 48 行.
NOTIC: [8] Undefined index: css E:\phpStudy\WWW\qcdk\Runtime\Cache\Admin\b0bf62b9e1b96b4d293aaf8c99a4d105.php 第 48 行.
NOTIC: [8] Undefined index: css E:\phpStudy\WWW\qcdk\Runtime\Cache\Admin\b0bf62b9e1b96b4d293aaf8c99a4d105.php 第 48 行.
INFO: Run Behavior\ParseTemplateBehavior [ RunTime:0.014001s ]
INFO: [ view_parse ] --END-- [ RunTime:0.014001s ]
INFO: [ view_filter ] --START--
INFO: Run Behavior\WriteHtmlCacheBehavior [ RunTime:0.001000s ]
INFO: [ view_filter ] --END-- [ RunTime:0.001000s ]
INFO: [ app_end ] --START--
INFO: Run Behavior\ShowPageTraceBehavior [ RunTime:0.000000s ]
INFO: [ app_end ] --END-- [ RunTime:0.000000s ]

[ 2016-11-02T10:58:08+08:00 ] 127.0.0.1 /Admin/Prize/red_index/pid/31.html
INFO: [ app_init ] --START--
INFO: Run Behavior\BuildLiteBehavior [ RunTime:0.000000s ]
INFO: [ app_init ] --END-- [ RunTime:0.001000s ]
INFO: [ app_begin ] --START--
INFO: Run Behavior\ReadHtmlCacheBehavior [ RunTime:0.000000s ]
INFO: [ app_begin ] --END-- [ RunTime:0.000000s ]
SQL: SHOW COLUMNS FROM `qcdk_admin_user` [ RunTime:0.0010s ]
SQL: SELECT * FROM `qcdk_admin_user` WHERE ( id=1 ) LIMIT 1   [ RunTime:0.0000s ]
SQL: SHOW COLUMNS FROM `qcdk_admin_auth_group_access` [ RunTime:0.0020s ]
SQL: SELECT g.title FROM qcdk_admin_auth_group_access a INNER JOIN qcdk_admin_auth_group g ON a.group_id=g.id  WHERE a.uid = 1 LIMIT 1   [ RunTime:0.0000s ]
SQL: SHOW COLUMNS FROM `qcdk_admin_auth_group_access` [ RunTime:0.0010s ]
SQL: SELECT `group_id` FROM `qcdk_admin_auth_group_access` WHERE ( uid=1 ) LIMIT 1   [ RunTime:0.0000s ]
SQL: SHOW COLUMNS FROM `qcdk_admin_auth_group` [ RunTime:0.0030s ]
SQL: SELECT `rules` FROM `qcdk_admin_auth_group` WHERE ( id =1 ) LIMIT 1   [ RunTime:0.0010s ]
SQL: SHOW COLUMNS FROM `qcdk_admin_auth_rule` [ RunTime:0.0040s ]
SQL: SELECT * FROM `qcdk_admin_auth_rule` WHERE `status` = 1 ORDER BY sort asc  [ RunTime:0.0000s ]
NOTIC: [8] Undefined index: leve E:\phpStudy\WWW\qcdk\Application\Common\Controller\ABaseController.class.php 第 100 行.
NOTIC: [8] Undefined index: leve E:\phpStudy\WWW\qcdk\Application\Common\Controller\ABaseController.class.php 第 100 行.
NOTIC: [8] Undefined index: leve E:\phpStudy\WWW\qcdk\Application\Common\Controller\ABaseController.class.php 第 100 行.
NOTIC: [8] Undefined index: leve E:\phpStudy\WWW\qcdk\Application\Common\Controller\ABaseController.class.php 第 100 行.
SQL: SHOW COLUMNS FROM `qcdk_users` [ RunTime:0.0050s ]
SQL: SHOW COLUMNS FROM `qcdk_depart` [ RunTime:0.0030s ]
SQL: SELECT `id`,`depart_name` FROM `qcdk_depart` WHERE `status` = 1  [ RunTime:0.0000s ]
SQL: SHOW COLUMNS FROM `qcdk_scene` [ RunTime:0.0020s ]
NOTIC: [2] Invalid argument supplied for foreach() E:\phpStudy\WWW\qcdk\Core\Library\Think\Db\Driver.class.php 第 504 行.
SQL: SELECT COUNT(*) AS tp_count FROM `qcdk_scene` LIMIT 1   [ RunTime:0.0000s ]
NOTIC: [2] Invalid argument supplied for foreach() E:\phpStudy\WWW\qcdk\Core\Library\Think\Db\Driver.class.php 第 504 行.
SQL: SELECT * FROM `qcdk_scene` ORDER BY id ASC LIMIT 0,15   [ RunTime:0.0000s ]
INFO: [ view_parse ] --START--
INFO: [ template_filter ] --START--
INFO: Run Behavior\ContentReplaceBehavior [ RunTime:0.000000s ]
INFO: [ template_filter ] --END-- [ RunTime:0.000000s ]
NOTIC: [8] Use of undefined constant site_title - assumed 'site_title' E:\phpStudy\WWW\qcdk\Runtime\Cache\Admin\a59928c7e7aa0b1ef38426f6a52d9861.php 第 9 行.
NOTIC: [8] Undefined index: css E:\phpStudy\WWW\qcdk\Runtime\Cache\Admin\a59928c7e7aa0b1ef38426f6a52d9861.php 第 45 行.
NOTIC: [8] Undefined index: css E:\phpStudy\WWW\qcdk\Runtime\Cache\Admin\a59928c7e7aa0b1ef38426f6a52d9861.php 第 48 行.
NOTIC: [8] Undefined index: css E:\phpStudy\WWW\qcdk\Runtime\Cache\Admin\a59928c7e7aa0b1ef38426f6a52d9861.php 第 48 行.
NOTIC: [8] Undefined index: css E:\phpStudy\WWW\qcdk\Runtime\Cache\Admin\a59928c7e7aa0b1ef38426f6a52d9861.php 第 48 行.
NOTIC: [8] Undefined index: css E:\phpStudy\WWW\qcdk\Runtime\Cache\Admin\a59928c7e7aa0b1ef38426f6a52d9861.php 第 48 行.
NOTIC: [8] Undefined index: css E:\phpStudy\WWW\qcdk\Runtime\Cache\Admin\a59928c7e7aa0b1ef38426f6a52d9861.php 第 48 行.
NOTIC: [8] Undefined index: css E:\phpStudy\WWW\qcdk\Runtime\Cache\Admin\a59928c7e7aa0b1ef38426f6a52d9861.php 第 48 行.
NOTIC: [8] Undefined index: css E:\phpStudy\WWW\qcdk\Runtime\Cache\Admin\a59928c7e7aa0b1ef38426f6a52d9861.php 第 45 行.
NOTIC: [8] Undefined index: css E:\phpStudy\WWW\qcdk\Runtime\Cache\Admin\a59928c7e7aa0b1ef38426f6a52d9861.php 第 48 行.
NOTIC: [8] Undefined index: css E:\phpStudy\WWW\qcdk\Runtime\Cache\Admin\a59928c7e7aa0b1ef38426f6a52d9861.php 第 48 行.
NOTIC: [8] Undefined index: css E:\phpStudy\WWW\qcdk\Runtime\Cache\Admin\a59928c7e7aa0b1ef38426f6a52d9861.php 第 48 行.
NOTIC: [8] Undefined index: css E:\phpStudy\WWW\qcdk\Runtime\Cache\Admin\a59928c7e7aa0b1ef38426f6a52d9861.php 第 45 行.
NOTIC: [8] Undefined index: css E:\phpStudy\WWW\qcdk\Runtime\Cache\Admin\a59928c7e7aa0b1ef38426f6a52d9861.php 第 48 行.
NOTIC: [8] Undefined index: css E:\phpStudy\WWW\qcdk\Runtime\Cache\Admin\a59928c7e7aa0b1ef38426f6a52d9861.php 第 48 行.
NOTIC: [8] Undefined index: css E:\phpStudy\WWW\qcdk\Runtime\Cache\Admin\a59928c7e7aa0b1ef38426f6a52d9861.php 第 48 行.
NOTIC: [8] Undefined index: create_time E:\phpStudy\WWW\qcdk\Runtime\Cache\Admin\a59928c7e7aa0b1ef38426f6a52d9861.php 第 116 行.
NOTIC: [8] Undefined index: update_time E:\phpStudy\WWW\qcdk\Runtime\Cache\Admin\a59928c7e7aa0b1ef38426f6a52d9861.php 第 117 行.
NOTIC: [8] Undefined index: orders E:\phpStudy\WWW\qcdk\Runtime\Cache\Admin\a59928c7e7aa0b1ef38426f6a52d9861.php 第 119 行.
NOTIC: [8] Undefined index: create_time E:\phpStudy\WWW\qcdk\Runtime\Cache\Admin\a59928c7e7aa0b1ef38426f6a52d9861.php 第 116 行.
NOTIC: [8] Undefined index: update_time E:\phpStudy\WWW\qcdk\Runtime\Cache\Admin\a59928c7e7aa0b1ef38426f6a52d9861.php 第 117 行.
NOTIC: [8] Undefined index: orders E:\phpStudy\WWW\qcdk\Runtime\Cache\Admin\a59928c7e7aa0b1ef38426f6a52d9861.php 第 119 行.
NOTIC: [8] Undefined index: create_time E:\phpStudy\WWW\qcdk\Runtime\Cache\Admin\a59928c7e7aa0b1ef38426f6a52d9861.php 第 116 行.
NOTIC: [8] Undefined index: update_time E:\phpStudy\WWW\qcdk\Runtime\Cache\Admin\a59928c7e7aa0b1ef38426f6a52d9861.php 第 117 行.
NOTIC: [8] Undefined index: orders E:\phpStudy\WWW\qcdk\Runtime\Cache\Admin\a59928c7e7aa0b1ef38426f6a52d9861.php 第 119 行.
INFO: Run Behavior\ParseTemplateBehavior [ RunTime:0.009001s ]
INFO: [ view_parse ] --END-- [ RunTime:0.009001s ]
INFO: [ view_filter ] --START--
INFO: Run Behavior\WriteHtmlCacheBehavior [ RunTime:0.000000s ]
INFO: [ view_filter ] --END-- [ RunTime:0.000000s ]
INFO: [ app_end ] --START--
INFO: Run Behavior\ShowPageTraceBehavior [ RunTime:0.001000s ]
INFO: [ app_end ] --END-- [ RunTime:0.001000s ]

[ 2016-11-02T10:58:10+08:00 ] 127.0.0.1 /Admin/Admin/index/pid/2.html
INFO: [ app_init ] --START--
INFO: Run Behavior\BuildLiteBehavior [ RunTime:0.000000s ]
INFO: [ app_init ] --END-- [ RunTime:0.000000s ]
INFO: [ app_begin ] --START--
INFO: Run Behavior\ReadHtmlCacheBehavior [ RunTime:0.001000s ]
INFO: [ app_begin ] --END-- [ RunTime:0.001000s ]
SQL: SHOW COLUMNS FROM `qcdk_admin_user` [ RunTime:0.0040s ]
SQL: SELECT * FROM `qcdk_admin_user` WHERE ( id=1 ) LIMIT 1   [ RunTime:0.0010s ]
SQL: SHOW COLUMNS FROM `qcdk_admin_auth_group_access` [ RunTime:0.0030s ]
SQL: SELECT g.title FROM qcdk_admin_auth_group_access a INNER JOIN qcdk_admin_auth_group g ON a.group_id=g.id  WHERE a.uid = 1 LIMIT 1   [ RunTime:0.0010s ]
SQL: SHOW COLUMNS FROM `qcdk_admin_auth_group_access` [ RunTime:0.0020s ]
SQL: SELECT `group_id` FROM `qcdk_admin_auth_group_access` WHERE ( uid=1 ) LIMIT 1   [ RunTime:0.0000s ]
SQL: SHOW COLUMNS FROM `qcdk_admin_auth_group` [ RunTime:0.0040s ]
SQL: SELECT `rules` FROM `qcdk_admin_auth_group` WHERE ( id =1 ) LIMIT 1   [ RunTime:0.0000s ]
SQL: SHOW COLUMNS FROM `qcdk_admin_auth_rule` [ RunTime:0.0040s ]
SQL: SELECT * FROM `qcdk_admin_auth_rule` WHERE `status` = 1 ORDER BY sort asc  [ RunTime:0.0010s ]
NOTIC: [8] Undefined index: leve E:\phpStudy\WWW\qcdk\Application\Common\Controller\ABaseController.class.php 第 100 行.
NOTIC: [8] Undefined index: leve E:\phpStudy\WWW\qcdk\Application\Common\Controller\ABaseController.class.php 第 100 行.
NOTIC: [8] Undefined index: leve E:\phpStudy\WWW\qcdk\Application\Common\Controller\ABaseController.class.php 第 100 行.
SQL: SHOW COLUMNS FROM `qcdk_admin_auth_group_access` [ RunTime:0.0030s ]
SQL: SELECT `id`,`title` FROM `qcdk_admin_auth_group` WHERE `status` = 1  [ RunTime:0.0000s ]
SQL: SHOW COLUMNS FROM `qcdk_admin_user` [ RunTime:0.0030s ]
SQL: SELECT COUNT(*) AS tp_count FROM qcdk_admin_user u,qcdk_admin_auth_group g,qcdk_admin_auth_group_access a WHERE ( u.id = a.uid and a.group_id = g.id ) LIMIT 1   [ RunTime:0.0190s ]
SQL: SHOW COLUMNS FROM `qcdk_admin_user` [ RunTime:0.0020s ]
SQL: SELECT u.id,u.username,u.nickname,u.last_login_time,u.login_count,u.email,u.status,g.title FROM qcdk_admin_user u,qcdk_admin_auth_group g,qcdk_admin_auth_group_access a WHERE ( u.id = a.uid and a.group_id = g.id ) LIMIT 0,15   [ RunTime:0.0000s ]
INFO: [ view_parse ] --START--
INFO: [ template_filter ] --START--
INFO: Run Behavior\ContentReplaceBehavior [ RunTime:0.000000s ]
INFO: [ template_filter ] --END-- [ RunTime:0.000000s ]
NOTIC: [8] Use of undefined constant site_title - assumed 'site_title' E:\phpStudy\WWW\qcdk\Runtime\Cache\Admin\184f2a8bfccfe1f150393e98409e2b23.php 第 9 行.
NOTIC: [8] Undefined index: css E:\phpStudy\WWW\qcdk\Runtime\Cache\Admin\184f2a8bfccfe1f150393e98409e2b23.php 第 45 行.
NOTIC: [8] Undefined index: css E:\phpStudy\WWW\qcdk\Runtime\Cache\Admin\184f2a8bfccfe1f150393e98409e2b23.php 第 48 行.
NOTIC: [8] Undefined index: css E:\phpStudy\WWW\qcdk\Runtime\Cache\Admin\184f2a8bfccfe1f150393e98409e2b23.php 第 48 行.
NOTIC: [8] Undefined index: css E:\phpStudy\WWW\qcdk\Runtime\Cache\Admin\184f2a8bfccfe1f150393e98409e2b23.php 第 45 行.
NOTIC: [8] Undefined index: css E:\phpStudy\WWW\qcdk\Runtime\Cache\Admin\184f2a8bfccfe1f150393e98409e2b23.php 第 48 行.
NOTIC: [8] Undefined index: css E:\phpStudy\WWW\qcdk\Runtime\Cache\Admin\184f2a8bfccfe1f150393e98409e2b23.php 第 48 行.
NOTIC: [8] Undefined index: css E:\phpStudy\WWW\qcdk\Runtime\Cache\Admin\184f2a8bfccfe1f150393e98409e2b23.php 第 45 行.
NOTIC: [8] Undefined index: css E:\phpStudy\WWW\qcdk\Runtime\Cache\Admin\184f2a8bfccfe1f150393e98409e2b23.php 第 48 行.
NOTIC: [8] Undefined index: css E:\phpStudy\WWW\qcdk\Runtime\Cache\Admin\184f2a8bfccfe1f150393e98409e2b23.php 第 48 行.
NOTIC: [8] Undefined index: css E:\phpStudy\WWW\qcdk\Runtime\Cache\Admin\184f2a8bfccfe1f150393e98409e2b23.php 第 48 行.
NOTIC: [8] Undefined index: css E:\phpStudy\WWW\qcdk\Runtime\Cache\Admin\184f2a8bfccfe1f150393e98409e2b23.php 第 48 行.
INFO: Run Behavior\ParseTemplateBehavior [ RunTime:0.009001s ]
INFO: [ view_parse ] --END-- [ RunTime:0.009001s ]
INFO: [ view_filter ] --START--
INFO: Run Behavior\WriteHtmlCacheBehavior [ RunTime:0.000000s ]
INFO: [ view_filter ] --END-- [ RunTime:0.000000s ]
INFO: [ app_end ] --START--
INFO: Run Behavior\ShowPageTraceBehavior [ RunTime:0.001000s ]
INFO: [ app_end ] --END-- [ RunTime:0.001000s ]

[ 2016-11-02T10:58:12+08:00 ] 127.0.0.1 /Admin/Admin/index/pid/2.html
INFO: [ app_init ] --START--
INFO: Run Behavior\BuildLiteBehavior [ RunTime:0.000000s ]
INFO: [ app_init ] --END-- [ RunTime:0.001000s ]
INFO: [ app_begin ] --START--
INFO: Run Behavior\ReadHtmlCacheBehavior [ RunTime:0.001000s ]
INFO: [ app_begin ] --END-- [ RunTime:0.001000s ]
SQL: SHOW COLUMNS FROM `qcdk_admin_user` [ RunTime:0.0020s ]
SQL: SELECT * FROM `qcdk_admin_user` WHERE ( id=1 ) LIMIT 1   [ RunTime:0.0000s ]
SQL: SHOW COLUMNS FROM `qcdk_admin_auth_group_access` [ RunTime:0.0020s ]
SQL: SELECT g.title FROM qcdk_admin_auth_group_access a INNER JOIN qcdk_admin_auth_group g ON a.group_id=g.id  WHERE a.uid = 1 LIMIT 1   [ RunTime:0.0000s ]
SQL: SHOW COLUMNS FROM `qcdk_admin_auth_group_access` [ RunTime:0.0030s ]
SQL: SELECT `group_id` FROM `qcdk_admin_auth_group_access` WHERE ( uid=1 ) LIMIT 1   [ RunTime:0.0000s ]
SQL: SHOW COLUMNS FROM `qcdk_admin_auth_group` [ RunTime:0.0020s ]
SQL: SELECT `rules` FROM `qcdk_admin_auth_group` WHERE ( id =1 ) LIMIT 1   [ RunTime:0.0010s ]
SQL: SHOW COLUMNS FROM `qcdk_admin_auth_rule` [ RunTime:0.0020s ]
SQL: SELECT * FROM `qcdk_admin_auth_rule` WHERE `status` = 1 ORDER BY sort asc  [ RunTime:0.0010s ]
NOTIC: [8] Undefined index: leve E:\phpStudy\WWW\qcdk\Application\Common\Controller\ABaseController.class.php 第 100 行.
NOTIC: [8] Undefined index: leve E:\phpStudy\WWW\qcdk\Application\Common\Controller\ABaseController.class.php 第 100 行.
NOTIC: [8] Undefined index: leve E:\phpStudy\WWW\qcdk\Application\Common\Controller\ABaseController.class.php 第 100 行.
SQL: SHOW COLUMNS FROM `qcdk_admin_auth_group_access` [ RunTime:0.0020s ]
SQL: SELECT `id`,`title` FROM `qcdk_admin_auth_group` WHERE `status` = 1  [ RunTime:0.0000s ]
SQL: SHOW COLUMNS FROM `qcdk_admin_user` [ RunTime:0.0030s ]
SQL: SELECT COUNT(*) AS tp_count FROM qcdk_admin_user u,qcdk_admin_auth_group g,qcdk_admin_auth_group_access a WHERE ( u.id = a.uid and a.group_id = g.id ) LIMIT 1   [ RunTime:0.0000s ]
SQL: SHOW COLUMNS FROM `qcdk_admin_user` [ RunTime:0.0020s ]
SQL: SELECT u.id,u.username,u.nickname,u.last_login_time,u.login_count,u.email,u.status,g.title FROM qcdk_admin_user u,qcdk_admin_auth_group g,qcdk_admin_auth_group_access a WHERE ( u.id = a.uid and a.group_id = g.id ) LIMIT 0,15   [ RunTime:0.0010s ]
INFO: [ view_parse ] --START--
INFO: [ template_filter ] --START--
INFO: Run Behavior\ContentReplaceBehavior [ RunTime:0.000000s ]
INFO: [ template_filter ] --END-- [ RunTime:0.000000s ]
NOTIC: [8] Use of undefined constant site_title - assumed 'site_title' E:\phpStudy\WWW\qcdk\Runtime\Cache\Admin\184f2a8bfccfe1f150393e98409e2b23.php 第 9 行.
NOTIC: [8] Undefined index: css E:\phpStudy\WWW\qcdk\Runtime\Cache\Admin\184f2a8bfccfe1f150393e98409e2b23.php 第 45 行.
NOTIC: [8] Undefined index: css E:\phpStudy\WWW\qcdk\Runtime\Cache\Admin\184f2a8bfccfe1f150393e98409e2b23.php 第 48 行.
NOTIC: [8] Undefined index: css E:\phpStudy\WWW\qcdk\Runtime\Cache\Admin\184f2a8bfccfe1f150393e98409e2b23.php 第 48 行.
NOTIC: [8] Undefined index: css E:\phpStudy\WWW\qcdk\Runtime\Cache\Admin\184f2a8bfccfe1f150393e98409e2b23.php 第 45 行.
NOTIC: [8] Undefined index: css E:\phpStudy\WWW\qcdk\Runtime\Cache\Admin\184f2a8bfccfe1f150393e98409e2b23.php 第 48 行.
NOTIC: [8] Undefined index: css E:\phpStudy\WWW\qcdk\Runtime\Cache\Admin\184f2a8bfccfe1f150393e98409e2b23.php 第 48 行.
NOTIC: [8] Undefined index: css E:\phpStudy\WWW\qcdk\Runtime\Cache\Admin\184f2a8bfccfe1f150393e98409e2b23.php 第 45 行.
NOTIC: [8] Undefined index: css E:\phpStudy\WWW\qcdk\Runtime\Cache\Admin\184f2a8bfccfe1f150393e98409e2b23.php 第 48 行.
NOTIC: [8] Undefined index: css E:\phpStudy\WWW\qcdk\Runtime\Cache\Admin\184f2a8bfccfe1f150393e98409e2b23.php 第 48 行.
NOTIC: [8] Undefined index: css E:\phpStudy\WWW\qcdk\Runtime\Cache\Admin\184f2a8bfccfe1f150393e98409e2b23.php 第 48 行.
NOTIC: [8] Undefined index: css E:\phpStudy\WWW\qcdk\Runtime\Cache\Admin\184f2a8bfccfe1f150393e98409e2b23.php 第 48 行.
INFO: Run Behavior\ParseTemplateBehavior [ RunTime:0.008000s ]
INFO: [ view_parse ] --END-- [ RunTime:0.008000s ]
INFO: [ view_filter ] --START--
INFO: Run Behavior\WriteHtmlCacheBehavior [ RunTime:0.000000s ]
INFO: [ view_filter ] --END-- [ RunTime:0.000000s ]
INFO: [ app_end ] --START--
INFO: Run Behavior\ShowPageTraceBehavior [ RunTime:0.000000s ]
INFO: [ app_end ] --END-- [ RunTime:0.000000s ]

[ 2016-11-02T10:58:14+08:00 ] 127.0.0.1 /Admin/Role/index/pid/2.html
INFO: [ app_init ] --START--
INFO: Run Behavior\BuildLiteBehavior [ RunTime:0.000000s ]
INFO: [ app_init ] --END-- [ RunTime:0.000000s ]
INFO: [ app_begin ] --START--
INFO: Run Behavior\ReadHtmlCacheBehavior [ RunTime:0.001000s ]
INFO: [ app_begin ] --END-- [ RunTime:0.001000s ]
SQL: SHOW COLUMNS FROM `qcdk_admin_user` [ RunTime:0.0020s ]
SQL: SELECT * FROM `qcdk_admin_user` WHERE ( id=1 ) LIMIT 1   [ RunTime:0.0000s ]
SQL: SHOW COLUMNS FROM `qcdk_admin_auth_group_access` [ RunTime:0.0050s ]
SQL: SELECT g.title FROM qcdk_admin_auth_group_access a INNER JOIN qcdk_admin_auth_group g ON a.group_id=g.id  WHERE a.uid = 1 LIMIT 1   [ RunTime:0.0000s ]
SQL: SHOW COLUMNS FROM `qcdk_admin_auth_group_access` [ RunTime:0.0020s ]
SQL: SELECT `group_id` FROM `qcdk_admin_auth_group_access` WHERE ( uid=1 ) LIMIT 1   [ RunTime:0.0000s ]
SQL: SHOW COLUMNS FROM `qcdk_admin_auth_group` [ RunTime:0.0020s ]
SQL: SELECT `rules` FROM `qcdk_admin_auth_group` WHERE ( id =1 ) LIMIT 1   [ RunTime:0.0000s ]
SQL: SHOW COLUMNS FROM `qcdk_admin_auth_rule` [ RunTime:0.0020s ]
SQL: SELECT * FROM `qcdk_admin_auth_rule` WHERE `status` = 1 ORDER BY sort asc  [ RunTime:0.0000s ]
NOTIC: [8] Undefined index: leve E:\phpStudy\WWW\qcdk\Application\Common\Controller\ABaseController.class.php 第 100 行.
NOTIC: [8] Undefined index: leve E:\phpStudy\WWW\qcdk\Application\Common\Controller\ABaseController.class.php 第 100 行.
NOTIC: [8] Undefined index: leve E:\phpStudy\WWW\qcdk\Application\Common\Controller\ABaseController.class.php 第 100 行.
SQL: SHOW COLUMNS FROM `qcdk_admin_auth_group_access` [ RunTime:0.0010s ]
SQL: SELECT COUNT(*) AS tp_count FROM `qcdk_admin_auth_group` LIMIT 1   [ RunTime:0.0010s ]
SQL: SELECT * FROM `qcdk_admin_auth_group` ORDER BY create_time DESC LIMIT 0,15   [ RunTime:0.0000s ]
INFO: [ view_parse ] --START--
INFO: [ template_filter ] --START--
INFO: Run Behavior\ContentReplaceBehavior [ RunTime:0.000000s ]
INFO: [ template_filter ] --END-- [ RunTime:0.000000s ]
NOTIC: [8] Use of undefined constant site_title - assumed 'site_title' E:\phpStudy\WWW\qcdk\Runtime\Cache\Admin\0251a20c0e8e97eed31d21a623f46cca.php 第 9 行.
NOTIC: [8] Undefined index: css E:\phpStudy\WWW\qcdk\Runtime\Cache\Admin\0251a20c0e8e97eed31d21a623f46cca.php 第 45 行.
NOTIC: [8] Undefined index: css E:\phpStudy\WWW\qcdk\Runtime\Cache\Admin\0251a20c0e8e97eed31d21a623f46cca.php 第 48 行.
NOTIC: [8] Undefined index: css E:\phpStudy\WWW\qcdk\Runtime\Cache\Admin\0251a20c0e8e97eed31d21a623f46cca.php 第 48 行.
NOTIC: [8] Undefined index: css E:\phpStudy\WWW\qcdk\Runtime\Cache\Admin\0251a20c0e8e97eed31d21a623f46cca.php 第 45 行.
NOTIC: [8] Undefined index: css E:\phpStudy\WWW\qcdk\Runtime\Cache\Admin\0251a20c0e8e97eed31d21a623f46cca.php 第 48 行.
NOTIC: [8] Undefined index: css E:\phpStudy\WWW\qcdk\Runtime\Cache\Admin\0251a20c0e8e97eed31d21a623f46cca.php 第 48 行.
NOTIC: [8] Undefined index: css E:\phpStudy\WWW\qcdk\Runtime\Cache\Admin\0251a20c0e8e97eed31d21a623f46cca.php 第 45 行.
NOTIC: [8] Undefined index: css E:\phpStudy\WWW\qcdk\Runtime\Cache\Admin\0251a20c0e8e97eed31d21a623f46cca.php 第 48 行.
NOTIC: [8] Undefined index: css E:\phpStudy\WWW\qcdk\Runtime\Cache\Admin\0251a20c0e8e97eed31d21a623f46cca.php 第 48 行.
NOTIC: [8] Undefined index: css E:\phpStudy\WWW\qcdk\Runtime\Cache\Admin\0251a20c0e8e97eed31d21a623f46cca.php 第 48 行.
NOTIC: [8] Undefined index: css E:\phpStudy\WWW\qcdk\Runtime\Cache\Admin\0251a20c0e8e97eed31d21a623f46cca.php 第 48 行.
INFO: Run Behavior\ParseTemplateBehavior [ RunTime:0.010001s ]
INFO: [ view_parse ] --END-- [ RunTime:0.010001s ]
INFO: [ view_filter ] --START--
INFO: Run Behavior\WriteHtmlCacheBehavior [ RunTime:0.000000s ]
INFO: [ view_filter ] --END-- [ RunTime:0.000000s ]
INFO: [ app_end ] --START--
INFO: Run Behavior\ShowPageTraceBehavior [ RunTime:0.000000s ]
INFO: [ app_end ] --END-- [ RunTime:0.000000s ]

[ 2016-11-02T10:58:15+08:00 ] 127.0.0.1 /Admin/Node/index/pid/2.html
INFO: [ app_init ] --START--
INFO: Run Behavior\BuildLiteBehavior [ RunTime:0.000000s ]
INFO: [ app_init ] --END-- [ RunTime:0.000000s ]
INFO: [ app_begin ] --START--
INFO: Run Behavior\ReadHtmlCacheBehavior [ RunTime:0.001000s ]
INFO: [ app_begin ] --END-- [ RunTime:0.001000s ]
SQL: SHOW COLUMNS FROM `qcdk_admin_user` [ RunTime:0.0020s ]
SQL: SELECT * FROM `qcdk_admin_user` WHERE ( id=1 ) LIMIT 1   [ RunTime:0.0000s ]
SQL: SHOW COLUMNS FROM `qcdk_admin_auth_group_access` [ RunTime:0.0020s ]
SQL: SELECT g.title FROM qcdk_admin_auth_group_access a INNER JOIN qcdk_admin_auth_group g ON a.group_id=g.id  WHERE a.uid = 1 LIMIT 1   [ RunTime:0.0000s ]
SQL: SHOW COLUMNS FROM `qcdk_admin_auth_group_access` [ RunTime:0.0020s ]
SQL: SELECT `group_id` FROM `qcdk_admin_auth_group_access` WHERE ( uid=1 ) LIMIT 1   [ RunTime:0.0000s ]
SQL: SHOW COLUMNS FROM `qcdk_admin_auth_group` [ RunTime:0.0010s ]
SQL: SELECT `rules` FROM `qcdk_admin_auth_group` WHERE ( id =1 ) LIMIT 1   [ RunTime:0.0010s ]
SQL: SHOW COLUMNS FROM `qcdk_admin_auth_rule` [ RunTime:0.0010s ]
SQL: SELECT * FROM `qcdk_admin_auth_rule` WHERE `status` = 1 ORDER BY sort asc  [ RunTime:0.0000s ]
NOTIC: [8] Undefined index: leve E:\phpStudy\WWW\qcdk\Application\Common\Controller\ABaseController.class.php 第 100 行.
NOTIC: [8] Undefined index: leve E:\phpStudy\WWW\qcdk\Application\Common\Controller\ABaseController.class.php 第 100 行.
NOTIC: [8] Undefined index: leve E:\phpStudy\WWW\qcdk\Application\Common\Controller\ABaseController.class.php 第 100 行.
SQL: SELECT `id`,`title` FROM `qcdk_admin_auth_rule` WHERE ( pid =0 )  [ RunTime:0.0010s ]
SQL: SHOW COLUMNS FROM `qcdk_admin_auth_rule` [ RunTime:0.0030s ]
NOTIC: [8] Undefined offset: 3 E:\phpStudy\WWW\qcdk\Core\Library\Org\Util\Category.class.php 第 39 行.
SQL: SELECT * FROM `qcdk_admin_auth_rule` ORDER BY sort asc  [ RunTime:0.0010s ]
INFO: [ view_parse ] --START--
INFO: [ template_filter ] --START--
INFO: Run Behavior\ContentReplaceBehavior [ RunTime:0.000000s ]
INFO: [ template_filter ] --END-- [ RunTime:0.000000s ]
NOTIC: [8] Use of undefined constant site_title - assumed 'site_title' E:\phpStudy\WWW\qcdk\Runtime\Cache\Admin\71b9bafcc1062a114978adcdbd81e0f8.php 第 9 行.
NOTIC: [8] Undefined index: css E:\phpStudy\WWW\qcdk\Runtime\Cache\Admin\71b9bafcc1062a114978adcdbd81e0f8.php 第 45 行.
NOTIC: [8] Undefined index: css E:\phpStudy\WWW\qcdk\Runtime\Cache\Admin\71b9bafcc1062a114978adcdbd81e0f8.php 第 48 行.
NOTIC: [8] Undefined index: css E:\phpStudy\WWW\qcdk\Runtime\Cache\Admin\71b9bafcc1062a114978adcdbd81e0f8.php 第 48 行.
NOTIC: [8] Undefined index: css E:\phpStudy\WWW\qcdk\Runtime\Cache\Admin\71b9bafcc1062a114978adcdbd81e0f8.php 第 45 行.
NOTIC: [8] Undefined index: css E:\phpStudy\WWW\qcdk\Runtime\Cache\Admin\71b9bafcc1062a114978adcdbd81e0f8.php 第 48 行.
NOTIC: [8] Undefined index: css E:\phpStudy\WWW\qcdk\Runtime\Cache\Admin\71b9bafcc1062a114978adcdbd81e0f8.php 第 48 行.
NOTIC: [8] Undefined index: css E:\phpStudy\WWW\qcdk\Runtime\Cache\Admin\71b9bafcc1062a114978adcdbd81e0f8.php 第 45 行.
NOTIC: [8] Undefined index: css E:\phpStudy\WWW\qcdk\Runtime\Cache\Admin\71b9bafcc1062a114978adcdbd81e0f8.php 第 48 行.
NOTIC: [8] Undefined index: css E:\phpStudy\WWW\qcdk\Runtime\Cache\Admin\71b9bafcc1062a114978adcdbd81e0f8.php 第 48 行.
NOTIC: [8] Undefined index: css E:\phpStudy\WWW\qcdk\Runtime\Cache\Admin\71b9bafcc1062a114978adcdbd81e0f8.php 第 48 行.
NOTIC: [8] Undefined index: css E:\phpStudy\WWW\qcdk\Runtime\Cache\Admin\71b9bafcc1062a114978adcdbd81e0f8.php 第 48 行.
INFO: Run Behavior\ParseTemplateBehavior [ RunTime:0.010001s ]
INFO: [ view_parse ] --END-- [ RunTime:0.010001s ]
INFO: [ view_filter ] --START--
INFO: Run Behavior\WriteHtmlCacheBehavior [ RunTime:0.000000s ]
INFO: [ view_filter ] --END-- [ RunTime:0.000000s ]
INFO: [ app_end ] --START--
INFO: Run Behavior\ShowPageTraceBehavior [ RunTime:0.001000s ]
INFO: [ app_end ] --END-- [ RunTime:0.001000s ]

